2025-10-06 10:55:29,986 - INFO - ================================================================================
2025-10-06 10:55:29,986 - INFO - SDGNN with Motif-based Higher-order Learning (Enhanced)
2025-10-06 10:55:29,986 - INFO - ================================================================================
2025-10-06 10:55:29,986 - INFO - NUM_NODE: 3783
2025-10-06 10:55:29,986 - INFO - WEIGHT_DECAY: 0.0001
2025-10-06 10:55:29,986 - INFO - NODE_FEAT_SIZE: 20
2025-10-06 10:55:29,986 - INFO - EMBEDDING_SIZE: 20
2025-10-06 10:55:29,986 - INFO - LEARNING_RATE: 0.001
2025-10-06 10:55:29,986 - INFO - BATCH_SIZE: 500
2025-10-06 10:55:29,986 - INFO - EPOCHS: 40
2025-10-06 10:55:29,986 - INFO - DROPOUT: 0.0
2025-10-06 10:55:29,986 - INFO - AGGREGATOR: mean
2025-10-06 10:55:30,002 - INFO - ALPHA: 0.05
2025-10-06 10:55:30,002 - INFO - BETA: 0.005
2025-10-06 10:55:30,002 - INFO - DEVICE: cpu
2025-10-06 10:55:30,002 - INFO - ================================================================================
2025-10-06 10:55:30,002 - INFO - Starting training for dataset: bitcoin_alpha, fold: 1
2025-10-06 10:55:30,003 - INFO - Configuration: {'devices': 'cpu', 'seed': 13, 'epochs': 40, 'lr': 0.001, 'weight_decay': 0.0001, 'dataset': 'bitcoin_alpha', 'dim': 20, 'fea_dim': 20, 'batch_size': 500, 'dropout': 0.0, 'k': '1', 'agg': 'mean', 'alpha': 0.05, 'beta': 0.005, 'max_pos_per_u': 50, 'max_neg_per_u': 50, 'eval_every': 5, 'patience': 12, 'warmup_epochs': 5, 'use_cache': True, 'lr_schedule': True, 'grad_clip': 5.0, 'triad_samples': 500, 'triad_prob': 0.6, 'motif_scale': 1.0, 'motif_loss_type': 'logistic', 'motif_gamma': 0.15, 'use_motif_channels': True}
2025-10-06 10:55:30,029 - INFO - Data loaded in 0.03s
2025-10-06 10:55:30,029 - INFO - Building motif structures...
2025-10-06 10:55:30,161 - INFO - Sampled 26601 triads
2025-10-06 10:55:31,018 - INFO - [motif:out_in_pos] shape=(3786, 3786), nnz=5155, density=0.000360, range=(0.00036724201248487977, 0.9999999998076923)
2025-10-06 10:55:31,018 - INFO - [motif:out_in_neg] shape=(3786, 3786), nnz=454, density=0.000032, range=(0.003496503496381241, 0.999999999909091)
2025-10-06 10:55:31,018 - INFO - [motif:co_out] shape=(3786, 3786), nnz=38406, density=0.002679, range=(3.131164480069158e-05, 0.9999999996153845)
2025-10-06 10:55:31,018 - INFO - [motif:co_in] shape=(3786, 3786), nnz=42270, density=0.002949, range=(3.249601923763283e-05, 0.9999999991666666)
2025-10-06 10:55:31,018 - INFO - Triads indexed for 2475 unique nodes
2025-10-06 10:55:31,018 - INFO - Motif structures built in 0.99s
2025-10-06 10:55:31,041 - ERROR - Training failed with error: name 'motif_keys' is not defined
2025-10-06 10:55:31,045 - ERROR - Traceback (most recent call last):
  File "C:\Users\Makan\Documents\code\SDMAE\sdgnn.py", line 1311, in main
    run(dataset=dataset, k=1)
  File "C:\Users\Makan\Documents\code\SDMAE\sdgnn.py", line 1044, in run
    for key in motif_keys:
               ^^^^^^^^^^
NameError: name 'motif_keys' is not defined

