2025-10-06 10:27:47,238 - INFO - ================================================================================
2025-10-06 10:27:47,238 - INFO - SDGNN with Motif-based Higher-order Learning (Enhanced)
2025-10-06 10:27:47,238 - INFO - ================================================================================
2025-10-06 10:27:47,238 - INFO - NUM_NODE: 3783
2025-10-06 10:27:47,238 - INFO - WEIGHT_DECAY: 0.0001
2025-10-06 10:27:47,238 - INFO - NODE_FEAT_SIZE: 20
2025-10-06 10:27:47,238 - INFO - EMBEDDING_SIZE: 20
2025-10-06 10:27:47,238 - INFO - LEARNING_RATE: 0.001
2025-10-06 10:27:47,238 - INFO - BATCH_SIZE: 500
2025-10-06 10:27:47,238 - INFO - EPOCHS: 50
2025-10-06 10:27:47,238 - INFO - DROPOUT: 0.0
2025-10-06 10:27:47,238 - INFO - AGGREGATOR: mean
2025-10-06 10:27:47,238 - INFO - ALPHA: 0.02
2025-10-06 10:27:47,238 - INFO - BETA: 0.02
2025-10-06 10:27:47,238 - INFO - DEVICE: cpu
2025-10-06 10:27:47,238 - INFO - ================================================================================
2025-10-06 10:27:47,238 - INFO - Starting training for dataset: bitcoin_alpha, fold: 1
2025-10-06 10:27:47,238 - INFO - Configuration: {'devices': 'cpu', 'seed': 13, 'epochs': 50, 'lr': 0.001, 'weight_decay': 0.0001, 'dataset': 'bitcoin_alpha', 'dim': 20, 'fea_dim': 20, 'batch_size': 500, 'dropout': 0.0, 'k': '0', 'agg': 'mean', 'alpha': 0.02, 'beta': 0.02, 'max_pos_per_u': 50, 'max_neg_per_u': 50, 'eval_every': 2, 'patience': 10, 'warmup_epochs': 5, 'use_cache': True, 'lr_schedule': True, 'grad_clip': 5.0, 'triad_samples': 500, 'triad_prob': 0.6, 'motif_scale': 1.0, 'motif_loss_type': 'l2', 'motif_gamma': 0.2, 'use_motif_channels': True}
2025-10-06 10:27:47,268 - INFO - Data loaded in 0.03s
2025-10-06 10:27:47,268 - INFO - Building motif structures...
2025-10-06 10:27:47,410 - INFO - Sampled 26601 triads
2025-10-06 10:27:48,258 - INFO - [motif:out_in_pos] nnz=5155, mean=0.988846
2025-10-06 10:27:48,260 - INFO - [motif:out_in_neg] nnz=454, mean=0.986079
2025-10-06 10:27:48,262 - INFO - [motif:co_out] nnz=38406, mean=0.917270
2025-10-06 10:27:48,264 - INFO - [motif:co_in] nnz=42270, mean=0.920956
2025-10-06 10:27:48,264 - INFO - [motif:out_in_pos] shape=(3786, 3786), nnz=5155, density=0.000360, range=(3.36766933529071e-07, 8.767296848057596)
2025-10-06 10:27:48,264 - INFO - [motif:out_in_neg] shape=(3786, 3786), nnz=454, density=0.000032, range=(1.2105319141697437e-06, 6.065624112467059)
2025-10-06 10:27:48,264 - INFO - [motif:co_out] shape=(3786, 3786), nnz=38406, density=0.002679, range=(0.00949551145222233, 11.376564757448685)
2025-10-06 10:27:48,265 - INFO - [motif:co_in] shape=(3786, 3786), nnz=42270, density=0.002949, range=(0.00825434982491503, 11.268538269436528)
2025-10-06 10:27:48,265 - INFO - Triads indexed for 2475 unique nodes
2025-10-06 10:27:48,265 - INFO - Motif structures built in 1.00s
2025-10-06 10:27:48,280 - INFO - Motif channels added with gamma=0.2 (total channels=8)
2025-10-06 10:27:49,287 - INFO - Total initialization time: 2.05s
2025-10-06 10:27:49,287 - INFO - Starting training...
2025-10-06 10:27:49,302 - ERROR - Training failed with error: list index out of range
2025-10-06 10:27:49,304 - ERROR - Traceback (most recent call last):
  File "C:\Users\Makan\Documents\code\SDMAE\sdgnn.py", line 1282, in main
    run(dataset=dataset, k=1)
  File "C:\Users\Makan\Documents\code\SDMAE\sdgnn.py", line 1077, in run
    embed = model.forward(list(range(i, min(i + BATCH_SIZE, NUM_NODE))))
            ^^^^^^^^^^^^^^^^^^^^^^^^^^^^^^^^^^^^^^^^^^^^^^^^^^^^^^^^^^^^
  File "C:\Users\Makan\Documents\code\SDMAE\sdgnn.py", line 695, in forward
    embeds = self.enc(nodes)
             ^^^^^^^^^^^^^^^
  File "C:\Users\Makan\anaconda3\envs\torchcuda\Lib\site-packages\torch\nn\modules\module.py", line 1751, in _wrapped_call_impl
    return self._call_impl(*args, **kwargs)
           ^^^^^^^^^^^^^^^^^^^^^^^^^^^^^^^^
  File "C:\Users\Makan\anaconda3\envs\torchcuda\Lib\site-packages\torch\nn\modules\module.py", line 1762, in _call_impl
    return forward_call(*args, **kwargs)
           ^^^^^^^^^^^^^^^^^^^^^^^^^^^^^
  File "C:\Users\Makan\Documents\code\SDMAE\sdgnn.py", line 561, in forward
    nf = agg(nodes, adj, ch_idx)
         ^^^^^^^^^^^^^^^^^^^^^^^
  File "C:\Users\Makan\anaconda3\envs\torchcuda\Lib\site-packages\torch\nn\modules\module.py", line 1751, in _wrapped_call_impl
    return self._call_impl(*args, **kwargs)
           ^^^^^^^^^^^^^^^^^^^^^^^^^^^^^^^^
  File "C:\Users\Makan\anaconda3\envs\torchcuda\Lib\site-packages\torch\nn\modules\module.py", line 1762, in _call_impl
    return forward_call(*args, **kwargs)
           ^^^^^^^^^^^^^^^^^^^^^^^^^^^^^
  File "C:\Users\Makan\Documents\code\SDMAE\sdgnn.py", line 660, in forward
    new_embeddings = self.out_linear_layer(self.features(n2))
                                           ^^^^^^^^^^^^^^^^^
  File "C:\Users\Makan\Documents\code\SDMAE\sdgnn.py", line 1036, in <lambda>
    aggs2_all = [aggregator(lambda n: enc1(n), EMBEDDING_SIZE1, EMBEDDING_SIZE1, num_nodes) for _ in all_adj_lists]
                                      ^^^^^^^
  File "C:\Users\Makan\anaconda3\envs\torchcuda\Lib\site-packages\torch\nn\modules\module.py", line 1751, in _wrapped_call_impl
    return self._call_impl(*args, **kwargs)
           ^^^^^^^^^^^^^^^^^^^^^^^^^^^^^^^^
  File "C:\Users\Makan\anaconda3\envs\torchcuda\Lib\site-packages\torch\nn\modules\module.py", line 1762, in _call_impl
    return forward_call(*args, **kwargs)
           ^^^^^^^^^^^^^^^^^^^^^^^^^^^^^
  File "C:\Users\Makan\Documents\code\SDMAE\sdgnn.py", line 561, in forward
    nf = agg(nodes, adj, ch_idx)
         ^^^^^^^^^^^^^^^^^^^^^^^
  File "C:\Users\Makan\anaconda3\envs\torchcuda\Lib\site-packages\torch\nn\modules\module.py", line 1751, in _wrapped_call_impl
    return self._call_impl(*args, **kwargs)
           ^^^^^^^^^^^^^^^^^^^^^^^^^^^^^^^^
  File "C:\Users\Makan\anaconda3\envs\torchcuda\Lib\site-packages\torch\nn\modules\module.py", line 1762, in _call_impl
    return forward_call(*args, **kwargs)
           ^^^^^^^^^^^^^^^^^^^^^^^^^^^^^
  File "C:\Users\Makan\Documents\code\SDMAE\sdgnn.py", line 664, in forward
    torch.FloatTensor([mask[ind]]).to(DEVICES),
                       ~~~~^^^^^
IndexError: list index out of range

