2025-10-01 18:40:08,242 - INFO - ================================================================================
2025-10-01 18:40:08,242 - INFO - SDGNN with Motif-based Higher-order Learning (Enhanced)
2025-10-01 18:40:08,242 - INFO - ================================================================================
2025-10-01 18:40:08,242 - INFO - NUM_NODE: 3783
2025-10-01 18:40:08,242 - INFO - WEIGHT_DECAY: 0.001
2025-10-01 18:40:08,242 - INFO - NODE_FEAT_SIZE: 20
2025-10-01 18:40:08,242 - INFO - EMBEDDING_SIZE: 20
2025-10-01 18:40:08,243 - INFO - LEARNING_RATE: 0.001
2025-10-01 18:40:08,243 - INFO - BATCH_SIZE: 500
2025-10-01 18:40:08,243 - INFO - EPOCHS: 100
2025-10-01 18:40:08,243 - INFO - DROPOUT: 0.0
2025-10-01 18:40:08,243 - INFO - AGGREGATOR: attention
2025-10-01 18:40:08,243 - INFO - ALPHA: 0.01
2025-10-01 18:40:08,243 - INFO - BETA: 0.7
2025-10-01 18:40:08,243 - INFO - DEVICE: cpu
2025-10-01 18:40:08,243 - INFO - ================================================================================
2025-10-01 18:40:08,244 - INFO - Starting training for dataset: bitcoin_alpha, fold: 1
2025-10-01 18:40:08,244 - INFO - Configuration: {'devices': 'cpu', 'seed': 13, 'epochs': 100, 'lr': 0.001, 'weight_decay': 0.001, 'dataset': 'bitcoin_alpha', 'dim': 20, 'fea_dim': 20, 'batch_size': 500, 'dropout': 0.0, 'k': '1', 'agg': 'attention', 'alpha': 0.01, 'beta': 0.7, 'max_pos_per_u': 50, 'max_neg_per_u': 50, 'eval_every': 5, 'patience': 15, 'warmup_epochs': 3, 'use_cache': True, 'lr_schedule': True, 'grad_clip': 5.0, 'triad_samples': 500, 'triad_prob': 0.6, 'motif_scale': 1.0, 'motif_loss_type': 'l2'}
2025-10-01 18:40:08,263 - INFO - Data loaded in 0.02s
2025-10-01 18:40:08,263 - INFO - Building motif structures...
2025-10-01 18:40:08,374 - INFO - Sampled 26601 triads
2025-10-01 18:40:08,558 - INFO - Motif adjacency shape: (3783, 3783)
2025-10-01 18:40:08,558 - INFO - Motif adjacency nnz (non-zeros): 58932
2025-10-01 18:40:08,558 - INFO - Motif adjacency density: 0.004118
2025-10-01 18:40:08,558 - INFO - Motif adjacency value range: [1.0000, 228.0000]
2025-10-01 18:40:08,561 - INFO - After normalization - nnz: 58932
2025-10-01 18:40:08,561 - INFO - After normalization - value range: [0.011977, 31.025095]
2025-10-01 18:40:08,561 - INFO - After normalization - mean value: 1.000000
2025-10-01 18:40:08,562 - INFO - After normalization - median value: 0.442089
2025-10-01 18:40:08,562 - INFO - COO arrays - rows: 58932, cols: 58932, vals: 58932
2025-10-01 18:40:08,562 - INFO - Node ID range in motif matrix: [11, 3762]
2025-10-01 18:40:08,562 - INFO - Training graph has nodes: 0 to 3782
2025-10-01 18:40:08,569 - INFO - Training nodes in motif matrix: 2475 / 3783 (65.4%)
2025-10-01 18:40:08,577 - INFO - Triads indexed for 2475 unique nodes
2025-10-01 18:40:08,579 - INFO - Motif structures built in 0.32s
2025-10-01 18:40:08,580 - INFO - Computing edge weights...
2025-10-01 18:40:09,116 - INFO - Edge weights computed in 0.54s
2025-10-01 18:40:10,211 - INFO - Total initialization time: 1.97s
2025-10-01 18:40:10,211 - INFO - Starting training...
2025-10-01 18:40:10,483 - INFO - pull_energy=0.027355
2025-10-01 18:40:10,503 - INFO - dot_pos_mu=4.445±0.167, dot_neg_mu=4.440±0.169
2025-10-01 18:40:13,939 - INFO - Epoch 0: epoch=0, accuracy=0.5909, f1_micro=0.7314, f1_macro=0.4368, f1_weighted=0.5909, auc=0.6017, eval_time=3.7279
2025-10-01 18:40:19,499 - INFO - Epoch 0: epoch=0, loss=0.3580, edge_loss=0.3580, motif_loss=0.0000, triad_loss=0.0000, alpha=0.0000, beta=0.0000, train_time=5.5455, epoch_time=9.2879, lr=0.0010, cache_hits=0, cache_misses=7000, cache_hit_rate=0.0000, cache_cache_size=7000
2025-10-01 18:40:28,908 - INFO -   Note: Motif loss is 0.00004956 (very small, may show as 0.0000)
2025-10-01 18:40:28,908 - INFO - Epoch 1: epoch=1, loss=0.3744, edge_loss=0.3209, motif_loss=0.0000, triad_loss=0.0535, alpha=0.0025, beta=0.1750, train_time=9.4084, epoch_time=9.4084, lr=0.0010, cache_hits=6476, cache_misses=7524, cache_hit_rate=0.4626, cache_cache_size=7524
2025-10-01 18:40:38,462 - INFO - Epoch 2: epoch=2, loss=0.4386, edge_loss=0.2967, motif_loss=0.0002, triad_loss=0.1417, alpha=0.0075, beta=0.5250, train_time=9.5543, epoch_time=9.5543, lr=0.0010, cache_hits=13440, cache_misses=7560, cache_hit_rate=0.6400, cache_cache_size=7560
2025-10-01 18:40:47,719 - INFO - Epoch 3: epoch=3, loss=0.4662, edge_loss=0.2881, motif_loss=0.0005, triad_loss=0.1777, alpha=0.0100, beta=0.7000, train_time=9.2557, epoch_time=9.2567, lr=0.0010, cache_hits=20434, cache_misses=7566, cache_hit_rate=0.7298, cache_cache_size=7566
2025-10-01 18:40:57,192 - INFO - Epoch 4: epoch=4, loss=0.4095, edge_loss=0.2533, motif_loss=0.0012, triad_loss=0.1551, alpha=0.0100, beta=0.7000, train_time=9.4735, epoch_time=9.4735, lr=0.0010, cache_hits=27434, cache_misses=7566, cache_hit_rate=0.7838, cache_cache_size=7566
2025-10-01 18:40:57,441 - INFO - pull_energy=0.214833
2025-10-01 18:40:57,482 - INFO - dot_pos_mu=3.289±0.967, dot_neg_mu=1.695±0.558
2025-10-01 18:41:00,452 - INFO - Epoch 5: epoch=5, accuracy=0.8456, f1_micro=0.9125, f1_macro=0.6289, f1_weighted=0.8456, auc=0.8661, eval_time=3.2599
2025-10-01 18:41:09,743 - INFO - Epoch 5: epoch=5, loss=0.3497, edge_loss=0.2176, motif_loss=0.0033, triad_loss=0.1288, alpha=0.0100, beta=0.7000, train_time=9.2852, epoch_time=12.5504, lr=0.0010, cache_hits=34434, cache_misses=7566, cache_hit_rate=0.8199, cache_cache_size=7566
2025-10-01 18:41:19,348 - INFO - Epoch 6: epoch=6, loss=0.3058, edge_loss=0.1947, motif_loss=0.0072, triad_loss=0.1039, alpha=0.0100, beta=0.7000, train_time=9.6048, epoch_time=9.6048, lr=0.0010, cache_hits=41434, cache_misses=7566, cache_hit_rate=0.8456, cache_cache_size=7566
2025-10-01 18:41:28,840 - INFO - Epoch 7: epoch=7, loss=0.2623, edge_loss=0.1659, motif_loss=0.0116, triad_loss=0.0848, alpha=0.0100, beta=0.7000, train_time=9.4918, epoch_time=9.4918, lr=0.0010, cache_hits=48434, cache_misses=7566, cache_hit_rate=0.8649, cache_cache_size=7566
2025-10-01 18:41:38,187 - INFO - Epoch 8: epoch=8, loss=0.2474, edge_loss=0.1563, motif_loss=0.0139, triad_loss=0.0772, alpha=0.0100, beta=0.7000, train_time=9.3470, epoch_time=9.3470, lr=0.0010, cache_hits=55434, cache_misses=7566, cache_hit_rate=0.8799, cache_cache_size=7566
2025-10-01 18:41:47,708 - INFO - Epoch 9: epoch=9, loss=0.2380, edge_loss=0.1481, motif_loss=0.0139, triad_loss=0.0759, alpha=0.0100, beta=0.7000, train_time=9.5212, epoch_time=9.5212, lr=0.0010, cache_hits=62434, cache_misses=7566, cache_hit_rate=0.8919, cache_cache_size=7566
2025-10-01 18:41:47,983 - INFO - pull_energy=1.494924
2025-10-01 18:41:48,007 - INFO - dot_pos_mu=5.059±2.505, dot_neg_mu=0.088±1.496
2025-10-01 18:41:50,961 - INFO - Epoch 10: epoch=10, accuracy=0.8780, f1_micro=0.9322, f1_macro=0.6651, f1_weighted=0.8780, auc=0.8795, eval_time=3.2526
2025-10-01 18:41:56,622 - WARNING - Training interrupted by user
