2025-10-02 19:41:30,559 - INFO - ================================================================================
2025-10-02 19:41:30,559 - INFO - SDGNN with Motif-based Higher-order Learning (Enhanced)
2025-10-02 19:41:30,559 - INFO - ================================================================================
2025-10-02 19:41:30,559 - INFO - NUM_NODE: 3783
2025-10-02 19:41:30,560 - INFO - WEIGHT_DECAY: 0.001
2025-10-02 19:41:30,560 - INFO - NODE_FEAT_SIZE: 20
2025-10-02 19:41:30,560 - INFO - EMBEDDING_SIZE: 20
2025-10-02 19:41:30,560 - INFO - LEARNING_RATE: 0.001
2025-10-02 19:41:30,560 - INFO - BATCH_SIZE: 500
2025-10-02 19:41:30,560 - INFO - EPOCHS: 50
2025-10-02 19:41:30,560 - INFO - DROPOUT: 0.0
2025-10-02 19:41:30,560 - INFO - AGGREGATOR: attention
2025-10-02 19:41:30,560 - INFO - ALPHA: 0.05
2025-10-02 19:41:30,560 - INFO - BETA: 0.01
2025-10-02 19:41:30,560 - INFO - DEVICE: cpu
2025-10-02 19:41:30,560 - INFO - ================================================================================
2025-10-02 19:41:30,561 - INFO - Starting training for dataset: bitcoin_alpha, fold: 1
2025-10-02 19:41:30,561 - INFO - Configuration: {'devices': 'cpu', 'seed': 13, 'epochs': 50, 'lr': 0.001, 'weight_decay': 0.001, 'dataset': 'bitcoin_alpha', 'dim': 20, 'fea_dim': 20, 'batch_size': 500, 'dropout': 0.0, 'k': '1', 'agg': 'attention', 'alpha': 0.05, 'beta': 0.01, 'max_pos_per_u': 50, 'max_neg_per_u': 50, 'eval_every': 5, 'patience': 15, 'warmup_epochs': 5, 'use_cache': True, 'lr_schedule': True, 'grad_clip': 5.0, 'triad_samples': 1000, 'triad_prob': 0.8, 'motif_scale': 1.0, 'motif_loss_type': 'logistic'}
2025-10-02 19:41:30,587 - INFO - Data loaded in 0.03s
2025-10-02 19:41:30,588 - INFO - Building motif structures...
2025-10-02 19:41:31,013 - INFO - Sampled 101500 triads
2025-10-02 19:41:31,967 - ERROR - Training failed with error: build_signed_directional_motif_matrices() missing 1 required positional argument: 'num_nodes'
2025-10-02 19:41:31,967 - ERROR - Traceback (most recent call last):
  File "C:\Users\Makan\Documents\code\SDMAE\sdgnn.py", line 1289, in main
    run(dataset=dataset, k=K)
  File "C:\Users\Makan\Documents\code\SDMAE\sdgnn.py", line 968, in run
    motif_dict = build_signed_directional_motif_matrices(triads, num_nodes)
                 ^^^^^^^^^^^^^^^^^^^^^^^^^^^^^^^^^^^^^^^^^^^^^^^^^^^^^^^^^^
TypeError: build_signed_directional_motif_matrices() missing 1 required positional argument: 'num_nodes'

