2025-10-02 21:47:49,141 - INFO - ================================================================================
2025-10-02 21:47:49,141 - INFO - SDGNN with Motif-based Higher-order Learning (Enhanced)
2025-10-02 21:47:49,141 - INFO - ================================================================================
2025-10-02 21:47:49,141 - INFO - NUM_NODE: 3783
2025-10-02 21:47:49,141 - INFO - WEIGHT_DECAY: 0.001
2025-10-02 21:47:49,141 - INFO - NODE_FEAT_SIZE: 20
2025-10-02 21:47:49,141 - INFO - EMBEDDING_SIZE: 20
2025-10-02 21:47:49,141 - INFO - LEARNING_RATE: 0.001
2025-10-02 21:47:49,141 - INFO - BATCH_SIZE: 500
2025-10-02 21:47:49,141 - INFO - EPOCHS: 20
2025-10-02 21:47:49,141 - INFO - DROPOUT: 0.0
2025-10-02 21:47:49,141 - INFO - AGGREGATOR: attention
2025-10-02 21:47:49,141 - INFO - ALPHA: 0.01
2025-10-02 21:47:49,141 - INFO - BETA: 0.01
2025-10-02 21:47:49,141 - INFO - DEVICE: cpu
2025-10-02 21:47:49,141 - INFO - ================================================================================
2025-10-02 21:47:49,141 - INFO - Starting training for dataset: bitcoin_alpha, fold: 1
2025-10-02 21:47:49,141 - INFO - Configuration: {'devices': 'cpu', 'seed': 13, 'epochs': 20, 'lr': 0.001, 'weight_decay': 0.001, 'dataset': 'bitcoin_alpha', 'dim': 20, 'fea_dim': 20, 'batch_size': 500, 'dropout': 0.0, 'k': '1', 'agg': 'attention', 'alpha': 0.01, 'beta': 0.01, 'max_pos_per_u': 50, 'max_neg_per_u': 50, 'eval_every': 5, 'patience': 15, 'warmup_epochs': 5, 'use_cache': True, 'lr_schedule': True, 'grad_clip': 5.0, 'triad_samples': 1000, 'triad_prob': 0.8, 'motif_scale': 1.0, 'motif_loss_type': 'cosine'}
2025-10-02 21:47:49,173 - INFO - Data loaded in 0.03s
2025-10-02 21:47:49,173 - INFO - Building motif structures...
2025-10-02 21:47:49,615 - INFO - Sampled 101500 triads
2025-10-02 21:47:53,200 - INFO - [motif:out_in_pos] nnz=9179, mean=0.973225
2025-10-02 21:47:53,202 - INFO - [motif:out_in_neg] nnz=846, mean=0.986251
2025-10-02 21:47:53,202 - INFO - [motif:co_out] nnz=118334, mean=0.887071
2025-10-02 21:47:53,211 - INFO - [motif:co_in] nnz=137806, mean=0.886140
2025-10-02 21:47:53,212 - INFO - [motif:out_in_pos] shape=(3786, 3786), nnz=9179, density=0.000640, range=(1.408427829757165e-07, 11.439601133494048)
2025-10-02 21:47:53,212 - INFO - [motif:out_in_neg] shape=(3786, 3786), nnz=846, density=0.000059, range=(8.331116810581753e-07, 6.417015232377665)
2025-10-02 21:47:53,212 - INFO - [motif:co_out] shape=(3786, 3786), nnz=118334, density=0.008256, range=(0.00685406559346477, 12.042546560957854)
2025-10-02 21:47:53,212 - INFO - [motif:co_in] shape=(3786, 3786), nnz=137806, density=0.009614, range=(0.007710053903093544, 11.742425445275483)
2025-10-02 21:47:53,212 - INFO - Triads indexed for 3154 unique nodes
2025-10-02 21:47:53,212 - INFO - Motif structures built in 4.04s
2025-10-02 21:47:54,303 - INFO - Total initialization time: 5.16s
2025-10-02 21:47:54,303 - INFO - Starting training...
2025-10-02 21:47:54,596 - INFO - motif_energy_pos=0.011711, motif_energy_neg=4.453933
2025-10-02 21:47:54,619 - INFO - dot_pos_mu=4.445±0.167, dot_neg_mu=4.440±0.169
2025-10-02 21:47:58,471 - INFO - Epoch 0: epoch=0, accuracy=0.5909, f1_micro=0.7314, f1_macro=0.4368, f1_weighted=0.5909, auc=0.6017, eval_time=4.1682
2025-10-02 21:47:58,800 - INFO - Motif batch_loss_dict=0.000000, Triad loss=0.000000, Edge loss=0.355190
2025-10-02 21:47:59,379 - INFO - Motif batch_loss_dict=0.000000, Triad loss=0.000000, Edge loss=0.362386
2025-10-02 21:47:59,944 - INFO - Motif batch_loss_dict=0.000000, Triad loss=0.000000, Edge loss=0.384742
2025-10-02 21:48:00,517 - INFO - Motif batch_loss_dict=0.000000, Triad loss=0.000000, Edge loss=0.357379
2025-10-02 21:48:01,043 - INFO - Motif batch_loss_dict=0.000000, Triad loss=0.000000, Edge loss=0.361117
2025-10-02 21:48:01,545 - INFO - Motif batch_loss_dict=0.000000, Triad loss=0.000000, Edge loss=0.327284
2025-10-02 21:48:02,076 - INFO - Motif batch_loss_dict=0.000000, Triad loss=0.000000, Edge loss=0.358001
2025-10-02 21:48:02,434 - INFO - Epoch 0: epoch=0, loss=0.3580, edge_loss=0.3580, motif_loss=0.0000, triad_loss=0.0000, alpha=0.0000, beta=0.0000, train_time=3.9580, epoch_time=8.1311, lr=0.0010, cache_hits=0, cache_misses=7000, cache_hit_rate=0.0000, cache_cache_size=7000
2025-10-02 21:48:02,817 - INFO - Motif batch_loss_dict=0.000040, Triad loss=0.002382, Edge loss=0.311046
2025-10-02 21:48:03,849 - INFO - Motif batch_loss_dict=0.000036, Triad loss=0.003216, Edge loss=0.275735
2025-10-02 21:48:04,916 - INFO - Motif batch_loss_dict=0.000038, Triad loss=0.004227, Edge loss=0.327210
2025-10-02 21:48:05,973 - INFO - Motif batch_loss_dict=0.000041, Triad loss=0.004262, Edge loss=0.386048
2025-10-02 21:48:07,032 - INFO - Motif batch_loss_dict=0.000043, Triad loss=0.003849, Edge loss=0.348297
2025-10-02 21:48:08,256 - INFO - Motif batch_loss_dict=0.000041, Triad loss=0.003154, Edge loss=0.342468
2025-10-02 21:48:09,291 - INFO - Motif batch_loss_dict=0.000035, Triad loss=0.002408, Edge loss=0.261062
2025-10-02 21:48:09,900 - INFO -   Note: Motif loss is 0.00003941 (very small, may show as 0.0000)
2025-10-02 21:48:09,900 - INFO - Epoch 1: epoch=1, loss=0.3251, edge_loss=0.3217, motif_loss=0.0000, triad_loss=0.0034, alpha=0.0010, beta=0.0010, train_time=7.4655, epoch_time=7.4655, lr=0.0010, cache_hits=6476, cache_misses=7524, cache_hit_rate=0.4626, cache_cache_size=7524
2025-10-02 21:48:10,301 - INFO - Motif batch_loss_dict=0.000130, Triad loss=0.007365, Edge loss=0.287267
2025-10-02 21:48:11,344 - INFO - Motif batch_loss_dict=0.000144, Triad loss=0.006521, Edge loss=0.325097
2025-10-02 21:48:12,350 - INFO - Motif batch_loss_dict=0.000151, Triad loss=0.006236, Edge loss=0.296581
2025-10-02 21:48:13,344 - INFO - Motif batch_loss_dict=0.000167, Triad loss=0.005966, Edge loss=0.331350
2025-10-02 21:48:14,340 - INFO - Motif batch_loss_dict=0.000146, Triad loss=0.005988, Edge loss=0.326807
2025-10-02 21:48:15,375 - INFO - Motif batch_loss_dict=0.000138, Triad loss=0.006452, Edge loss=0.280926
2025-10-02 21:48:16,566 - INFO - Motif batch_loss_dict=0.000135, Triad loss=0.006902, Edge loss=0.296441
2025-10-02 21:48:17,198 - INFO - Epoch 2: epoch=2, loss=0.3130, edge_loss=0.3064, motif_loss=0.0001, triad_loss=0.0065, alpha=0.0035, beta=0.0035, train_time=7.2984, epoch_time=7.2984, lr=0.0010, cache_hits=13434, cache_misses=7566, cache_hit_rate=0.6397, cache_cache_size=7566
2025-10-02 21:48:17,600 - INFO - Motif batch_loss_dict=0.000305, Triad loss=0.014727, Edge loss=0.322224
2025-10-02 21:48:18,794 - INFO - Motif batch_loss_dict=0.000290, Triad loss=0.016626, Edge loss=0.294450
2025-10-02 21:48:19,860 - INFO - Motif batch_loss_dict=0.000260, Triad loss=0.016925, Edge loss=0.276034
2025-10-02 21:48:20,927 - INFO - Motif batch_loss_dict=0.000318, Triad loss=0.017764, Edge loss=0.287429
2025-10-02 21:48:21,932 - INFO - Motif batch_loss_dict=0.000236, Triad loss=0.018470, Edge loss=0.268968
2025-10-02 21:48:22,980 - INFO - Motif batch_loss_dict=0.000264, Triad loss=0.018312, Edge loss=0.270221
2025-10-02 21:48:24,126 - INFO - Motif batch_loss_dict=0.000244, Triad loss=0.016721, Edge loss=0.291676
2025-10-02 21:48:24,758 - INFO - Epoch 3: epoch=3, loss=0.3046, edge_loss=0.2873, motif_loss=0.0003, triad_loss=0.0171, alpha=0.0065, beta=0.0065, train_time=7.5594, epoch_time=7.5594, lr=0.0010, cache_hits=20434, cache_misses=7566, cache_hit_rate=0.7298, cache_cache_size=7566
2025-10-02 21:48:25,117 - INFO - Motif batch_loss_dict=0.000393, Triad loss=0.020953, Edge loss=0.321723
2025-10-02 21:48:26,100 - INFO - Motif batch_loss_dict=0.000404, Triad loss=0.018627, Edge loss=0.267838
2025-10-02 21:48:27,112 - INFO - Motif batch_loss_dict=0.000383, Triad loss=0.018074, Edge loss=0.239203
2025-10-02 21:48:28,170 - INFO - Motif batch_loss_dict=0.000410, Triad loss=0.017744, Edge loss=0.257002
2025-10-02 21:48:29,192 - INFO - Motif batch_loss_dict=0.000371, Triad loss=0.016904, Edge loss=0.276920
2025-10-02 21:48:30,255 - INFO - Motif batch_loss_dict=0.000482, Triad loss=0.015812, Edge loss=0.306244
2025-10-02 21:48:31,306 - INFO - Motif batch_loss_dict=0.000444, Triad loss=0.019187, Edge loss=0.220864
2025-10-02 21:48:31,982 - INFO - Epoch 4: epoch=4, loss=0.2886, edge_loss=0.2700, motif_loss=0.0004, triad_loss=0.0182, alpha=0.0090, beta=0.0090, train_time=7.2239, epoch_time=7.2239, lr=0.0010, cache_hits=27434, cache_misses=7566, cache_hit_rate=0.7838, cache_cache_size=7566
2025-10-02 21:48:32,247 - INFO - motif_energy_pos=0.103423, motif_energy_neg=1.577259
2025-10-02 21:48:32,262 - INFO - dot_pos_mu=2.467±0.668, dot_neg_mu=1.372±0.366
2025-10-02 21:48:35,555 - INFO - Epoch 5: epoch=5, accuracy=0.8431, f1_micro=0.9110, f1_macro=0.6252, f1_weighted=0.8431, auc=0.8607, eval_time=3.5729
2025-10-02 21:48:36,120 - INFO - Motif batch_loss_dict=0.000476, Triad loss=0.023876, Edge loss=0.230160
2025-10-02 21:48:37,187 - INFO - Motif batch_loss_dict=0.000461, Triad loss=0.026947, Edge loss=0.253754
2025-10-02 21:48:38,269 - INFO - Motif batch_loss_dict=0.000460, Triad loss=0.032298, Edge loss=0.227312
2025-10-02 21:48:39,289 - INFO - Motif batch_loss_dict=0.000484, Triad loss=0.029892, Edge loss=0.234657
2025-10-02 21:48:40,324 - INFO - Motif batch_loss_dict=0.000477, Triad loss=0.026491, Edge loss=0.233519
2025-10-02 21:48:41,437 - INFO - Motif batch_loss_dict=0.000479, Triad loss=0.024694, Edge loss=0.213716
2025-10-02 21:48:42,503 - INFO - Motif batch_loss_dict=0.000597, Triad loss=0.021814, Edge loss=0.245672
2025-10-02 21:48:43,145 - INFO - Epoch 5: epoch=5, loss=0.2612, edge_loss=0.2341, motif_loss=0.0005, triad_loss=0.0266, alpha=0.0100, beta=0.0100, train_time=7.5902, epoch_time=11.1631, lr=0.0010, cache_hits=34434, cache_misses=7566, cache_hit_rate=0.8199, cache_cache_size=7566
2025-10-02 21:48:43,554 - INFO - Motif batch_loss_dict=0.000549, Triad loss=0.024884, Edge loss=0.206525
2025-10-02 21:48:44,748 - INFO - Motif batch_loss_dict=0.000628, Triad loss=0.023980, Edge loss=0.218166
2025-10-02 21:48:45,767 - INFO - Motif batch_loss_dict=0.000592, Triad loss=0.027126, Edge loss=0.220111
2025-10-02 21:48:46,769 - INFO - Motif batch_loss_dict=0.000623, Triad loss=0.026591, Edge loss=0.205249
2025-10-02 21:48:47,819 - INFO - Motif batch_loss_dict=0.000688, Triad loss=0.022805, Edge loss=0.227757
2025-10-02 21:48:48,887 - INFO - Motif batch_loss_dict=0.000632, Triad loss=0.032527, Edge loss=0.193932
2025-10-02 21:48:49,953 - INFO - Motif batch_loss_dict=0.000673, Triad loss=0.037130, Edge loss=0.224287
2025-10-02 21:48:50,581 - INFO - Epoch 6: epoch=6, loss=0.2422, edge_loss=0.2137, motif_loss=0.0006, triad_loss=0.0279, alpha=0.0100, beta=0.0100, train_time=7.4358, epoch_time=7.4358, lr=0.0010, cache_hits=41434, cache_misses=7566, cache_hit_rate=0.8456, cache_cache_size=7566
2025-10-02 21:48:51,003 - INFO - Motif batch_loss_dict=0.000712, Triad loss=0.033206, Edge loss=0.210302
2025-10-02 21:48:52,196 - INFO - Motif batch_loss_dict=0.000847, Triad loss=0.027565, Edge loss=0.232642
2025-10-02 21:48:53,214 - INFO - Motif batch_loss_dict=0.000797, Triad loss=0.031056, Edge loss=0.182316
2025-10-02 21:48:54,218 - INFO - Motif batch_loss_dict=0.000798, Triad loss=0.027463, Edge loss=0.189893
2025-10-02 21:48:55,236 - INFO - Motif batch_loss_dict=0.000809, Triad loss=0.028968, Edge loss=0.198020
2025-10-02 21:48:56,255 - INFO - Motif batch_loss_dict=0.000812, Triad loss=0.031374, Edge loss=0.179084
2025-10-02 21:48:57,305 - INFO - Motif batch_loss_dict=0.000702, Triad loss=0.040499, Edge loss=0.149382
2025-10-02 21:48:57,916 - INFO - Epoch 7: epoch=7, loss=0.2239, edge_loss=0.1917, motif_loss=0.0008, triad_loss=0.0314, alpha=0.0100, beta=0.0100, train_time=7.3351, epoch_time=7.3351, lr=0.0010, cache_hits=48434, cache_misses=7566, cache_hit_rate=0.8649, cache_cache_size=7566
2025-10-02 21:48:58,323 - INFO - Motif batch_loss_dict=0.000827, Triad loss=0.038510, Edge loss=0.198286
2025-10-02 21:48:59,386 - INFO - Motif batch_loss_dict=0.000788, Triad loss=0.037738, Edge loss=0.155042
2025-10-02 21:49:00,567 - INFO - Motif batch_loss_dict=0.000831, Triad loss=0.034521, Edge loss=0.182052
2025-10-02 21:49:01,602 - INFO - Motif batch_loss_dict=0.000724, Triad loss=0.037858, Edge loss=0.158403
2025-10-02 21:49:02,637 - INFO - Motif batch_loss_dict=0.001029, Triad loss=0.027086, Edge loss=0.184135
2025-10-02 21:49:03,828 - INFO - Motif batch_loss_dict=0.000960, Triad loss=0.028157, Edge loss=0.182152
2025-10-02 21:49:04,896 - INFO - Motif batch_loss_dict=0.000854, Triad loss=0.027626, Edge loss=0.190247
2025-10-02 21:49:05,539 - INFO - Epoch 8: epoch=8, loss=0.2125, edge_loss=0.1786, motif_loss=0.0009, triad_loss=0.0331, alpha=0.0100, beta=0.0100, train_time=7.6223, epoch_time=7.6223, lr=0.0010, cache_hits=55434, cache_misses=7566, cache_hit_rate=0.8799, cache_cache_size=7566
2025-10-02 21:49:05,924 - INFO - Motif batch_loss_dict=0.000943, Triad loss=0.029515, Edge loss=0.163497
2025-10-02 21:49:06,919 - INFO - Motif batch_loss_dict=0.000880, Triad loss=0.033214, Edge loss=0.156449
2025-10-02 21:49:07,967 - INFO - Motif batch_loss_dict=0.000945, Triad loss=0.027855, Edge loss=0.172720
2025-10-02 21:49:09,162 - INFO - Motif batch_loss_dict=0.000811, Triad loss=0.042391, Edge loss=0.157258
2025-10-02 21:49:10,181 - INFO - Motif batch_loss_dict=0.000867, Triad loss=0.037696, Edge loss=0.179524
2025-10-02 21:49:11,216 - INFO - Motif batch_loss_dict=0.000825, Triad loss=0.033527, Edge loss=0.167301
2025-10-02 21:49:12,249 - INFO - Motif batch_loss_dict=0.000925, Triad loss=0.027872, Edge loss=0.187882
2025-10-02 21:49:12,909 - INFO - Epoch 9: epoch=9, loss=0.2033, edge_loss=0.1692, motif_loss=0.0009, triad_loss=0.0332, alpha=0.0100, beta=0.0100, train_time=7.3703, epoch_time=7.3703, lr=0.0010, cache_hits=62434, cache_misses=7566, cache_hit_rate=0.8919, cache_cache_size=7566
2025-10-02 21:49:13,160 - INFO - motif_energy_pos=0.117079, motif_energy_neg=0.802306
2025-10-02 21:49:13,185 - INFO - dot_pos_mu=3.121±1.541, dot_neg_mu=0.057±1.087
2025-10-02 21:49:16,372 - INFO - Epoch 10: epoch=10, accuracy=0.8710, f1_micro=0.9280, f1_macro=0.6545, f1_weighted=0.8710, auc=0.8652, eval_time=3.4632
2025-10-02 21:49:16,748 - INFO - Motif batch_loss_dict=0.000879, Triad loss=0.028526, Edge loss=0.172459
2025-10-02 21:49:17,783 - INFO - Motif batch_loss_dict=0.001065, Triad loss=0.025503, Edge loss=0.169495
2025-10-02 21:49:18,788 - INFO - Motif batch_loss_dict=0.000942, Triad loss=0.024212, Edge loss=0.160546
2025-10-02 21:49:19,806 - INFO - Motif batch_loss_dict=0.000879, Triad loss=0.032719, Edge loss=0.178893
2025-10-02 21:49:20,997 - INFO - Motif batch_loss_dict=0.000870, Triad loss=0.037393, Edge loss=0.148999
2025-10-02 21:49:22,018 - INFO - Motif batch_loss_dict=0.000926, Triad loss=0.039543, Edge loss=0.182655
2025-10-02 21:49:23,023 - INFO - Motif batch_loss_dict=0.000883, Triad loss=0.034297, Edge loss=0.150714
2025-10-02 21:49:23,629 - INFO - Epoch 10: epoch=10, loss=0.1989, edge_loss=0.1663, motif_loss=0.0009, triad_loss=0.0317, alpha=0.0100, beta=0.0100, train_time=7.2567, epoch_time=10.7199, lr=0.0010, cache_hits=69434, cache_misses=7566, cache_hit_rate=0.9017, cache_cache_size=7566
2025-10-02 21:49:24,018 - INFO - Motif batch_loss_dict=0.000970, Triad loss=0.031092, Edge loss=0.158366
2025-10-02 21:49:25,081 - INFO - Motif batch_loss_dict=0.000911, Triad loss=0.028733, Edge loss=0.177485
2025-10-02 21:49:26,158 - INFO - Motif batch_loss_dict=0.000929, Triad loss=0.025798, Edge loss=0.172047
2025-10-02 21:49:27,174 - INFO - Motif batch_loss_dict=0.000821, Triad loss=0.028495, Edge loss=0.151838
2025-10-02 21:49:28,198 - INFO - Motif batch_loss_dict=0.000886, Triad loss=0.033523, Edge loss=0.156430
2025-10-02 21:49:29,340 - INFO - Motif batch_loss_dict=0.000902, Triad loss=0.040151, Edge loss=0.141878
2025-10-02 21:49:30,298 - INFO - Motif batch_loss_dict=0.000933, Triad loss=0.031521, Edge loss=0.175300
2025-10-02 21:49:31,096 - INFO - Epoch 11: epoch=11, loss=0.1941, edge_loss=0.1619, motif_loss=0.0009, triad_loss=0.0313, alpha=0.0100, beta=0.0100, train_time=7.4673, epoch_time=7.4673, lr=0.0010, cache_hits=76434, cache_misses=7566, cache_hit_rate=0.9099, cache_cache_size=7566
2025-10-02 21:49:31,481 - INFO - Motif batch_loss_dict=0.000965, Triad loss=0.032023, Edge loss=0.198209
2025-10-02 21:49:32,540 - INFO - Motif batch_loss_dict=0.000920, Triad loss=0.030256, Edge loss=0.157983
2025-10-02 21:49:33,575 - INFO - Motif batch_loss_dict=0.000815, Triad loss=0.026497, Edge loss=0.147655
2025-10-02 21:49:34,625 - INFO - Motif batch_loss_dict=0.000882, Triad loss=0.027423, Edge loss=0.166448
2025-10-02 21:49:35,645 - INFO - Motif batch_loss_dict=0.000918, Triad loss=0.030687, Edge loss=0.145649
2025-10-02 21:49:36,806 - INFO - Motif batch_loss_dict=0.000843, Triad loss=0.033012, Edge loss=0.157156
2025-10-02 21:49:37,807 - INFO - Motif batch_loss_dict=0.000927, Triad loss=0.035556, Edge loss=0.147659
2025-10-02 21:49:38,435 - INFO - Epoch 12: epoch=12, loss=0.1918, edge_loss=0.1601, motif_loss=0.0009, triad_loss=0.0308, alpha=0.0100, beta=0.0100, train_time=7.3384, epoch_time=7.3384, lr=0.0010, cache_hits=83434, cache_misses=7566, cache_hit_rate=0.9169, cache_cache_size=7566
2025-10-02 21:49:38,817 - INFO - Motif batch_loss_dict=0.000826, Triad loss=0.039509, Edge loss=0.170466
2025-10-02 21:49:39,862 - INFO - Motif batch_loss_dict=0.000935, Triad loss=0.030340, Edge loss=0.189828
2025-10-02 21:49:40,904 - INFO - Motif batch_loss_dict=0.000795, Triad loss=0.030751, Edge loss=0.143015
2025-10-02 21:49:41,915 - INFO - Motif batch_loss_dict=0.000967, Triad loss=0.027701, Edge loss=0.168508
2025-10-02 21:49:42,967 - INFO - Motif batch_loss_dict=0.000963, Triad loss=0.026147, Edge loss=0.150861
2025-10-02 21:49:44,019 - INFO - Motif batch_loss_dict=0.000907, Triad loss=0.030117, Edge loss=0.128136
2025-10-02 21:49:45,216 - INFO - Motif batch_loss_dict=0.000890, Triad loss=0.031314, Edge loss=0.159846
2025-10-02 21:49:45,851 - INFO - Epoch 13: epoch=13, loss=0.1904, edge_loss=0.1587, motif_loss=0.0009, triad_loss=0.0308, alpha=0.0100, beta=0.0100, train_time=7.4168, epoch_time=7.4168, lr=0.0010, cache_hits=90434, cache_misses=7566, cache_hit_rate=0.9228, cache_cache_size=7566
2025-10-02 21:49:46,264 - INFO - Motif batch_loss_dict=0.000862, Triad loss=0.033066, Edge loss=0.137982
2025-10-02 21:49:47,309 - INFO - Motif batch_loss_dict=0.000780, Triad loss=0.038015, Edge loss=0.147872
2025-10-02 21:49:48,361 - INFO - Motif batch_loss_dict=0.000879, Triad loss=0.032980, Edge loss=0.158106
2025-10-02 21:49:49,364 - INFO - Motif batch_loss_dict=0.000952, Triad loss=0.031665, Edge loss=0.159619
2025-10-02 21:49:50,368 - INFO - Motif batch_loss_dict=0.000875, Triad loss=0.027023, Edge loss=0.165589
2025-10-02 21:49:51,372 - INFO - Motif batch_loss_dict=0.000952, Triad loss=0.024926, Edge loss=0.165872
2025-10-02 21:49:52,532 - INFO - Motif batch_loss_dict=0.000912, Triad loss=0.031253, Edge loss=0.168495
2025-10-02 21:49:53,190 - INFO - Epoch 14: epoch=14, loss=0.1898, edge_loss=0.1576, motif_loss=0.0009, triad_loss=0.0313, alpha=0.0100, beta=0.0100, train_time=7.3375, epoch_time=7.3375, lr=0.0010, cache_hits=97434, cache_misses=7566, cache_hit_rate=0.9279, cache_cache_size=7566
2025-10-02 21:49:53,475 - INFO - motif_energy_pos=0.086893, motif_energy_neg=0.834814
2025-10-02 21:49:53,493 - INFO - dot_pos_mu=3.629±1.695, dot_neg_mu=-0.060±1.452
2025-10-02 21:49:56,686 - INFO - Epoch 15: epoch=15, accuracy=0.8814, f1_micro=0.9341, f1_macro=0.6718, f1_weighted=0.8814, auc=0.8722, eval_time=3.4964
2025-10-02 21:49:57,065 - INFO - Motif batch_loss_dict=0.000855, Triad loss=0.030874, Edge loss=0.137179
2025-10-02 21:49:58,114 - INFO - Motif batch_loss_dict=0.000968, Triad loss=0.031492, Edge loss=0.179111
2025-10-02 21:49:59,185 - INFO - Motif batch_loss_dict=0.000901, Triad loss=0.028688, Edge loss=0.149405
2025-10-02 21:50:00,183 - INFO - Motif batch_loss_dict=0.000959, Triad loss=0.033161, Edge loss=0.154778
2025-10-02 21:50:01,266 - INFO - Motif batch_loss_dict=0.000828, Triad loss=0.034478, Edge loss=0.145940
2025-10-02 21:50:02,340 - INFO - Motif batch_loss_dict=0.000779, Triad loss=0.029330, Edge loss=0.162731
2025-10-02 21:50:03,336 - INFO - Motif batch_loss_dict=0.000969, Triad loss=0.028991, Edge loss=0.184116
2025-10-02 21:50:03,962 - INFO - Epoch 15: epoch=15, loss=0.1909, edge_loss=0.1590, motif_loss=0.0009, triad_loss=0.0310, alpha=0.0100, beta=0.0100, train_time=7.2596, epoch_time=10.7726, lr=0.0010, cache_hits=104434, cache_misses=7566, cache_hit_rate=0.9324, cache_cache_size=7566
2025-10-02 21:50:04,495 - INFO - Motif batch_loss_dict=0.000923, Triad loss=0.028097, Edge loss=0.154133
2025-10-02 21:50:05,514 - INFO - Motif batch_loss_dict=0.000885, Triad loss=0.029710, Edge loss=0.149123
2025-10-02 21:50:06,535 - INFO - Motif batch_loss_dict=0.000910, Triad loss=0.032829, Edge loss=0.183267
2025-10-02 21:50:07,584 - INFO - Motif batch_loss_dict=0.000807, Triad loss=0.035151, Edge loss=0.131188
2025-10-02 21:50:08,606 - INFO - Motif batch_loss_dict=0.000881, Triad loss=0.037845, Edge loss=0.143984
2025-10-02 21:50:09,687 - INFO - Motif batch_loss_dict=0.000987, Triad loss=0.026730, Edge loss=0.190613
2025-10-02 21:50:10,740 - INFO - Motif batch_loss_dict=0.000863, Triad loss=0.033963, Edge loss=0.124971
2025-10-02 21:50:11,395 - INFO - Epoch 16: epoch=16, loss=0.1868, edge_loss=0.1539, motif_loss=0.0009, triad_loss=0.0320, alpha=0.0100, beta=0.0100, train_time=7.4329, epoch_time=7.4329, lr=0.0010, cache_hits=111434, cache_misses=7566, cache_hit_rate=0.9364, cache_cache_size=7566
2025-10-02 21:50:11,782 - INFO - Motif batch_loss_dict=0.000861, Triad loss=0.033567, Edge loss=0.150491
2025-10-02 21:50:12,947 - INFO - Motif batch_loss_dict=0.000855, Triad loss=0.025654, Edge loss=0.125675
2025-10-02 21:50:13,942 - INFO - Motif batch_loss_dict=0.000978, Triad loss=0.030894, Edge loss=0.167408
2025-10-02 21:50:14,940 - INFO - Motif batch_loss_dict=0.000830, Triad loss=0.030076, Edge loss=0.132671
2025-10-02 21:50:15,955 - INFO - Motif batch_loss_dict=0.000881, Triad loss=0.033050, Edge loss=0.145016
2025-10-02 21:50:17,011 - INFO - Motif batch_loss_dict=0.000758, Triad loss=0.034184, Edge loss=0.163039
2025-10-02 21:50:18,060 - INFO - Motif batch_loss_dict=0.000898, Triad loss=0.030921, Edge loss=0.186904
2025-10-02 21:50:18,733 - INFO - Epoch 17: epoch=17, loss=0.1851, edge_loss=0.1530, motif_loss=0.0009, triad_loss=0.0312, alpha=0.0100, beta=0.0100, train_time=7.3380, epoch_time=7.3380, lr=0.0010, cache_hits=118434, cache_misses=7566, cache_hit_rate=0.9400, cache_cache_size=7566
2025-10-02 21:50:19,164 - INFO - Motif batch_loss_dict=0.000900, Triad loss=0.028536, Edge loss=0.157528
2025-10-02 21:50:20,333 - INFO - Motif batch_loss_dict=0.000982, Triad loss=0.030542, Edge loss=0.148731
2025-10-02 21:50:21,545 - INFO - Motif batch_loss_dict=0.000755, Triad loss=0.030793, Edge loss=0.123826
2025-10-02 21:50:22,576 - INFO - Motif batch_loss_dict=0.000967, Triad loss=0.029579, Edge loss=0.149258
2025-10-02 21:50:23,595 - INFO - Motif batch_loss_dict=0.000864, Triad loss=0.032287, Edge loss=0.158213
2025-10-02 21:50:24,645 - INFO - Motif batch_loss_dict=0.000849, Triad loss=0.034263, Edge loss=0.160211
2025-10-02 21:50:25,680 - INFO - Motif batch_loss_dict=0.000916, Triad loss=0.029724, Edge loss=0.178279
2025-10-02 21:50:26,308 - INFO - Epoch 18: epoch=18, loss=0.1854, edge_loss=0.1537, motif_loss=0.0009, triad_loss=0.0308, alpha=0.0100, beta=0.0100, train_time=7.5743, epoch_time=7.5743, lr=0.0010, cache_hits=125434, cache_misses=7566, cache_hit_rate=0.9431, cache_cache_size=7566
2025-10-02 21:50:26,699 - INFO - Motif batch_loss_dict=0.000906, Triad loss=0.032796, Edge loss=0.152598
2025-10-02 21:50:27,704 - INFO - Motif batch_loss_dict=0.000839, Triad loss=0.029882, Edge loss=0.117336
2025-10-02 21:50:28,738 - INFO - Motif batch_loss_dict=0.001003, Triad loss=0.028043, Edge loss=0.190118
2025-10-02 21:50:30,036 - INFO - Motif batch_loss_dict=0.000928, Triad loss=0.035969, Edge loss=0.127961
2025-10-02 21:50:31,090 - INFO - Motif batch_loss_dict=0.000977, Triad loss=0.032141, Edge loss=0.169960
2025-10-02 21:50:32,141 - INFO - Motif batch_loss_dict=0.000927, Triad loss=0.033359, Edge loss=0.152191
2025-10-02 21:50:33,208 - INFO - Motif batch_loss_dict=0.000893, Triad loss=0.031777, Edge loss=0.155283
2025-10-02 21:50:33,820 - INFO - Epoch 19: epoch=19, loss=0.1851, edge_loss=0.1522, motif_loss=0.0009, triad_loss=0.0320, alpha=0.0100, beta=0.0100, train_time=7.5123, epoch_time=7.5123, lr=0.0010, cache_hits=132434, cache_misses=7566, cache_hit_rate=0.9460, cache_cache_size=7566
2025-10-02 21:50:34,100 - INFO - motif_energy_pos=0.088169, motif_energy_neg=0.791882
2025-10-02 21:50:34,121 - INFO - dot_pos_mu=3.671±1.814, dot_neg_mu=-0.190±1.536
2025-10-02 21:50:37,300 - INFO - Epoch 20: epoch=20, accuracy=0.8832, f1_micro=0.9351, f1_macro=0.6766, f1_weighted=0.8832, auc=0.8719, eval_time=3.4802
2025-10-02 21:50:37,686 - INFO - Motif batch_loss_dict=0.000841, Triad loss=0.031405, Edge loss=0.132007
2025-10-02 21:50:38,714 - INFO - Motif batch_loss_dict=0.001014, Triad loss=0.028140, Edge loss=0.192500
2025-10-02 21:50:39,918 - INFO - Motif batch_loss_dict=0.000885, Triad loss=0.034857, Edge loss=0.140231
2025-10-02 21:50:40,939 - INFO - Motif batch_loss_dict=0.000941, Triad loss=0.030471, Edge loss=0.135269
2025-10-02 21:50:42,128 - INFO - Motif batch_loss_dict=0.000935, Triad loss=0.031641, Edge loss=0.130724
2025-10-02 21:50:43,171 - INFO - Motif batch_loss_dict=0.000849, Triad loss=0.036642, Edge loss=0.145595
2025-10-02 21:50:44,214 - INFO - Motif batch_loss_dict=0.000833, Triad loss=0.032300, Edge loss=0.174490
2025-10-02 21:50:44,859 - INFO - Epoch 20: epoch=20, loss=0.1832, edge_loss=0.1501, motif_loss=0.0009, triad_loss=0.0322, alpha=0.0100, beta=0.0100, train_time=7.5587, epoch_time=11.0388, lr=0.0010, cache_hits=139434, cache_misses=7566, cache_hit_rate=0.9485, cache_cache_size=7566
2025-10-02 21:50:45,250 - INFO - Motif batch_loss_dict=0.000800, Triad loss=0.033265, Edge loss=0.129322
2025-10-02 21:50:46,254 - INFO - Motif batch_loss_dict=0.000958, Triad loss=0.026943, Edge loss=0.152106
2025-10-02 21:50:47,242 - INFO - Motif batch_loss_dict=0.000981, Triad loss=0.029787, Edge loss=0.145475
2025-10-02 21:50:48,293 - INFO - Motif batch_loss_dict=0.000919, Triad loss=0.030478, Edge loss=0.168749
2025-10-02 21:50:49,499 - INFO - Motif batch_loss_dict=0.000909, Triad loss=0.036659, Edge loss=0.152273
2025-10-02 21:50:50,534 - INFO - Motif batch_loss_dict=0.001000, Triad loss=0.032625, Edge loss=0.155050
2025-10-02 21:50:51,537 - INFO - Motif batch_loss_dict=0.000920, Triad loss=0.031082, Edge loss=0.150381
2025-10-02 21:50:52,164 - INFO - Epoch 21: epoch=21, loss=0.1830, edge_loss=0.1505, motif_loss=0.0009, triad_loss=0.0315, alpha=0.0100, beta=0.0100, train_time=7.3057, epoch_time=7.3057, lr=0.0010, cache_hits=146434, cache_misses=7566, cache_hit_rate=0.9509, cache_cache_size=7566
2025-10-02 21:50:52,164 - INFO - ================================================================================
2025-10-02 21:50:52,164 - INFO - Training completed!
2025-10-02 21:50:52,164 - INFO - Best AUC: 0.8722 at epoch 15
2025-10-02 21:50:52,164 - INFO - Total training time: 183.02s
2025-10-02 21:50:52,164 - INFO - Cache statistics: {'hits': 146434, 'misses': 7566, 'hit_rate': 0.9508701298701299, 'cache_size': 7566}
2025-10-02 21:50:53,557 - INFO - Metrics plot saved to ./logs/sdgnn-attention\metrics.png
2025-10-02 21:50:53,557 - INFO - ================================================================================
