2025-10-01 22:28:12,300 - INFO - ================================================================================
2025-10-01 22:28:12,300 - INFO - SDGNN with Motif-based Higher-order Learning (Enhanced)
2025-10-01 22:28:12,300 - INFO - ================================================================================
2025-10-01 22:28:12,300 - INFO - NUM_NODE: 3783
2025-10-01 22:28:12,300 - INFO - WEIGHT_DECAY: 0.001
2025-10-01 22:28:12,300 - INFO - NODE_FEAT_SIZE: 20
2025-10-01 22:28:12,300 - INFO - EMBEDDING_SIZE: 20
2025-10-01 22:28:12,300 - INFO - LEARNING_RATE: 0.001
2025-10-01 22:28:12,311 - INFO - BATCH_SIZE: 500
2025-10-01 22:28:12,311 - INFO - EPOCHS: 1
2025-10-01 22:28:12,311 - INFO - DROPOUT: 0.0
2025-10-01 22:28:12,311 - INFO - AGGREGATOR: attention
2025-10-01 22:28:12,311 - INFO - ALPHA: 1.0
2025-10-01 22:28:12,311 - INFO - BETA: 1.0
2025-10-01 22:28:12,311 - INFO - DEVICE: cpu
2025-10-01 22:28:12,311 - INFO - ================================================================================
2025-10-01 22:28:12,311 - INFO - Starting training for dataset: bitcoin_alpha, fold: 1
2025-10-01 22:28:12,313 - INFO - Configuration: {'devices': 'cpu', 'seed': 13, 'epochs': 1, 'lr': 0.001, 'weight_decay': 0.001, 'dataset': 'bitcoin_alpha', 'dim': 20, 'fea_dim': 20, 'batch_size': 500, 'dropout': 0.0, 'k': '1', 'agg': 'attention', 'alpha': 1.0, 'beta': 1.0, 'max_pos_per_u': 50, 'max_neg_per_u': 50, 'eval_every': 5, 'patience': 15, 'warmup_epochs': 10, 'use_cache': True, 'lr_schedule': True, 'grad_clip': 5.0, 'triad_samples': 500, 'triad_prob': 0.01, 'motif_scale': 1.0, 'motif_loss_type': 'l2'}
2025-10-01 22:28:12,331 - INFO - Data loaded in 0.02s
2025-10-01 22:28:12,331 - INFO - Building motif structures...
2025-10-01 22:28:13,652 - INFO - Sampled 391 triads
2025-10-01 22:28:13,661 - INFO - [motif:out_in_pos] nnz=574, mean=0.895446
2025-10-01 22:28:13,661 - INFO - [motif:out_in_neg] nnz=47, mean=0.955900
2025-10-01 22:28:13,661 - INFO - [motif:out_in_pos] shape=(3786, 3786), nnz=574, density=0.000040, range=(3.558470419257836e-05, 14.880072556981911)
2025-10-01 22:28:13,661 - INFO - [motif:out_in_neg] shape=(3786, 3786), nnz=47, density=0.000003, range=(8.621599766267216e-05, 5.541709522281462)
2025-10-01 22:28:13,661 - INFO - [motif:co_out] shape=(3786, 3786), nnz=0, density=0.000000, range=(0.0, 0.0)
2025-10-01 22:28:13,661 - INFO - [motif:co_in] shape=(3786, 3786), nnz=0, density=0.000000, range=(0.0, 0.0)
2025-10-01 22:28:13,661 - INFO - Triads indexed for 389 unique nodes
2025-10-01 22:28:13,661 - INFO - Motif structures built in 1.33s
2025-10-01 22:28:14,699 - INFO - Total initialization time: 2.39s
2025-10-01 22:28:14,699 - INFO - Starting training...
2025-10-01 22:28:14,980 - INFO - motif_energy_pos=0.011488, motif_energy_neg=4.506098
2025-10-01 22:28:14,993 - INFO - dot_pos_mu=4.445±0.167, dot_neg_mu=4.440±0.169
2025-10-01 22:28:18,418 - INFO - Epoch 0: epoch=0, accuracy=0.5909, f1_micro=0.7314, f1_macro=0.4368, f1_weighted=0.5909, auc=0.6017, eval_time=3.7187
2025-10-01 22:28:21,740 - INFO - Epoch 0: epoch=0, loss=0.3580, edge_loss=0.3580, motif_loss=0.0000, triad_loss=0.0000, alpha=0.0000, beta=0.0000, train_time=3.3052, epoch_time=7.0412, lr=0.0010, cache_hits=0, cache_misses=7000, cache_hit_rate=0.0000, cache_cache_size=7000
2025-10-01 22:28:25,175 - INFO - Epoch 1: epoch=1, loss=0.3577, edge_loss=0.3183, motif_loss=0.0301, triad_loss=0.0093, alpha=0.0245, beta=0.0245, train_time=3.4347, epoch_time=3.4347, lr=0.0010, cache_hits=6476, cache_misses=7524, cache_hit_rate=0.4626, cache_cache_size=7524
2025-10-01 22:28:28,625 - INFO - Epoch 2: epoch=2, loss=0.4150, edge_loss=0.3060, motif_loss=0.0768, triad_loss=0.0323, alpha=0.0955, beta=0.0955, train_time=3.4497, epoch_time=3.4497, lr=0.0010, cache_hits=13434, cache_misses=7566, cache_hit_rate=0.6397, cache_cache_size=7566
2025-10-01 22:28:28,625 - INFO - ================================================================================
2025-10-01 22:28:28,625 - INFO - Training completed!
2025-10-01 22:28:28,625 - INFO - Best AUC: 0.6017 at epoch 0
2025-10-01 22:28:28,625 - INFO - Total training time: 16.31s
2025-10-01 22:28:28,625 - INFO - Cache statistics: {'hits': 13434, 'misses': 7566, 'hit_rate': 0.6397142857142857, 'cache_size': 7566}
2025-10-01 22:28:29,059 - WARNING - Could not plot metrics: x and y must have same first dimension, but have shapes (4,) and (3,)
2025-10-01 22:28:29,059 - INFO - ================================================================================
