2025-10-01 20:57:12,246 - INFO - ================================================================================
2025-10-01 20:57:12,246 - INFO - SDGNN with Motif-based Higher-order Learning (Enhanced)
2025-10-01 20:57:12,246 - INFO - ================================================================================
2025-10-01 20:57:12,246 - INFO - NUM_NODE: 3783
2025-10-01 20:57:12,247 - INFO - WEIGHT_DECAY: 0.001
2025-10-01 20:57:12,247 - INFO - NODE_FEAT_SIZE: 20
2025-10-01 20:57:12,247 - INFO - EMBEDDING_SIZE: 20
2025-10-01 20:57:12,247 - INFO - LEARNING_RATE: 0.001
2025-10-01 20:57:12,248 - INFO - BATCH_SIZE: 500
2025-10-01 20:57:12,248 - INFO - EPOCHS: 100
2025-10-01 20:57:12,248 - INFO - DROPOUT: 0.0
2025-10-01 20:57:12,248 - INFO - AGGREGATOR: attention
2025-10-01 20:57:12,248 - INFO - ALPHA: 1.0
2025-10-01 20:57:12,248 - INFO - BETA: 1.0
2025-10-01 20:57:12,248 - INFO - DEVICE: cpu
2025-10-01 20:57:12,248 - INFO - ================================================================================
2025-10-01 20:57:12,249 - INFO - Starting training for dataset: bitcoin_alpha, fold: 1
2025-10-01 20:57:12,249 - INFO - Configuration: {'devices': 'cpu', 'seed': 13, 'epochs': 100, 'lr': 0.001, 'weight_decay': 0.001, 'dataset': 'bitcoin_alpha', 'dim': 20, 'fea_dim': 20, 'batch_size': 500, 'dropout': 0.0, 'k': '1', 'agg': 'attention', 'alpha': 1.0, 'beta': 1.0, 'max_pos_per_u': 50, 'max_neg_per_u': 50, 'eval_every': 5, 'patience': 15, 'warmup_epochs': 10, 'use_cache': True, 'lr_schedule': True, 'grad_clip': 5.0, 'triad_samples': 500, 'triad_prob': 0.01, 'motif_scale': 1.0, 'motif_loss_type': 'l2'}
2025-10-01 20:57:12,277 - INFO - Data loaded in 0.03s
2025-10-01 20:57:12,277 - INFO - Building motif structures...
2025-10-01 20:57:12,365 - INFO - Sampled 391 triads
2025-10-01 20:57:12,368 - ERROR - Training failed with error: tuple indices must be integers or slices, not str
2025-10-01 20:57:12,368 - ERROR - Traceback (most recent call last):
  File "C:\Users\Makan\Documents\code\SDMAE\sdgnn.py", line 1214, in main
    run(dataset=dataset, k=K)
  File "C:\Users\Makan\Documents\code\SDMAE\sdgnn.py", line 898, in run
    motif_dict = build_signed_directional_motif_matrices(G, triads, num_nodes)
                 ^^^^^^^^^^^^^^^^^^^^^^^^^^^^^^^^^^^^^^^^^^^^^^^^^^^^^^^^^^^^^
  File "C:\Users\Makan\Documents\code\SDMAE\sdgnn.py", line 397, in build_signed_directional_motif_matrices
    edges = triad["edges"]  # (a,b,s)
            ~~~~~^^^^^^^^^
TypeError: tuple indices must be integers or slices, not str

