2025-10-02 07:39:46,229 - INFO - ================================================================================
2025-10-02 07:39:46,230 - INFO - SDGNN with Motif-based Higher-order Learning (Enhanced)
2025-10-02 07:39:46,230 - INFO - ================================================================================
2025-10-02 07:39:46,230 - INFO - NUM_NODE: 3783
2025-10-02 07:39:46,230 - INFO - WEIGHT_DECAY: 0.001
2025-10-02 07:39:46,230 - INFO - NODE_FEAT_SIZE: 20
2025-10-02 07:39:46,230 - INFO - EMBEDDING_SIZE: 20
2025-10-02 07:39:46,231 - INFO - LEARNING_RATE: 0.001
2025-10-02 07:39:46,232 - INFO - BATCH_SIZE: 500
2025-10-02 07:39:46,232 - INFO - EPOCHS: 50
2025-10-02 07:39:46,232 - INFO - DROPOUT: 0.0
2025-10-02 07:39:46,232 - INFO - AGGREGATOR: attention
2025-10-02 07:39:46,232 - INFO - ALPHA: 0.01
2025-10-02 07:39:46,232 - INFO - BETA: 0.01
2025-10-02 07:39:46,232 - INFO - DEVICE: cpu
2025-10-02 07:39:46,232 - INFO - ================================================================================
2025-10-02 07:39:46,232 - INFO - Starting training for dataset: bitcoin_alpha, fold: 1
2025-10-02 07:39:46,233 - INFO - Configuration: {'devices': 'cpu', 'seed': 13, 'epochs': 50, 'lr': 0.001, 'weight_decay': 0.001, 'dataset': 'bitcoin_alpha', 'dim': 20, 'fea_dim': 20, 'batch_size': 500, 'dropout': 0.0, 'k': '1', 'agg': 'attention', 'alpha': 0.01, 'beta': 0.01, 'max_pos_per_u': 50, 'max_neg_per_u': 50, 'eval_every': 5, 'patience': 15, 'warmup_epochs': 5, 'use_cache': True, 'lr_schedule': True, 'grad_clip': 5.0, 'triad_samples': 1000, 'triad_prob': 0.8, 'motif_scale': 1.0, 'motif_loss_type': 'logistic'}
2025-10-02 07:39:46,269 - INFO - Data loaded in 0.04s
2025-10-02 07:39:46,269 - INFO - Building motif structures...
2025-10-02 07:39:46,690 - INFO - Sampled 101500 triads
2025-10-02 07:39:47,951 - INFO - [motif:out_in_pos] nnz=9179, mean=0.973225
2025-10-02 07:39:47,951 - INFO - [motif:out_in_neg] nnz=846, mean=0.986251
2025-10-02 07:39:47,951 - INFO - [motif:out_in_pos] shape=(3786, 3786), nnz=9179, density=0.000640, range=(1.408427829757165e-07, 11.439601133494048)
2025-10-02 07:39:47,951 - INFO - [motif:out_in_neg] shape=(3786, 3786), nnz=846, density=0.000059, range=(8.331116810581753e-07, 6.417015232377665)
2025-10-02 07:39:47,951 - INFO - [motif:co_out] shape=(3786, 3786), nnz=0, density=0.000000, range=(0.0, 0.0)
2025-10-02 07:39:47,951 - INFO - [motif:co_in] shape=(3786, 3786), nnz=0, density=0.000000, range=(0.0, 0.0)
2025-10-02 07:39:47,951 - INFO - Triads indexed for 3154 unique nodes
2025-10-02 07:39:47,951 - INFO - Motif structures built in 1.68s
2025-10-02 07:39:48,893 - INFO - Total initialization time: 2.66s
2025-10-02 07:39:48,893 - INFO - Starting training...
2025-10-02 07:39:49,176 - INFO - motif_energy_pos=0.011711, motif_energy_neg=4.453933
2025-10-02 07:39:49,198 - INFO - dot_pos_mu=4.445±0.167, dot_neg_mu=4.440±0.169
2025-10-02 07:39:52,533 - INFO - Epoch 0: epoch=0, accuracy=0.5909, f1_micro=0.7314, f1_macro=0.4368, f1_weighted=0.5909, auc=0.6017, eval_time=3.6394
2025-10-02 07:39:55,961 - INFO - Epoch 0: epoch=0, loss=0.3580, edge_loss=0.3580, motif_loss=0.0000, triad_loss=0.0000, alpha=0.0000, beta=0.0000, train_time=3.4193, epoch_time=7.0679, lr=0.0010, cache_hits=0, cache_misses=7000, cache_hit_rate=0.0000, cache_cache_size=7000
2025-10-02 07:40:00,635 - INFO - Epoch 1: epoch=1, loss=1.1507, edge_loss=0.3728, motif_loss=0.7776, triad_loss=0.0004, alpha=0.0010, beta=0.0010, train_time=4.6740, epoch_time=4.6740, lr=0.0010, cache_hits=6476, cache_misses=7524, cache_hit_rate=0.4626, cache_cache_size=7524
2025-10-02 07:40:05,485 - INFO - Epoch 2: epoch=2, loss=1.0459, edge_loss=0.4412, motif_loss=0.6032, triad_loss=0.0015, alpha=0.0035, beta=0.0035, train_time=4.8500, epoch_time=4.8500, lr=0.0010, cache_hits=13434, cache_misses=7566, cache_hit_rate=0.6397, cache_cache_size=7566
2025-10-02 07:40:10,393 - INFO - Epoch 3: epoch=3, loss=0.9677, edge_loss=0.3875, motif_loss=0.5776, triad_loss=0.0027, alpha=0.0065, beta=0.0065, train_time=4.9059, epoch_time=4.9059, lr=0.0010, cache_hits=20434, cache_misses=7566, cache_hit_rate=0.7298, cache_cache_size=7566
2025-10-02 07:40:15,077 - INFO - Epoch 4: epoch=4, loss=0.8316, edge_loss=0.3028, motif_loss=0.5258, triad_loss=0.0031, alpha=0.0090, beta=0.0090, train_time=4.6842, epoch_time=4.6842, lr=0.0010, cache_hits=27434, cache_misses=7566, cache_hit_rate=0.7838, cache_cache_size=7566
2025-10-02 07:40:15,348 - INFO - motif_energy_pos=0.236874, motif_energy_neg=0.933085
2025-10-02 07:40:15,369 - INFO - dot_pos_mu=1.692±0.883, dot_neg_mu=0.498±0.399
2025-10-02 07:40:18,261 - INFO - Epoch 5: epoch=5, accuracy=0.8152, f1_micro=0.8935, f1_macro=0.5970, f1_weighted=0.8152, auc=0.8411, eval_time=3.1835
2025-10-02 07:40:23,309 - INFO - Epoch 5: epoch=5, loss=0.6630, edge_loss=0.2528, motif_loss=0.4071, triad_loss=0.0030, alpha=0.0100, beta=0.0100, train_time=5.0327, epoch_time=8.2318, lr=0.0010, cache_hits=34434, cache_misses=7566, cache_hit_rate=0.8199, cache_cache_size=7566
2025-10-02 07:40:28,259 - INFO - Epoch 6: epoch=6, loss=0.5089, edge_loss=0.2199, motif_loss=0.2863, triad_loss=0.0027, alpha=0.0100, beta=0.0100, train_time=4.9490, epoch_time=4.9490, lr=0.0010, cache_hits=41434, cache_misses=7566, cache_hit_rate=0.8456, cache_cache_size=7566
2025-10-02 07:40:33,112 - INFO - Epoch 7: epoch=7, loss=0.4148, edge_loss=0.2212, motif_loss=0.1914, triad_loss=0.0023, alpha=0.0100, beta=0.0100, train_time=4.8529, epoch_time=4.8529, lr=0.0010, cache_hits=48434, cache_misses=7566, cache_hit_rate=0.8649, cache_cache_size=7566
2025-10-02 07:40:37,987 - INFO - Epoch 8: epoch=8, loss=0.3716, edge_loss=0.2171, motif_loss=0.1524, triad_loss=0.0021, alpha=0.0100, beta=0.0100, train_time=4.8752, epoch_time=4.8752, lr=0.0010, cache_hits=55434, cache_misses=7566, cache_hit_rate=0.8799, cache_cache_size=7566
2025-10-02 07:40:43,067 - INFO - Epoch 9: epoch=9, loss=0.3598, edge_loss=0.2114, motif_loss=0.1463, triad_loss=0.0021, alpha=0.0100, beta=0.0100, train_time=5.0790, epoch_time=5.0790, lr=0.0010, cache_hits=62434, cache_misses=7566, cache_hit_rate=0.8919, cache_cache_size=7566
2025-10-02 07:40:43,321 - INFO - motif_energy_pos=0.126665, motif_energy_neg=0.625243
2025-10-02 07:40:43,339 - INFO - dot_pos_mu=6.122±4.266, dot_neg_mu=-0.858±2.275
2025-10-02 07:40:46,375 - INFO - Epoch 10: epoch=10, accuracy=0.8539, f1_micro=0.9176, f1_macro=0.6354, f1_weighted=0.8539, auc=0.8582, eval_time=3.3074
2025-10-02 07:40:52,016 - INFO - Epoch 10: epoch=10, loss=0.3416, edge_loss=0.1989, motif_loss=0.1407, triad_loss=0.0021, alpha=0.0100, beta=0.0100, train_time=5.6382, epoch_time=8.9477, lr=0.0010, cache_hits=69434, cache_misses=7566, cache_hit_rate=0.9017, cache_cache_size=7566
2025-10-02 07:40:57,369 - INFO - Epoch 11: epoch=11, loss=0.3309, edge_loss=0.1920, motif_loss=0.1369, triad_loss=0.0020, alpha=0.0100, beta=0.0100, train_time=5.3531, epoch_time=5.3531, lr=0.0010, cache_hits=76434, cache_misses=7566, cache_hit_rate=0.9099, cache_cache_size=7566
2025-10-02 07:41:02,944 - INFO - Epoch 12: epoch=12, loss=0.3236, edge_loss=0.1936, motif_loss=0.1279, triad_loss=0.0021, alpha=0.0100, beta=0.0100, train_time=5.5744, epoch_time=5.5744, lr=0.0010, cache_hits=83434, cache_misses=7566, cache_hit_rate=0.9169, cache_cache_size=7566
2025-10-02 07:41:08,392 - INFO - Epoch 13: epoch=13, loss=0.3196, edge_loss=0.1971, motif_loss=0.1204, triad_loss=0.0021, alpha=0.0100, beta=0.0100, train_time=5.4480, epoch_time=5.4480, lr=0.0010, cache_hits=90434, cache_misses=7566, cache_hit_rate=0.9228, cache_cache_size=7566
2025-10-02 07:41:13,948 - INFO - Epoch 14: epoch=14, loss=0.3150, edge_loss=0.1940, motif_loss=0.1190, triad_loss=0.0021, alpha=0.0100, beta=0.0100, train_time=5.5560, epoch_time=5.5560, lr=0.0010, cache_hits=97434, cache_misses=7566, cache_hit_rate=0.9279, cache_cache_size=7566
2025-10-02 07:41:14,232 - INFO - motif_energy_pos=0.117910, motif_energy_neg=0.589601
2025-10-02 07:41:14,252 - INFO - dot_pos_mu=6.330±4.277, dot_neg_mu=-1.056±2.419
2025-10-02 07:41:17,299 - INFO - Epoch 15: epoch=15, accuracy=0.8584, f1_micro=0.9203, f1_macro=0.6422, f1_weighted=0.8584, auc=0.8611, eval_time=3.3505
2025-10-02 07:41:22,712 - INFO - Epoch 15: epoch=15, loss=0.3063, edge_loss=0.1895, motif_loss=0.1149, triad_loss=0.0020, alpha=0.0100, beta=0.0100, train_time=5.4071, epoch_time=8.7648, lr=0.0010, cache_hits=104434, cache_misses=7566, cache_hit_rate=0.9324, cache_cache_size=7566
2025-10-02 07:41:28,357 - INFO - Epoch 16: epoch=16, loss=0.3034, edge_loss=0.1875, motif_loss=0.1138, triad_loss=0.0021, alpha=0.0100, beta=0.0100, train_time=5.6451, epoch_time=5.6451, lr=0.0010, cache_hits=111434, cache_misses=7566, cache_hit_rate=0.9364, cache_cache_size=7566
2025-10-02 07:41:34,053 - INFO - Epoch 17: epoch=17, loss=0.3091, edge_loss=0.1955, motif_loss=0.1114, triad_loss=0.0022, alpha=0.0100, beta=0.0100, train_time=5.6947, epoch_time=5.6947, lr=0.0010, cache_hits=118434, cache_misses=7566, cache_hit_rate=0.9400, cache_cache_size=7566
2025-10-02 07:41:39,488 - INFO - Epoch 18: epoch=18, loss=0.2967, edge_loss=0.1858, motif_loss=0.1091, triad_loss=0.0018, alpha=0.0100, beta=0.0100, train_time=5.4330, epoch_time=5.4330, lr=0.0010, cache_hits=125434, cache_misses=7566, cache_hit_rate=0.9431, cache_cache_size=7566
2025-10-02 07:41:45,018 - INFO - Epoch 19: epoch=19, loss=0.2924, edge_loss=0.1838, motif_loss=0.1066, triad_loss=0.0020, alpha=0.0100, beta=0.0100, train_time=5.5308, epoch_time=5.5308, lr=0.0010, cache_hits=132434, cache_misses=7566, cache_hit_rate=0.9460, cache_cache_size=7566
2025-10-02 07:41:45,322 - INFO - motif_energy_pos=0.129537, motif_energy_neg=0.504541
2025-10-02 07:41:45,342 - INFO - dot_pos_mu=6.605±5.033, dot_neg_mu=-1.381±2.491
2025-10-02 07:41:48,338 - INFO - Epoch 20: epoch=20, accuracy=0.8561, f1_micro=0.9189, f1_macro=0.6414, f1_weighted=0.8561, auc=0.8610, eval_time=3.3195
2025-10-02 07:41:53,702 - INFO - Epoch 20: epoch=20, loss=0.2942, edge_loss=0.1820, motif_loss=0.1103, triad_loss=0.0019, alpha=0.0100, beta=0.0100, train_time=5.3634, epoch_time=8.6839, lr=0.0010, cache_hits=139434, cache_misses=7566, cache_hit_rate=0.9485, cache_cache_size=7566
2025-10-02 07:41:59,306 - INFO - Epoch 21: epoch=21, loss=0.2895, edge_loss=0.1818, motif_loss=0.1057, triad_loss=0.0021, alpha=0.0100, beta=0.0100, train_time=5.6016, epoch_time=5.6016, lr=0.0010, cache_hits=146434, cache_misses=7566, cache_hit_rate=0.9509, cache_cache_size=7566
2025-10-02 07:42:04,674 - INFO - Epoch 22: epoch=22, loss=0.2847, edge_loss=0.1780, motif_loss=0.1047, triad_loss=0.0020, alpha=0.0100, beta=0.0100, train_time=5.3679, epoch_time=5.3679, lr=0.0010, cache_hits=153434, cache_misses=7566, cache_hit_rate=0.9530, cache_cache_size=7566
2025-10-02 07:42:10,237 - INFO - Epoch 23: epoch=23, loss=0.2789, edge_loss=0.1738, motif_loss=0.1032, triad_loss=0.0020, alpha=0.0100, beta=0.0100, train_time=5.5625, epoch_time=5.5625, lr=0.0010, cache_hits=160434, cache_misses=7566, cache_hit_rate=0.9550, cache_cache_size=7566
2025-10-02 07:42:15,691 - INFO - Epoch 24: epoch=24, loss=0.2704, edge_loss=0.1702, motif_loss=0.0981, triad_loss=0.0021, alpha=0.0100, beta=0.0100, train_time=5.4544, epoch_time=5.4544, lr=0.0010, cache_hits=167434, cache_misses=7566, cache_hit_rate=0.9568, cache_cache_size=7566
2025-10-02 07:42:15,987 - INFO - motif_energy_pos=0.104117, motif_energy_neg=0.530062
2025-10-02 07:42:16,003 - INFO - dot_pos_mu=7.480±6.028, dot_neg_mu=-1.495±2.826
2025-10-02 07:42:19,012 - INFO - Epoch 25: epoch=25, accuracy=0.8559, f1_micro=0.9187, f1_macro=0.6434, f1_weighted=0.8559, auc=0.8581, eval_time=3.3207
2025-10-02 07:42:24,384 - INFO - Epoch 25: epoch=25, loss=0.2613, edge_loss=0.1630, motif_loss=0.0962, triad_loss=0.0020, alpha=0.0100, beta=0.0100, train_time=5.3706, epoch_time=8.6923, lr=0.0010, cache_hits=174434, cache_misses=7566, cache_hit_rate=0.9584, cache_cache_size=7566
2025-10-02 07:42:29,873 - INFO - Epoch 26: epoch=26, loss=0.2517, edge_loss=0.1587, motif_loss=0.0911, triad_loss=0.0019, alpha=0.0100, beta=0.0100, train_time=5.4892, epoch_time=5.4892, lr=0.0010, cache_hits=181434, cache_misses=7566, cache_hit_rate=0.9600, cache_cache_size=7566
2025-10-02 07:42:35,286 - INFO - Epoch 27: epoch=27, loss=0.2424, edge_loss=0.1529, motif_loss=0.0875, triad_loss=0.0020, alpha=0.0100, beta=0.0100, train_time=5.3998, epoch_time=5.3998, lr=0.0010, cache_hits=188434, cache_misses=7566, cache_hit_rate=0.9614, cache_cache_size=7566
2025-10-02 07:42:40,791 - INFO - Epoch 28: epoch=28, loss=0.2266, edge_loss=0.1458, motif_loss=0.0788, triad_loss=0.0020, alpha=0.0100, beta=0.0100, train_time=5.5051, epoch_time=5.5051, lr=0.0010, cache_hits=195434, cache_misses=7566, cache_hit_rate=0.9627, cache_cache_size=7566
2025-10-02 07:42:46,350 - INFO - Epoch 29: epoch=29, loss=0.2202, edge_loss=0.1450, motif_loss=0.0732, triad_loss=0.0019, alpha=0.0100, beta=0.0100, train_time=5.5593, epoch_time=5.5593, lr=0.0010, cache_hits=202434, cache_misses=7566, cache_hit_rate=0.9640, cache_cache_size=7566
2025-10-02 07:42:46,647 - INFO - motif_energy_pos=0.087707, motif_energy_neg=0.461238
2025-10-02 07:42:46,664 - INFO - dot_pos_mu=9.141±7.160, dot_neg_mu=-2.416±3.949
2025-10-02 07:42:49,687 - INFO - Epoch 30: epoch=30, accuracy=0.8644, f1_micro=0.9241, f1_macro=0.6460, f1_weighted=0.8644, auc=0.8558, eval_time=3.3367
2025-10-02 07:42:55,177 - INFO - Epoch 30: epoch=30, loss=0.2077, edge_loss=0.1408, motif_loss=0.0650, triad_loss=0.0019, alpha=0.0100, beta=0.0100, train_time=5.4886, epoch_time=8.8265, lr=0.0010, cache_hits=209434, cache_misses=7566, cache_hit_rate=0.9651, cache_cache_size=7566
2025-10-02 07:43:00,789 - INFO - Epoch 31: epoch=31, loss=0.2008, edge_loss=0.1364, motif_loss=0.0625, triad_loss=0.0019, alpha=0.0100, beta=0.0100, train_time=5.6117, epoch_time=5.6117, lr=0.0010, cache_hits=216434, cache_misses=7566, cache_hit_rate=0.9662, cache_cache_size=7566
2025-10-02 07:43:06,206 - INFO - Epoch 32: epoch=32, loss=0.1987, edge_loss=0.1383, motif_loss=0.0585, triad_loss=0.0020, alpha=0.0100, beta=0.0100, train_time=5.4161, epoch_time=5.4161, lr=0.0010, cache_hits=223434, cache_misses=7566, cache_hit_rate=0.9672, cache_cache_size=7566
2025-10-02 07:43:11,754 - INFO - Epoch 33: epoch=33, loss=0.1989, edge_loss=0.1379, motif_loss=0.0591, triad_loss=0.0019, alpha=0.0100, beta=0.0100, train_time=5.5486, epoch_time=5.5486, lr=0.0010, cache_hits=230434, cache_misses=7566, cache_hit_rate=0.9682, cache_cache_size=7566
2025-10-02 07:43:17,231 - INFO - Epoch 34: epoch=34, loss=0.1902, edge_loss=0.1313, motif_loss=0.0571, triad_loss=0.0019, alpha=0.0100, beta=0.0100, train_time=5.4773, epoch_time=5.4773, lr=0.0010, cache_hits=237434, cache_misses=7566, cache_hit_rate=0.9691, cache_cache_size=7566
2025-10-02 07:43:17,527 - INFO - motif_energy_pos=0.068249, motif_energy_neg=0.472980
2025-10-02 07:43:17,553 - INFO - dot_pos_mu=10.544±7.587, dot_neg_mu=-2.546±4.247
2025-10-02 07:43:20,594 - INFO - Epoch 35: epoch=35, accuracy=0.8654, f1_micro=0.9247, f1_macro=0.6448, f1_weighted=0.8654, auc=0.8614, eval_time=3.3624
2025-10-02 07:43:26,113 - INFO - Epoch 35: epoch=35, loss=0.1852, edge_loss=0.1289, motif_loss=0.0544, triad_loss=0.0019, alpha=0.0100, beta=0.0100, train_time=5.5125, epoch_time=8.8813, lr=0.0010, cache_hits=244434, cache_misses=7566, cache_hit_rate=0.9700, cache_cache_size=7566
2025-10-02 07:43:31,660 - INFO - Epoch 36: epoch=36, loss=0.1827, edge_loss=0.1304, motif_loss=0.0504, triad_loss=0.0019, alpha=0.0100, beta=0.0100, train_time=5.5475, epoch_time=5.5475, lr=0.0010, cache_hits=251434, cache_misses=7566, cache_hit_rate=0.9708, cache_cache_size=7566
2025-10-02 07:43:37,034 - INFO - Epoch 37: epoch=37, loss=0.1821, edge_loss=0.1305, motif_loss=0.0498, triad_loss=0.0019, alpha=0.0100, beta=0.0100, train_time=5.3735, epoch_time=5.3735, lr=0.0010, cache_hits=258434, cache_misses=7566, cache_hit_rate=0.9716, cache_cache_size=7566
2025-10-02 07:43:42,565 - INFO - Epoch 38: epoch=38, loss=0.1784, edge_loss=0.1269, motif_loss=0.0495, triad_loss=0.0020, alpha=0.0100, beta=0.0100, train_time=5.5315, epoch_time=5.5315, lr=0.0010, cache_hits=265434, cache_misses=7566, cache_hit_rate=0.9723, cache_cache_size=7566
2025-10-02 07:43:47,892 - INFO - Epoch 39: epoch=39, loss=0.1783, edge_loss=0.1282, motif_loss=0.0482, triad_loss=0.0019, alpha=0.0100, beta=0.0100, train_time=5.3270, epoch_time=5.3270, lr=0.0010, cache_hits=272434, cache_misses=7566, cache_hit_rate=0.9730, cache_cache_size=7566
2025-10-02 07:43:48,184 - INFO - motif_energy_pos=0.077670, motif_energy_neg=0.388009
2025-10-02 07:43:48,209 - INFO - dot_pos_mu=10.345±7.624, dot_neg_mu=-2.727±3.945
2025-10-02 07:43:51,178 - INFO - Epoch 40: epoch=40, accuracy=0.8646, f1_micro=0.9243, f1_macro=0.6420, f1_weighted=0.8646, auc=0.8627, eval_time=3.2856
2025-10-02 07:43:56,721 - INFO - Epoch 40: epoch=40, loss=0.1750, edge_loss=0.1268, motif_loss=0.0464, triad_loss=0.0018, alpha=0.0100, beta=0.0100, train_time=5.5289, epoch_time=8.8285, lr=0.0010, cache_hits=279434, cache_misses=7566, cache_hit_rate=0.9736, cache_cache_size=7566
2025-10-02 07:44:02,236 - INFO - Epoch 41: epoch=41, loss=0.1700, edge_loss=0.1231, motif_loss=0.0452, triad_loss=0.0017, alpha=0.0100, beta=0.0100, train_time=5.5150, epoch_time=5.5150, lr=0.0010, cache_hits=286434, cache_misses=7566, cache_hit_rate=0.9743, cache_cache_size=7566
2025-10-02 07:44:07,644 - INFO - Epoch 42: epoch=42, loss=0.1660, edge_loss=0.1200, motif_loss=0.0442, triad_loss=0.0018, alpha=0.0100, beta=0.0100, train_time=5.4080, epoch_time=5.4080, lr=0.0010, cache_hits=293434, cache_misses=7566, cache_hit_rate=0.9749, cache_cache_size=7566
2025-10-02 07:44:13,204 - INFO - Epoch 43: epoch=43, loss=0.1693, edge_loss=0.1247, motif_loss=0.0429, triad_loss=0.0018, alpha=0.0100, beta=0.0100, train_time=5.5588, epoch_time=5.5588, lr=0.0010, cache_hits=300434, cache_misses=7566, cache_hit_rate=0.9754, cache_cache_size=7566
2025-10-02 07:44:18,794 - INFO - Epoch 44: epoch=44, loss=0.1676, edge_loss=0.1225, motif_loss=0.0433, triad_loss=0.0018, alpha=0.0100, beta=0.0100, train_time=5.5908, epoch_time=5.5908, lr=0.0010, cache_hits=307434, cache_misses=7566, cache_hit_rate=0.9760, cache_cache_size=7566
2025-10-02 07:44:19,089 - INFO - motif_energy_pos=0.078736, motif_energy_neg=0.358278
2025-10-02 07:44:19,109 - INFO - dot_pos_mu=10.985±8.084, dot_neg_mu=-3.216±4.262
2025-10-02 07:44:22,158 - INFO - Epoch 45: epoch=45, accuracy=0.8652, f1_micro=0.9246, f1_macro=0.6440, f1_weighted=0.8652, auc=0.8642, eval_time=3.3626
2025-10-02 07:44:27,721 - INFO - Epoch 45: epoch=45, loss=0.1617, edge_loss=0.1190, motif_loss=0.0411, triad_loss=0.0016, alpha=0.0100, beta=0.0100, train_time=5.5423, epoch_time=8.9249, lr=0.0010, cache_hits=314434, cache_misses=7566, cache_hit_rate=0.9765, cache_cache_size=7566
2025-10-02 07:44:33,390 - INFO - Epoch 46: epoch=46, loss=0.1667, edge_loss=0.1225, motif_loss=0.0424, triad_loss=0.0018, alpha=0.0100, beta=0.0100, train_time=5.6689, epoch_time=5.6689, lr=0.0010, cache_hits=321434, cache_misses=7566, cache_hit_rate=0.9770, cache_cache_size=7566
2025-10-02 07:44:39,253 - INFO - Epoch 47: epoch=47, loss=0.1694, edge_loss=0.1267, motif_loss=0.0409, triad_loss=0.0018, alpha=0.0100, beta=0.0100, train_time=5.8626, epoch_time=5.8626, lr=0.0010, cache_hits=328434, cache_misses=7566, cache_hit_rate=0.9775, cache_cache_size=7566
2025-10-02 07:44:45,471 - INFO - Epoch 48: epoch=48, loss=0.1631, edge_loss=0.1185, motif_loss=0.0429, triad_loss=0.0017, alpha=0.0100, beta=0.0100, train_time=6.2182, epoch_time=6.2182, lr=0.0010, cache_hits=335434, cache_misses=7566, cache_hit_rate=0.9779, cache_cache_size=7566
2025-10-02 07:44:51,044 - INFO - Epoch 49: epoch=49, loss=0.1627, edge_loss=0.1187, motif_loss=0.0424, triad_loss=0.0016, alpha=0.0100, beta=0.0100, train_time=5.5727, epoch_time=5.5727, lr=0.0010, cache_hits=342434, cache_misses=7566, cache_hit_rate=0.9784, cache_cache_size=7566
2025-10-02 07:44:51,354 - INFO - motif_energy_pos=0.082414, motif_energy_neg=0.323732
2025-10-02 07:44:51,381 - INFO - dot_pos_mu=10.491±7.733, dot_neg_mu=-3.292±4.104
2025-10-02 07:44:52,654 - INFO - Epoch 50: epoch=50, accuracy=0.8617, f1_micro=0.9225, f1_macro=0.6393, f1_weighted=0.8617, auc=0.8635, eval_time=1.6105
2025-10-02 07:44:58,261 - INFO - Epoch 50: epoch=50, loss=0.1604, edge_loss=0.1206, motif_loss=0.0382, triad_loss=0.0017, alpha=0.0100, beta=0.0100, train_time=5.6071, epoch_time=7.2175, lr=0.0010, cache_hits=349434, cache_misses=7566, cache_hit_rate=0.9788, cache_cache_size=7566
2025-10-02 07:45:03,785 - INFO - Epoch 51: epoch=51, loss=0.1538, edge_loss=0.1161, motif_loss=0.0359, triad_loss=0.0017, alpha=0.0100, beta=0.0100, train_time=5.5224, epoch_time=5.5224, lr=0.0010, cache_hits=356434, cache_misses=7566, cache_hit_rate=0.9792, cache_cache_size=7566
2025-10-02 07:45:03,785 - INFO - ================================================================================
2025-10-02 07:45:03,785 - INFO - Training completed!
2025-10-02 07:45:03,785 - INFO - Best AUC: 0.8642 at epoch 45
2025-10-02 07:45:03,785 - INFO - Total training time: 317.55s
2025-10-02 07:45:03,785 - INFO - Cache statistics: {'hits': 356434, 'misses': 7566, 'hit_rate': 0.9792142857142857, 'cache_size': 7566}
2025-10-02 07:45:04,654 - WARNING - Could not plot metrics: x and y must have same first dimension, but have shapes (63,) and (52,)
2025-10-02 07:45:04,654 - INFO - ================================================================================
