2025-10-02 09:31:02,116 - INFO - ================================================================================
2025-10-02 09:31:02,116 - INFO - SDGNN with Motif-based Higher-order Learning (Enhanced)
2025-10-02 09:31:02,116 - INFO - ================================================================================
2025-10-02 09:31:02,116 - INFO - NUM_NODE: 3783
2025-10-02 09:31:02,116 - INFO - WEIGHT_DECAY: 0.001
2025-10-02 09:31:02,116 - INFO - NODE_FEAT_SIZE: 20
2025-10-02 09:31:02,116 - INFO - EMBEDDING_SIZE: 20
2025-10-02 09:31:02,116 - INFO - LEARNING_RATE: 0.0005
2025-10-02 09:31:02,132 - INFO - BATCH_SIZE: 500
2025-10-02 09:31:02,132 - INFO - EPOCHS: 50
2025-10-02 09:31:02,132 - INFO - DROPOUT: 0.0
2025-10-02 09:31:02,132 - INFO - AGGREGATOR: attention
2025-10-02 09:31:02,132 - INFO - ALPHA: 0.001
2025-10-02 09:31:02,132 - INFO - BETA: 0.001
2025-10-02 09:31:02,132 - INFO - DEVICE: cpu
2025-10-02 09:31:02,132 - INFO - ================================================================================
2025-10-02 09:31:02,132 - INFO - Starting training for dataset: bitcoin_alpha, fold: 1
2025-10-02 09:31:02,132 - INFO - Configuration: {'devices': 'cpu', 'seed': 13, 'epochs': 50, 'lr': 0.0005, 'weight_decay': 0.001, 'dataset': 'bitcoin_alpha', 'dim': 20, 'fea_dim': 20, 'batch_size': 500, 'dropout': 0.0, 'k': '1', 'agg': 'attention', 'alpha': 0.001, 'beta': 0.001, 'max_pos_per_u': 50, 'max_neg_per_u': 50, 'eval_every': 5, 'patience': 15, 'warmup_epochs': 10, 'use_cache': True, 'lr_schedule': True, 'grad_clip': 5.0, 'triad_samples': 1000, 'triad_prob': 0.8, 'motif_scale': 1.0, 'motif_loss_type': 'logistic'}
2025-10-02 09:31:02,155 - INFO - Data loaded in 0.02s
2025-10-02 09:31:02,155 - INFO - Building motif structures...
2025-10-02 09:31:02,571 - INFO - Sampled 101500 triads
2025-10-02 09:31:03,788 - INFO - [motif:out_in_pos] nnz=9179, mean=0.973225
2025-10-02 09:31:03,804 - INFO - [motif:out_in_neg] nnz=846, mean=0.986251
2025-10-02 09:31:03,805 - INFO - [motif:out_in_pos] shape=(3786, 3786), nnz=9179, density=0.000640, range=(1.408427829757165e-07, 11.439601133494048)
2025-10-02 09:31:03,805 - INFO - [motif:out_in_neg] shape=(3786, 3786), nnz=846, density=0.000059, range=(8.331116810581753e-07, 6.417015232377665)
2025-10-02 09:31:03,805 - INFO - [motif:co_out] shape=(3786, 3786), nnz=0, density=0.000000, range=(0.0, 0.0)
2025-10-02 09:31:03,805 - INFO - [motif:co_in] shape=(3786, 3786), nnz=0, density=0.000000, range=(0.0, 0.0)
2025-10-02 09:31:03,805 - INFO - Triads indexed for 3154 unique nodes
2025-10-02 09:31:03,805 - INFO - Motif structures built in 1.65s
2025-10-02 09:31:04,735 - INFO - Total initialization time: 2.60s
2025-10-02 09:31:04,735 - INFO - Starting training...
2025-10-02 09:31:04,991 - INFO - motif_energy_pos=0.011711, motif_energy_neg=4.453933
2025-10-02 09:31:05,005 - INFO - dot_pos_mu=4.445±0.167, dot_neg_mu=4.440±0.169
2025-10-02 09:31:08,346 - INFO - Epoch 0: epoch=0, accuracy=0.5909, f1_micro=0.7314, f1_macro=0.4368, f1_weighted=0.5909, auc=0.6017, eval_time=3.6115
2025-10-02 09:31:11,824 - INFO - Epoch 0: epoch=0, loss=0.3565, edge_loss=0.3565, motif_loss=0.0000, triad_loss=0.0000, alpha=0.0000, beta=0.0000, train_time=3.4601, epoch_time=7.0895, lr=0.0005, cache_hits=0, cache_misses=7000, cache_hit_rate=0.0000, cache_cache_size=7000
2025-10-02 09:31:17,867 - INFO -   Note: Motif loss is 0.00000568 (very small, may show as 0.0000)
2025-10-02 09:31:17,869 - INFO - Epoch 1: epoch=1, loss=0.3251, edge_loss=0.3250, motif_loss=0.0000, triad_loss=0.0000, alpha=0.0000, beta=0.0000, train_time=6.0428, epoch_time=6.0428, lr=0.0005, cache_hits=6476, cache_misses=7524, cache_hit_rate=0.4626, cache_cache_size=7524
2025-10-02 09:31:23,914 - INFO -   Note: Motif loss is 0.00002321 (very small, may show as 0.0000)
2025-10-02 09:31:23,914 - INFO - Epoch 2: epoch=2, loss=0.3172, edge_loss=0.3168, motif_loss=0.0000, triad_loss=0.0003, alpha=0.0001, beta=0.0001, train_time=6.0452, epoch_time=6.0452, lr=0.0005, cache_hits=13434, cache_misses=7566, cache_hit_rate=0.6397, cache_cache_size=7566
2025-10-02 09:31:29,753 - INFO -   Note: Motif loss is 0.00004645 (very small, may show as 0.0000)
2025-10-02 09:31:29,753 - INFO - Epoch 3: epoch=3, loss=0.3053, edge_loss=0.3047, motif_loss=0.0000, triad_loss=0.0005, alpha=0.0002, beta=0.0002, train_time=5.8390, epoch_time=5.8390, lr=0.0005, cache_hits=20434, cache_misses=7566, cache_hit_rate=0.7298, cache_cache_size=7566
2025-10-02 09:31:35,723 - INFO -   Note: Motif loss is 0.00007626 (very small, may show as 0.0000)
2025-10-02 09:31:35,723 - INFO - Epoch 4: epoch=4, loss=0.3029, edge_loss=0.3021, motif_loss=0.0001, triad_loss=0.0008, alpha=0.0003, beta=0.0003, train_time=5.9695, epoch_time=5.9695, lr=0.0005, cache_hits=27434, cache_misses=7566, cache_hit_rate=0.7838, cache_cache_size=7566
2025-10-02 09:31:35,953 - INFO - motif_energy_pos=0.090897, motif_energy_neg=2.124401
2025-10-02 09:31:35,991 - INFO - dot_pos_mu=2.386±0.235, dot_neg_mu=2.009±0.173
2025-10-02 09:31:38,921 - INFO - Epoch 5: epoch=5, accuracy=0.8111, f1_micro=0.8905, f1_macro=0.6011, f1_weighted=0.8111, auc=0.8385, eval_time=3.1985
2025-10-02 09:31:44,972 - INFO - Epoch 5: epoch=5, loss=0.2908, edge_loss=0.2894, motif_loss=0.0001, triad_loss=0.0013, alpha=0.0005, beta=0.0005, train_time=6.0504, epoch_time=9.2490, lr=0.0005, cache_hits=34434, cache_misses=7566, cache_hit_rate=0.8199, cache_cache_size=7566
2025-10-02 09:31:51,059 - INFO - Epoch 6: epoch=6, loss=0.2788, edge_loss=0.2770, motif_loss=0.0001, triad_loss=0.0017, alpha=0.0007, beta=0.0007, train_time=6.0870, epoch_time=6.0870, lr=0.0005, cache_hits=41434, cache_misses=7566, cache_hit_rate=0.8456, cache_cache_size=7566
2025-10-02 09:31:57,037 - INFO - Epoch 7: epoch=7, loss=0.2585, edge_loss=0.2562, motif_loss=0.0002, triad_loss=0.0021, alpha=0.0008, beta=0.0008, train_time=5.9788, epoch_time=5.9788, lr=0.0005, cache_hits=48434, cache_misses=7566, cache_hit_rate=0.8649, cache_cache_size=7566
2025-10-02 09:32:03,068 - INFO - Epoch 8: epoch=8, loss=0.2311, edge_loss=0.2279, motif_loss=0.0002, triad_loss=0.0030, alpha=0.0009, beta=0.0009, train_time=6.0301, epoch_time=6.0301, lr=0.0005, cache_hits=55434, cache_misses=7566, cache_hit_rate=0.8799, cache_cache_size=7566
2025-10-02 09:32:09,028 - INFO - Epoch 9: epoch=9, loss=0.2242, edge_loss=0.2208, motif_loss=0.0002, triad_loss=0.0033, alpha=0.0010, beta=0.0010, train_time=5.9609, epoch_time=5.9609, lr=0.0005, cache_hits=62434, cache_misses=7566, cache_hit_rate=0.8919, cache_cache_size=7566
2025-10-02 09:32:09,280 - INFO - motif_energy_pos=0.073966, motif_energy_neg=1.419419
2025-10-02 09:32:09,306 - INFO - dot_pos_mu=3.332±1.291, dot_neg_mu=1.164±0.622
2025-10-02 09:32:12,211 - INFO - Epoch 10: epoch=10, accuracy=0.8590, f1_micro=0.9208, f1_macro=0.6411, f1_weighted=0.8590, auc=0.8748, eval_time=3.1824
2025-10-02 09:32:18,212 - INFO - Epoch 10: epoch=10, loss=0.2024, edge_loss=0.1977, motif_loss=0.0002, triad_loss=0.0045, alpha=0.0010, beta=0.0010, train_time=5.9859, epoch_time=9.1832, lr=0.0005, cache_hits=69434, cache_misses=7566, cache_hit_rate=0.9017, cache_cache_size=7566
2025-10-02 09:32:24,180 - INFO - Epoch 11: epoch=11, loss=0.1844, edge_loss=0.1789, motif_loss=0.0001, triad_loss=0.0054, alpha=0.0010, beta=0.0010, train_time=5.9685, epoch_time=5.9685, lr=0.0005, cache_hits=76434, cache_misses=7566, cache_hit_rate=0.9099, cache_cache_size=7566
2025-10-02 09:32:30,165 - INFO - Epoch 12: epoch=12, loss=0.1751, edge_loss=0.1682, motif_loss=0.0001, triad_loss=0.0067, alpha=0.0010, beta=0.0010, train_time=5.9839, epoch_time=5.9839, lr=0.0005, cache_hits=83434, cache_misses=7566, cache_hit_rate=0.9169, cache_cache_size=7566
2025-10-02 09:32:36,201 - INFO - Epoch 13: epoch=13, loss=0.1665, edge_loss=0.1586, motif_loss=0.0001, triad_loss=0.0077, alpha=0.0010, beta=0.0010, train_time=6.0360, epoch_time=6.0360, lr=0.0005, cache_hits=90434, cache_misses=7566, cache_hit_rate=0.9228, cache_cache_size=7566
2025-10-02 09:32:42,221 - INFO - Epoch 14: epoch=14, loss=0.1622, edge_loss=0.1536, motif_loss=0.0001, triad_loss=0.0085, alpha=0.0010, beta=0.0010, train_time=6.0200, epoch_time=6.0200, lr=0.0005, cache_hits=97434, cache_misses=7566, cache_hit_rate=0.9279, cache_cache_size=7566
2025-10-02 09:32:42,462 - INFO - motif_energy_pos=0.063288, motif_energy_neg=0.890330
2025-10-02 09:32:42,489 - INFO - dot_pos_mu=4.777±2.405, dot_neg_mu=0.156±1.296
2025-10-02 09:32:45,372 - INFO - Epoch 15: epoch=15, accuracy=0.8793, f1_micro=0.9330, f1_macro=0.6642, f1_weighted=0.8793, auc=0.8788, eval_time=3.1509
2025-10-02 09:32:51,396 - INFO - Epoch 15: epoch=15, loss=0.1572, edge_loss=0.1486, motif_loss=0.0001, triad_loss=0.0085, alpha=0.0010, beta=0.0010, train_time=6.0059, epoch_time=9.1744, lr=0.0005, cache_hits=104434, cache_misses=7566, cache_hit_rate=0.9324, cache_cache_size=7566
2025-10-02 09:32:57,485 - INFO - Epoch 16: epoch=16, loss=0.1530, edge_loss=0.1440, motif_loss=0.0001, triad_loss=0.0089, alpha=0.0010, beta=0.0010, train_time=6.0890, epoch_time=6.0890, lr=0.0005, cache_hits=111434, cache_misses=7566, cache_hit_rate=0.9364, cache_cache_size=7566
2025-10-02 09:33:03,617 - INFO - Epoch 17: epoch=17, loss=0.1542, edge_loss=0.1458, motif_loss=0.0001, triad_loss=0.0083, alpha=0.0010, beta=0.0010, train_time=6.1328, epoch_time=6.1328, lr=0.0005, cache_hits=118434, cache_misses=7566, cache_hit_rate=0.9400, cache_cache_size=7566
2025-10-02 09:33:09,575 - INFO -   Note: Motif loss is 0.00009962 (very small, may show as 0.0000)
2025-10-02 09:33:09,575 - INFO - Epoch 18: epoch=18, loss=0.1496, edge_loss=0.1409, motif_loss=0.0001, triad_loss=0.0085, alpha=0.0010, beta=0.0010, train_time=5.9574, epoch_time=5.9574, lr=0.0005, cache_hits=125434, cache_misses=7566, cache_hit_rate=0.9431, cache_cache_size=7566
2025-10-02 09:33:15,652 - INFO - Epoch 19: epoch=19, loss=0.1470, edge_loss=0.1388, motif_loss=0.0001, triad_loss=0.0081, alpha=0.0010, beta=0.0010, train_time=6.0753, epoch_time=6.0753, lr=0.0005, cache_hits=132434, cache_misses=7566, cache_hit_rate=0.9460, cache_cache_size=7566
2025-10-02 09:33:15,898 - INFO - motif_energy_pos=0.056056, motif_energy_neg=0.857156
2025-10-02 09:33:15,923 - INFO - dot_pos_mu=4.993±2.441, dot_neg_mu=-0.087±1.609
2025-10-02 09:33:18,819 - INFO - Epoch 20: epoch=20, accuracy=0.8861, f1_micro=0.9369, f1_macro=0.6751, f1_weighted=0.8861, auc=0.8772, eval_time=3.1673
2025-10-02 09:33:24,779 - INFO - Epoch 20: epoch=20, loss=0.1481, edge_loss=0.1396, motif_loss=0.0001, triad_loss=0.0084, alpha=0.0010, beta=0.0010, train_time=5.9598, epoch_time=9.1271, lr=0.0005, cache_hits=139434, cache_misses=7566, cache_hit_rate=0.9485, cache_cache_size=7566
2025-10-02 09:33:30,815 - INFO -   Note: Motif loss is 0.00009932 (very small, may show as 0.0000)
2025-10-02 09:33:30,815 - INFO - Epoch 21: epoch=21, loss=0.1461, edge_loss=0.1373, motif_loss=0.0001, triad_loss=0.0087, alpha=0.0010, beta=0.0010, train_time=6.0360, epoch_time=6.0360, lr=0.0005, cache_hits=146434, cache_misses=7566, cache_hit_rate=0.9509, cache_cache_size=7566
2025-10-02 09:33:36,836 - INFO -   Note: Motif loss is 0.00009620 (very small, may show as 0.0000)
2025-10-02 09:33:36,836 - INFO - Epoch 22: epoch=22, loss=0.1460, edge_loss=0.1374, motif_loss=0.0001, triad_loss=0.0085, alpha=0.0010, beta=0.0010, train_time=6.0212, epoch_time=6.0212, lr=0.0005, cache_hits=153434, cache_misses=7566, cache_hit_rate=0.9530, cache_cache_size=7566
2025-10-02 09:33:42,876 - INFO -   Note: Motif loss is 0.00009682 (very small, may show as 0.0000)
2025-10-02 09:33:42,876 - INFO - Epoch 23: epoch=23, loss=0.1459, edge_loss=0.1374, motif_loss=0.0001, triad_loss=0.0084, alpha=0.0010, beta=0.0010, train_time=6.0392, epoch_time=6.0392, lr=0.0005, cache_hits=160434, cache_misses=7566, cache_hit_rate=0.9550, cache_cache_size=7566
2025-10-02 09:33:48,867 - INFO -   Note: Motif loss is 0.00009394 (very small, may show as 0.0000)
2025-10-02 09:33:48,867 - INFO - Epoch 24: epoch=24, loss=0.1461, edge_loss=0.1373, motif_loss=0.0001, triad_loss=0.0087, alpha=0.0010, beta=0.0010, train_time=5.9909, epoch_time=5.9909, lr=0.0005, cache_hits=167434, cache_misses=7566, cache_hit_rate=0.9568, cache_cache_size=7566
2025-10-02 09:33:49,131 - INFO - motif_energy_pos=0.061152, motif_energy_neg=0.788328
2025-10-02 09:33:49,151 - INFO - dot_pos_mu=4.969±2.572, dot_neg_mu=-0.270±1.675
2025-10-02 09:33:52,067 - INFO - Epoch 25: epoch=25, accuracy=0.8907, f1_micro=0.9395, f1_macro=0.6838, f1_weighted=0.8907, auc=0.8764, eval_time=3.2008
2025-10-02 09:33:57,954 - INFO -   Note: Motif loss is 0.00009409 (very small, may show as 0.0000)
2025-10-02 09:33:57,954 - INFO - Epoch 25: epoch=25, loss=0.1445, edge_loss=0.1358, motif_loss=0.0001, triad_loss=0.0086, alpha=0.0010, beta=0.0010, train_time=5.8867, epoch_time=9.0875, lr=0.0005, cache_hits=174434, cache_misses=7566, cache_hit_rate=0.9584, cache_cache_size=7566
2025-10-02 09:34:03,981 - INFO -   Note: Motif loss is 0.00009287 (very small, may show as 0.0000)
2025-10-02 09:34:03,981 - INFO - Epoch 26: epoch=26, loss=0.1434, edge_loss=0.1345, motif_loss=0.0001, triad_loss=0.0088, alpha=0.0010, beta=0.0010, train_time=6.0267, epoch_time=6.0267, lr=0.0005, cache_hits=181434, cache_misses=7566, cache_hit_rate=0.9600, cache_cache_size=7566
2025-10-02 09:34:09,986 - INFO -   Note: Motif loss is 0.00009794 (very small, may show as 0.0000)
2025-10-02 09:34:09,986 - INFO - Epoch 27: epoch=27, loss=0.1420, edge_loss=0.1332, motif_loss=0.0001, triad_loss=0.0087, alpha=0.0010, beta=0.0010, train_time=6.0054, epoch_time=6.0054, lr=0.0005, cache_hits=188434, cache_misses=7566, cache_hit_rate=0.9614, cache_cache_size=7566
2025-10-02 09:34:16,005 - INFO -   Note: Motif loss is 0.00009366 (very small, may show as 0.0000)
2025-10-02 09:34:16,006 - INFO - Epoch 28: epoch=28, loss=0.1392, edge_loss=0.1302, motif_loss=0.0001, triad_loss=0.0088, alpha=0.0010, beta=0.0010, train_time=6.0186, epoch_time=6.0186, lr=0.0005, cache_hits=195434, cache_misses=7566, cache_hit_rate=0.9627, cache_cache_size=7566
2025-10-02 09:34:21,982 - INFO -   Note: Motif loss is 0.00009508 (very small, may show as 0.0000)
2025-10-02 09:34:21,982 - INFO - Epoch 29: epoch=29, loss=0.1430, edge_loss=0.1340, motif_loss=0.0001, triad_loss=0.0090, alpha=0.0010, beta=0.0010, train_time=5.9761, epoch_time=5.9761, lr=0.0005, cache_hits=202434, cache_misses=7566, cache_hit_rate=0.9640, cache_cache_size=7566
2025-10-02 09:34:22,248 - INFO - motif_energy_pos=0.064442, motif_energy_neg=0.745604
2025-10-02 09:34:22,270 - INFO - dot_pos_mu=4.995±2.704, dot_neg_mu=-0.395±1.727
2025-10-02 09:34:25,167 - INFO - Epoch 30: epoch=30, accuracy=0.8907, f1_micro=0.9396, f1_macro=0.6826, f1_weighted=0.8907, auc=0.8761, eval_time=3.1856
2025-10-02 09:34:31,172 - INFO -   Note: Motif loss is 0.00009259 (very small, may show as 0.0000)
2025-10-02 09:34:31,172 - INFO - Epoch 30: epoch=30, loss=0.1402, edge_loss=0.1312, motif_loss=0.0001, triad_loss=0.0089, alpha=0.0010, beta=0.0010, train_time=6.0045, epoch_time=9.1902, lr=0.0005, cache_hits=209434, cache_misses=7566, cache_hit_rate=0.9651, cache_cache_size=7566
2025-10-02 09:34:37,118 - INFO -   Note: Motif loss is 0.00009076 (very small, may show as 0.0000)
2025-10-02 09:34:37,118 - INFO - Epoch 31: epoch=31, loss=0.1395, edge_loss=0.1304, motif_loss=0.0001, triad_loss=0.0090, alpha=0.0010, beta=0.0010, train_time=5.9465, epoch_time=5.9465, lr=0.0005, cache_hits=216434, cache_misses=7566, cache_hit_rate=0.9662, cache_cache_size=7566
2025-10-02 09:34:43,104 - INFO -   Note: Motif loss is 0.00009246 (very small, may show as 0.0000)
2025-10-02 09:34:43,104 - INFO - Epoch 32: epoch=32, loss=0.1389, edge_loss=0.1298, motif_loss=0.0001, triad_loss=0.0090, alpha=0.0010, beta=0.0010, train_time=5.9859, epoch_time=5.9859, lr=0.0005, cache_hits=223434, cache_misses=7566, cache_hit_rate=0.9672, cache_cache_size=7566
2025-10-02 09:34:49,143 - INFO -   Note: Motif loss is 0.00009055 (very small, may show as 0.0000)
2025-10-02 09:34:49,143 - INFO - Epoch 33: epoch=33, loss=0.1412, edge_loss=0.1319, motif_loss=0.0001, triad_loss=0.0092, alpha=0.0010, beta=0.0010, train_time=6.0386, epoch_time=6.0386, lr=0.0005, cache_hits=230434, cache_misses=7566, cache_hit_rate=0.9682, cache_cache_size=7566
2025-10-02 09:34:55,197 - INFO -   Note: Motif loss is 0.00009251 (very small, may show as 0.0000)
2025-10-02 09:34:55,197 - INFO - Epoch 34: epoch=34, loss=0.1361, edge_loss=0.1270, motif_loss=0.0001, triad_loss=0.0090, alpha=0.0010, beta=0.0010, train_time=6.0535, epoch_time=6.0535, lr=0.0005, cache_hits=237434, cache_misses=7566, cache_hit_rate=0.9691, cache_cache_size=7566
2025-10-02 09:34:55,451 - INFO - motif_energy_pos=0.056805, motif_energy_neg=0.761396
2025-10-02 09:34:55,474 - INFO - dot_pos_mu=5.309±2.897, dot_neg_mu=-0.457±1.893
2025-10-02 09:34:58,404 - INFO - Epoch 35: epoch=35, accuracy=0.8902, f1_micro=0.9393, f1_macro=0.6845, f1_weighted=0.8902, auc=0.8747, eval_time=3.2074
2025-10-02 09:35:04,774 - INFO -   Note: Motif loss is 0.00009062 (very small, may show as 0.0000)
2025-10-02 09:35:04,774 - INFO - Epoch 35: epoch=35, loss=0.1351, edge_loss=0.1259, motif_loss=0.0001, triad_loss=0.0092, alpha=0.0010, beta=0.0010, train_time=6.3697, epoch_time=9.5772, lr=0.0005, cache_hits=244434, cache_misses=7566, cache_hit_rate=0.9700, cache_cache_size=7566
2025-10-02 09:35:11,455 - INFO -   Note: Motif loss is 0.00009075 (very small, may show as 0.0000)
2025-10-02 09:35:11,455 - INFO - Epoch 36: epoch=36, loss=0.1379, edge_loss=0.1286, motif_loss=0.0001, triad_loss=0.0092, alpha=0.0010, beta=0.0010, train_time=6.6814, epoch_time=6.6814, lr=0.0005, cache_hits=251434, cache_misses=7566, cache_hit_rate=0.9708, cache_cache_size=7566
2025-10-02 09:35:18,114 - INFO -   Note: Motif loss is 0.00008910 (very small, may show as 0.0000)
2025-10-02 09:35:18,114 - INFO - Epoch 37: epoch=37, loss=0.1371, edge_loss=0.1279, motif_loss=0.0001, triad_loss=0.0091, alpha=0.0010, beta=0.0010, train_time=6.6586, epoch_time=6.6586, lr=0.0005, cache_hits=258434, cache_misses=7566, cache_hit_rate=0.9716, cache_cache_size=7566
2025-10-02 09:35:24,674 - INFO -   Note: Motif loss is 0.00008999 (very small, may show as 0.0000)
2025-10-02 09:35:24,674 - INFO - Epoch 38: epoch=38, loss=0.1336, edge_loss=0.1241, motif_loss=0.0001, triad_loss=0.0093, alpha=0.0010, beta=0.0010, train_time=6.5579, epoch_time=6.5579, lr=0.0005, cache_hits=265434, cache_misses=7566, cache_hit_rate=0.9723, cache_cache_size=7566
2025-10-02 09:35:31,339 - INFO -   Note: Motif loss is 0.00008803 (very small, may show as 0.0000)
2025-10-02 09:35:31,339 - INFO - Epoch 39: epoch=39, loss=0.1325, edge_loss=0.1230, motif_loss=0.0001, triad_loss=0.0094, alpha=0.0010, beta=0.0010, train_time=6.6651, epoch_time=6.6651, lr=0.0005, cache_hits=272434, cache_misses=7566, cache_hit_rate=0.9730, cache_cache_size=7566
2025-10-02 09:35:31,625 - INFO - motif_energy_pos=0.052006, motif_energy_neg=0.722540
2025-10-02 09:35:31,647 - INFO - dot_pos_mu=5.591±3.089, dot_neg_mu=-0.824±2.340
2025-10-02 09:35:34,584 - INFO - Epoch 40: epoch=40, accuracy=0.8905, f1_micro=0.9394, f1_macro=0.6848, f1_weighted=0.8905, auc=0.8749, eval_time=3.2450
2025-10-02 09:35:41,218 - INFO -   Note: Motif loss is 0.00008665 (very small, may show as 0.0000)
2025-10-02 09:35:41,218 - INFO - Epoch 40: epoch=40, loss=0.1310, edge_loss=0.1213, motif_loss=0.0001, triad_loss=0.0096, alpha=0.0010, beta=0.0010, train_time=6.6341, epoch_time=9.8790, lr=0.0005, cache_hits=279434, cache_misses=7566, cache_hit_rate=0.9736, cache_cache_size=7566
2025-10-02 09:35:47,913 - INFO -   Note: Motif loss is 0.00008543 (very small, may show as 0.0000)
2025-10-02 09:35:47,913 - INFO - Epoch 41: epoch=41, loss=0.1286, edge_loss=0.1186, motif_loss=0.0001, triad_loss=0.0099, alpha=0.0010, beta=0.0010, train_time=6.6953, epoch_time=6.6953, lr=0.0005, cache_hits=286434, cache_misses=7566, cache_hit_rate=0.9743, cache_cache_size=7566
2025-10-02 09:35:54,685 - INFO -   Note: Motif loss is 0.00008316 (very small, may show as 0.0000)
2025-10-02 09:35:54,685 - INFO - Epoch 42: epoch=42, loss=0.1257, edge_loss=0.1159, motif_loss=0.0001, triad_loss=0.0098, alpha=0.0010, beta=0.0010, train_time=6.7721, epoch_time=6.7721, lr=0.0005, cache_hits=293434, cache_misses=7566, cache_hit_rate=0.9749, cache_cache_size=7566
2025-10-02 09:36:01,321 - INFO -   Note: Motif loss is 0.00008341 (very small, may show as 0.0000)
2025-10-02 09:36:01,321 - INFO - Epoch 43: epoch=43, loss=0.1245, edge_loss=0.1143, motif_loss=0.0001, triad_loss=0.0101, alpha=0.0010, beta=0.0010, train_time=6.6353, epoch_time=6.6353, lr=0.0005, cache_hits=300434, cache_misses=7566, cache_hit_rate=0.9754, cache_cache_size=7566
2025-10-02 09:36:08,390 - INFO -   Note: Motif loss is 0.00008201 (very small, may show as 0.0000)
2025-10-02 09:36:08,390 - INFO - Epoch 44: epoch=44, loss=0.1247, edge_loss=0.1145, motif_loss=0.0001, triad_loss=0.0101, alpha=0.0010, beta=0.0010, train_time=7.0692, epoch_time=7.0692, lr=0.0005, cache_hits=307434, cache_misses=7566, cache_hit_rate=0.9760, cache_cache_size=7566
2025-10-02 09:36:08,697 - INFO - motif_energy_pos=0.048611, motif_energy_neg=0.662876
2025-10-02 09:36:08,734 - INFO - dot_pos_mu=5.605±3.095, dot_neg_mu=-1.272±2.799
2025-10-02 09:36:09,989 - INFO - Epoch 45: epoch=45, accuracy=0.8898, f1_micro=0.9390, f1_macro=0.6845, f1_weighted=0.8898, auc=0.8730, eval_time=1.5990
2025-10-02 09:36:16,737 - INFO -   Note: Motif loss is 0.00007740 (very small, may show as 0.0000)
2025-10-02 09:36:16,737 - INFO - Epoch 45: epoch=45, loss=0.1188, edge_loss=0.1090, motif_loss=0.0001, triad_loss=0.0097, alpha=0.0010, beta=0.0010, train_time=6.7487, epoch_time=8.3477, lr=0.0005, cache_hits=314434, cache_misses=7566, cache_hit_rate=0.9765, cache_cache_size=7566
2025-10-02 09:36:23,526 - INFO -   Note: Motif loss is 0.00007752 (very small, may show as 0.0000)
2025-10-02 09:36:23,526 - INFO - Epoch 46: epoch=46, loss=0.1194, edge_loss=0.1097, motif_loss=0.0001, triad_loss=0.0096, alpha=0.0010, beta=0.0010, train_time=6.7885, epoch_time=6.7885, lr=0.0005, cache_hits=321434, cache_misses=7566, cache_hit_rate=0.9770, cache_cache_size=7566
2025-10-02 09:36:30,218 - INFO -   Note: Motif loss is 0.00007480 (very small, may show as 0.0000)
2025-10-02 09:36:30,218 - INFO - Epoch 47: epoch=47, loss=0.1191, edge_loss=0.1092, motif_loss=0.0001, triad_loss=0.0098, alpha=0.0010, beta=0.0010, train_time=6.6919, epoch_time=6.6919, lr=0.0005, cache_hits=328434, cache_misses=7566, cache_hit_rate=0.9775, cache_cache_size=7566
2025-10-02 09:36:36,760 - INFO -   Note: Motif loss is 0.00007462 (very small, may show as 0.0000)
2025-10-02 09:36:36,760 - INFO - Epoch 48: epoch=48, loss=0.1177, edge_loss=0.1075, motif_loss=0.0001, triad_loss=0.0102, alpha=0.0010, beta=0.0010, train_time=6.5416, epoch_time=6.5416, lr=0.0005, cache_hits=335434, cache_misses=7566, cache_hit_rate=0.9779, cache_cache_size=7566
2025-10-02 09:36:43,532 - INFO -   Note: Motif loss is 0.00007375 (very small, may show as 0.0000)
2025-10-02 09:36:43,532 - INFO - Epoch 49: epoch=49, loss=0.1179, edge_loss=0.1077, motif_loss=0.0001, triad_loss=0.0101, alpha=0.0010, beta=0.0010, train_time=6.7724, epoch_time=6.7724, lr=0.0005, cache_hits=342434, cache_misses=7566, cache_hit_rate=0.9784, cache_cache_size=7566
2025-10-02 09:36:43,817 - INFO - motif_energy_pos=0.050877, motif_energy_neg=0.587461
2025-10-02 09:36:43,856 - INFO - dot_pos_mu=5.401±2.960, dot_neg_mu=-1.599±3.016
2025-10-02 09:36:45,069 - INFO - Epoch 50: epoch=50, accuracy=0.8938, f1_micro=0.9413, f1_macro=0.6919, f1_weighted=0.8938, auc=0.8757, eval_time=1.5369
2025-10-02 09:36:51,703 - INFO -   Note: Motif loss is 0.00007315 (very small, may show as 0.0000)
2025-10-02 09:36:51,703 - INFO - Epoch 50: epoch=50, loss=0.1163, edge_loss=0.1062, motif_loss=0.0001, triad_loss=0.0100, alpha=0.0010, beta=0.0010, train_time=6.6341, epoch_time=8.1711, lr=0.0005, cache_hits=349434, cache_misses=7566, cache_hit_rate=0.9788, cache_cache_size=7566
2025-10-02 09:36:58,522 - INFO -   Note: Motif loss is 0.00007240 (very small, may show as 0.0000)
2025-10-02 09:36:58,522 - INFO - Epoch 51: epoch=51, loss=0.1124, edge_loss=0.1023, motif_loss=0.0001, triad_loss=0.0100, alpha=0.0010, beta=0.0010, train_time=6.8186, epoch_time=6.8186, lr=0.0005, cache_hits=356434, cache_misses=7566, cache_hit_rate=0.9792, cache_cache_size=7566
2025-10-02 09:36:58,522 - INFO - ================================================================================
2025-10-02 09:36:58,522 - INFO - Training completed!
2025-10-02 09:36:58,522 - INFO - Best AUC: 0.8788 at epoch 15
2025-10-02 09:36:58,522 - INFO - Total training time: 356.39s
2025-10-02 09:36:58,522 - INFO - Cache statistics: {'hits': 356434, 'misses': 7566, 'hit_rate': 0.9792142857142857, 'cache_size': 7566}
2025-10-02 09:36:59,822 - INFO - Metrics plot saved to ./logs/sdgnn-attention\metrics.png
2025-10-02 09:36:59,822 - INFO - ================================================================================
