2025-10-02 23:08:57,181 - INFO - ================================================================================
2025-10-02 23:08:57,181 - INFO - SDGNN with Motif-based Higher-order Learning (Enhanced)
2025-10-02 23:08:57,196 - INFO - ================================================================================
2025-10-02 23:08:57,196 - INFO - NUM_NODE: 3783
2025-10-02 23:08:57,196 - INFO - WEIGHT_DECAY: 0.001
2025-10-02 23:08:57,196 - INFO - NODE_FEAT_SIZE: 20
2025-10-02 23:08:57,196 - INFO - EMBEDDING_SIZE: 20
2025-10-02 23:08:57,196 - INFO - LEARNING_RATE: 0.001
2025-10-02 23:08:57,196 - INFO - BATCH_SIZE: 500
2025-10-02 23:08:57,196 - INFO - EPOCHS: 20
2025-10-02 23:08:57,196 - INFO - DROPOUT: 0.0
2025-10-02 23:08:57,196 - INFO - AGGREGATOR: attention
2025-10-02 23:08:57,196 - INFO - ALPHA: 0.0
2025-10-02 23:08:57,196 - INFO - BETA: 0.0
2025-10-02 23:08:57,196 - INFO - DEVICE: cpu
2025-10-02 23:08:57,196 - INFO - ================================================================================
2025-10-02 23:08:57,196 - INFO - Starting training for dataset: bitcoin_alpha, fold: 1
2025-10-02 23:08:57,196 - INFO - Configuration: {'devices': 'cpu', 'seed': 13, 'epochs': 20, 'lr': 0.001, 'weight_decay': 0.001, 'dataset': 'bitcoin_alpha', 'dim': 20, 'fea_dim': 20, 'batch_size': 500, 'dropout': 0.0, 'k': '1', 'agg': 'attention', 'alpha': 0.0, 'beta': 0.0, 'max_pos_per_u': 50, 'max_neg_per_u': 50, 'eval_every': 5, 'patience': 15, 'warmup_epochs': 5, 'use_cache': True, 'lr_schedule': True, 'grad_clip': 5.0, 'triad_samples': 10000, 'triad_prob': 0.8, 'motif_scale': 1.0, 'motif_loss_type': 'cosine'}
2025-10-02 23:08:57,227 - INFO - Data loaded in 0.03s
2025-10-02 23:08:58,404 - INFO - Total initialization time: 1.21s
2025-10-02 23:08:58,404 - INFO - Starting training...
2025-10-02 23:08:58,754 - INFO - dot_pos_mu=4.445±0.167, dot_neg_mu=4.440±0.169
2025-10-02 23:09:02,562 - INFO - Epoch 0: epoch=0, accuracy=0.5909, f1_micro=0.7314, f1_macro=0.4368, f1_weighted=0.5909, auc=0.6017, eval_time=4.1576
2025-10-02 23:09:02,772 - INFO - Motif batch_loss_dict=0.000000, Triad loss=0.000000, Edge loss=0.355190
2025-10-02 23:09:03,344 - INFO - Motif batch_loss_dict=0.000000, Triad loss=0.000000, Edge loss=0.362386
2025-10-02 23:09:03,908 - INFO - Motif batch_loss_dict=0.000000, Triad loss=0.000000, Edge loss=0.384742
2025-10-02 23:09:04,503 - INFO - Motif batch_loss_dict=0.000000, Triad loss=0.000000, Edge loss=0.357379
2025-10-02 23:09:05,051 - INFO - Motif batch_loss_dict=0.000000, Triad loss=0.000000, Edge loss=0.361117
2025-10-02 23:09:05,585 - INFO - Motif batch_loss_dict=0.000000, Triad loss=0.000000, Edge loss=0.327284
2025-10-02 23:09:06,147 - INFO - Motif batch_loss_dict=0.000000, Triad loss=0.000000, Edge loss=0.358001
2025-10-02 23:09:06,490 - INFO - Epoch 0: epoch=0, loss=0.3580, edge_loss=0.3580, motif_loss=0.0000, triad_loss=0.0000, alpha=0.0000, beta=0.0000, train_time=3.9259, epoch_time=8.0855, lr=0.0010, cache_hits=0, cache_misses=7000, cache_hit_rate=0.0000, cache_cache_size=7000
2025-10-02 23:09:06,651 - INFO - Motif batch_loss_dict=0.000000, Triad loss=0.000000, Edge loss=0.311046
2025-10-02 23:09:07,183 - INFO - Motif batch_loss_dict=0.000000, Triad loss=0.000000, Edge loss=0.275849
2025-10-02 23:09:07,810 - INFO - Motif batch_loss_dict=0.000000, Triad loss=0.000000, Edge loss=0.328343
2025-10-02 23:09:08,313 - INFO - Motif batch_loss_dict=0.000000, Triad loss=0.000000, Edge loss=0.388850
2025-10-02 23:09:08,894 - INFO - Motif batch_loss_dict=0.000000, Triad loss=0.000000, Edge loss=0.350942
2025-10-02 23:09:09,427 - INFO - Motif batch_loss_dict=0.000000, Triad loss=0.000000, Edge loss=0.344595
2025-10-02 23:09:09,944 - INFO - Motif batch_loss_dict=0.000000, Triad loss=0.000000, Edge loss=0.260413
2025-10-02 23:09:10,312 - INFO - Epoch 1: epoch=1, loss=0.3229, edge_loss=0.3229, motif_loss=0.0000, triad_loss=0.0000, alpha=0.0000, beta=0.0000, train_time=3.8219, epoch_time=3.8219, lr=0.0010, cache_hits=6476, cache_misses=7524, cache_hit_rate=0.4626, cache_cache_size=7524
2025-10-02 23:09:10,468 - INFO - Motif batch_loss_dict=0.000000, Triad loss=0.000000, Edge loss=0.280422
2025-10-02 23:09:11,010 - INFO - Motif batch_loss_dict=0.000000, Triad loss=0.000000, Edge loss=0.264463
2025-10-02 23:09:11,559 - INFO - Motif batch_loss_dict=0.000000, Triad loss=0.000000, Edge loss=0.337365
2025-10-02 23:09:12,125 - INFO - Motif batch_loss_dict=0.000000, Triad loss=0.000000, Edge loss=0.268994
2025-10-02 23:09:12,704 - INFO - Motif batch_loss_dict=0.000000, Triad loss=0.000000, Edge loss=0.380956
2025-10-02 23:09:13,237 - INFO - Motif batch_loss_dict=0.000000, Triad loss=0.000000, Edge loss=0.291485
2025-10-02 23:09:13,787 - INFO - Motif batch_loss_dict=0.000000, Triad loss=0.000000, Edge loss=0.281300
2025-10-02 23:09:14,178 - INFO - Epoch 2: epoch=2, loss=0.3007, edge_loss=0.3007, motif_loss=0.0000, triad_loss=0.0000, alpha=0.0000, beta=0.0000, train_time=3.8660, epoch_time=3.8660, lr=0.0010, cache_hits=13434, cache_misses=7566, cache_hit_rate=0.6397, cache_cache_size=7566
2025-10-02 23:09:14,346 - INFO - Motif batch_loss_dict=0.000000, Triad loss=0.000000, Edge loss=0.270845
2025-10-02 23:09:14,930 - INFO - Motif batch_loss_dict=0.000000, Triad loss=0.000000, Edge loss=0.259197
2025-10-02 23:09:15,465 - INFO - Motif batch_loss_dict=0.000000, Triad loss=0.000000, Edge loss=0.317966
2025-10-02 23:09:16,108 - INFO - Motif batch_loss_dict=0.000000, Triad loss=0.000000, Edge loss=0.293016
2025-10-02 23:09:16,671 - INFO - Motif batch_loss_dict=0.000000, Triad loss=0.000000, Edge loss=0.323131
2025-10-02 23:09:17,219 - INFO - Motif batch_loss_dict=0.000000, Triad loss=0.000000, Edge loss=0.275280
2025-10-02 23:09:17,778 - INFO - Motif batch_loss_dict=0.000000, Triad loss=0.000000, Edge loss=0.257953
2025-10-02 23:09:18,170 - INFO - Epoch 3: epoch=3, loss=0.2853, edge_loss=0.2853, motif_loss=0.0000, triad_loss=0.0000, alpha=0.0000, beta=0.0000, train_time=3.9925, epoch_time=3.9925, lr=0.0010, cache_hits=20434, cache_misses=7566, cache_hit_rate=0.7298, cache_cache_size=7566
2025-10-02 23:09:18,340 - INFO - Motif batch_loss_dict=0.000000, Triad loss=0.000000, Edge loss=0.247753
2025-10-02 23:09:18,865 - INFO - Motif batch_loss_dict=0.000000, Triad loss=0.000000, Edge loss=0.286188
2025-10-02 23:09:19,414 - INFO - Motif batch_loss_dict=0.000000, Triad loss=0.000000, Edge loss=0.267791
2025-10-02 23:09:19,998 - INFO - Motif batch_loss_dict=0.000000, Triad loss=0.000000, Edge loss=0.256062
2025-10-02 23:09:20,544 - INFO - Motif batch_loss_dict=0.000000, Triad loss=0.000000, Edge loss=0.284874
2025-10-02 23:09:21,140 - INFO - Motif batch_loss_dict=0.000000, Triad loss=0.000000, Edge loss=0.265432
2025-10-02 23:09:21,672 - INFO - Motif batch_loss_dict=0.000000, Triad loss=0.000000, Edge loss=0.233475
2025-10-02 23:09:22,065 - INFO - Epoch 4: epoch=4, loss=0.2631, edge_loss=0.2631, motif_loss=0.0000, triad_loss=0.0000, alpha=0.0000, beta=0.0000, train_time=3.8945, epoch_time=3.8945, lr=0.0010, cache_hits=27434, cache_misses=7566, cache_hit_rate=0.7838, cache_cache_size=7566
2025-10-02 23:09:22,416 - INFO - dot_pos_mu=2.611±0.687, dot_neg_mu=1.467±0.378
2025-10-02 23:09:25,671 - INFO - Epoch 5: epoch=5, accuracy=0.8466, f1_micro=0.9132, f1_macro=0.6288, f1_weighted=0.8466, auc=0.8653, eval_time=3.5909
2025-10-02 23:09:25,835 - INFO - Motif batch_loss_dict=0.000000, Triad loss=0.000000, Edge loss=0.254188
2025-10-02 23:09:26,393 - INFO - Motif batch_loss_dict=0.000000, Triad loss=0.000000, Edge loss=0.242043
2025-10-02 23:09:26,926 - INFO - Motif batch_loss_dict=0.000000, Triad loss=0.000000, Edge loss=0.263523
2025-10-02 23:09:27,492 - INFO - Motif batch_loss_dict=0.000000, Triad loss=0.000000, Edge loss=0.260280
2025-10-02 23:09:28,055 - INFO - Motif batch_loss_dict=0.000000, Triad loss=0.000000, Edge loss=0.196913
2025-10-02 23:09:28,625 - INFO - Motif batch_loss_dict=0.000000, Triad loss=0.000000, Edge loss=0.220383
2025-10-02 23:09:29,296 - INFO - Motif batch_loss_dict=0.000000, Triad loss=0.000000, Edge loss=0.187149
2025-10-02 23:09:29,655 - INFO - Epoch 5: epoch=5, loss=0.2321, edge_loss=0.2321, motif_loss=0.0000, triad_loss=0.0000, alpha=0.0000, beta=0.0000, train_time=3.9772, epoch_time=7.5744, lr=0.0010, cache_hits=34434, cache_misses=7566, cache_hit_rate=0.8199, cache_cache_size=7566
2025-10-02 23:09:29,829 - INFO - Motif batch_loss_dict=0.000000, Triad loss=0.000000, Edge loss=0.171467
2025-10-02 23:09:30,377 - INFO - Motif batch_loss_dict=0.000000, Triad loss=0.000000, Edge loss=0.223516
2025-10-02 23:09:31,003 - INFO - Motif batch_loss_dict=0.000000, Triad loss=0.000000, Edge loss=0.231281
2025-10-02 23:09:31,583 - INFO - Motif batch_loss_dict=0.000000, Triad loss=0.000000, Edge loss=0.238624
2025-10-02 23:09:32,180 - INFO - Motif batch_loss_dict=0.000000, Triad loss=0.000000, Edge loss=0.205467
2025-10-02 23:09:32,712 - INFO - Motif batch_loss_dict=0.000000, Triad loss=0.000000, Edge loss=0.185627
2025-10-02 23:09:33,248 - INFO - Motif batch_loss_dict=0.000000, Triad loss=0.000000, Edge loss=0.166579
2025-10-02 23:09:33,633 - INFO - Epoch 6: epoch=6, loss=0.2032, edge_loss=0.2032, motif_loss=0.0000, triad_loss=0.0000, alpha=0.0000, beta=0.0000, train_time=3.9787, epoch_time=3.9787, lr=0.0010, cache_hits=41434, cache_misses=7566, cache_hit_rate=0.8456, cache_cache_size=7566
2025-10-02 23:09:33,785 - INFO - Motif batch_loss_dict=0.000000, Triad loss=0.000000, Edge loss=0.182914
2025-10-02 23:09:34,359 - INFO - Motif batch_loss_dict=0.000000, Triad loss=0.000000, Edge loss=0.210438
2025-10-02 23:09:34,925 - INFO - Motif batch_loss_dict=0.000000, Triad loss=0.000000, Edge loss=0.184023
2025-10-02 23:09:35,427 - INFO - Motif batch_loss_dict=0.000000, Triad loss=0.000000, Edge loss=0.171240
2025-10-02 23:09:35,974 - INFO - Motif batch_loss_dict=0.000000, Triad loss=0.000000, Edge loss=0.159206
2025-10-02 23:09:36,518 - INFO - Motif batch_loss_dict=0.000000, Triad loss=0.000000, Edge loss=0.161571
2025-10-02 23:09:37,040 - INFO - Motif batch_loss_dict=0.000000, Triad loss=0.000000, Edge loss=0.160994
2025-10-02 23:09:37,509 - INFO - Epoch 7: epoch=7, loss=0.1758, edge_loss=0.1758, motif_loss=0.0000, triad_loss=0.0000, alpha=0.0000, beta=0.0000, train_time=3.8740, epoch_time=3.8740, lr=0.0010, cache_hits=48434, cache_misses=7566, cache_hit_rate=0.8649, cache_cache_size=7566
2025-10-02 23:09:37,809 - INFO - Motif batch_loss_dict=0.000000, Triad loss=0.000000, Edge loss=0.155122
2025-10-02 23:09:38,360 - INFO - Motif batch_loss_dict=0.000000, Triad loss=0.000000, Edge loss=0.129565
2025-10-02 23:09:38,881 - INFO - Motif batch_loss_dict=0.000000, Triad loss=0.000000, Edge loss=0.155135
2025-10-02 23:09:39,449 - INFO - Motif batch_loss_dict=0.000000, Triad loss=0.000000, Edge loss=0.148013
2025-10-02 23:09:39,984 - INFO - Motif batch_loss_dict=0.000000, Triad loss=0.000000, Edge loss=0.167671
2025-10-02 23:09:40,552 - INFO - Motif batch_loss_dict=0.000000, Triad loss=0.000000, Edge loss=0.147798
2025-10-02 23:09:41,109 - INFO - Motif batch_loss_dict=0.000000, Triad loss=0.000000, Edge loss=0.167647
2025-10-02 23:09:41,524 - INFO - Epoch 8: epoch=8, loss=0.1530, edge_loss=0.1530, motif_loss=0.0000, triad_loss=0.0000, alpha=0.0000, beta=0.0000, train_time=4.0146, epoch_time=4.0146, lr=0.0010, cache_hits=55434, cache_misses=7566, cache_hit_rate=0.8799, cache_cache_size=7566
2025-10-02 23:09:41,701 - INFO - Motif batch_loss_dict=0.000000, Triad loss=0.000000, Edge loss=0.162640
2025-10-02 23:09:42,278 - INFO - Motif batch_loss_dict=0.000000, Triad loss=0.000000, Edge loss=0.131684
2025-10-02 23:09:42,811 - INFO - Motif batch_loss_dict=0.000000, Triad loss=0.000000, Edge loss=0.156595
2025-10-02 23:09:43,346 - INFO - Motif batch_loss_dict=0.000000, Triad loss=0.000000, Edge loss=0.122678
2025-10-02 23:09:43,909 - INFO - Motif batch_loss_dict=0.000000, Triad loss=0.000000, Edge loss=0.136797
2025-10-02 23:09:44,536 - INFO - Motif batch_loss_dict=0.000000, Triad loss=0.000000, Edge loss=0.147705
2025-10-02 23:09:45,053 - INFO - Motif batch_loss_dict=0.000000, Triad loss=0.000000, Edge loss=0.198051
2025-10-02 23:09:45,456 - INFO - Epoch 9: epoch=9, loss=0.1509, edge_loss=0.1509, motif_loss=0.0000, triad_loss=0.0000, alpha=0.0000, beta=0.0000, train_time=3.9324, epoch_time=3.9324, lr=0.0010, cache_hits=62434, cache_misses=7566, cache_hit_rate=0.8919, cache_cache_size=7566
2025-10-02 23:09:45,774 - INFO - dot_pos_mu=6.275±3.481, dot_neg_mu=0.013±1.582
2025-10-02 23:09:49,005 - INFO - Epoch 10: epoch=10, accuracy=0.8836, f1_micro=0.9354, f1_macro=0.6730, f1_weighted=0.8836, auc=0.8790, eval_time=3.5483
2025-10-02 23:09:49,172 - INFO - Motif batch_loss_dict=0.000000, Triad loss=0.000000, Edge loss=0.115648
2025-10-02 23:09:49,695 - INFO - Motif batch_loss_dict=0.000000, Triad loss=0.000000, Edge loss=0.142687
2025-10-02 23:09:50,232 - INFO - Motif batch_loss_dict=0.000000, Triad loss=0.000000, Edge loss=0.166294
2025-10-02 23:09:50,817 - INFO - Motif batch_loss_dict=0.000000, Triad loss=0.000000, Edge loss=0.136777
2025-10-02 23:09:51,417 - INFO - Motif batch_loss_dict=0.000000, Triad loss=0.000000, Edge loss=0.137016
2025-10-02 23:09:51,984 - INFO - Motif batch_loss_dict=0.000000, Triad loss=0.000000, Edge loss=0.169419
2025-10-02 23:09:52,517 - INFO - Motif batch_loss_dict=0.000000, Triad loss=0.000000, Edge loss=0.118041
2025-10-02 23:09:52,894 - INFO - Epoch 10: epoch=10, loss=0.1408, edge_loss=0.1408, motif_loss=0.0000, triad_loss=0.0000, alpha=0.0000, beta=0.0000, train_time=3.8832, epoch_time=7.4376, lr=0.0010, cache_hits=69434, cache_misses=7566, cache_hit_rate=0.9017, cache_cache_size=7566
2025-10-02 23:09:53,051 - INFO - Motif batch_loss_dict=0.000000, Triad loss=0.000000, Edge loss=0.124092
2025-10-02 23:09:53,584 - INFO - Motif batch_loss_dict=0.000000, Triad loss=0.000000, Edge loss=0.114683
2025-10-02 23:09:54,101 - INFO - Motif batch_loss_dict=0.000000, Triad loss=0.000000, Edge loss=0.153713
2025-10-02 23:09:54,666 - INFO - Motif batch_loss_dict=0.000000, Triad loss=0.000000, Edge loss=0.130028
2025-10-02 23:09:55,257 - INFO - Motif batch_loss_dict=0.000000, Triad loss=0.000000, Edge loss=0.126249
2025-10-02 23:09:55,826 - INFO - Motif batch_loss_dict=0.000000, Triad loss=0.000000, Edge loss=0.140123
2025-10-02 23:09:56,409 - INFO - Motif batch_loss_dict=0.000000, Triad loss=0.000000, Edge loss=0.146954
2025-10-02 23:09:56,819 - INFO - Epoch 11: epoch=11, loss=0.1337, edge_loss=0.1337, motif_loss=0.0000, triad_loss=0.0000, alpha=0.0000, beta=0.0000, train_time=3.9251, epoch_time=3.9251, lr=0.0010, cache_hits=76434, cache_misses=7566, cache_hit_rate=0.9099, cache_cache_size=7566
2025-10-02 23:09:57,088 - INFO - Motif batch_loss_dict=0.000000, Triad loss=0.000000, Edge loss=0.149638
2025-10-02 23:09:57,629 - INFO - Motif batch_loss_dict=0.000000, Triad loss=0.000000, Edge loss=0.123447
2025-10-02 23:09:58,209 - INFO - Motif batch_loss_dict=0.000000, Triad loss=0.000000, Edge loss=0.112818
2025-10-02 23:09:58,710 - INFO - Motif batch_loss_dict=0.000000, Triad loss=0.000000, Edge loss=0.125409
2025-10-02 23:09:59,259 - INFO - Motif batch_loss_dict=0.000000, Triad loss=0.000000, Edge loss=0.121079
2025-10-02 23:09:59,808 - INFO - Motif batch_loss_dict=0.000000, Triad loss=0.000000, Edge loss=0.141780
2025-10-02 23:10:00,386 - INFO - Motif batch_loss_dict=0.000000, Triad loss=0.000000, Edge loss=0.158571
2025-10-02 23:10:00,816 - INFO - Epoch 12: epoch=12, loss=0.1332, edge_loss=0.1332, motif_loss=0.0000, triad_loss=0.0000, alpha=0.0000, beta=0.0000, train_time=3.9969, epoch_time=3.9969, lr=0.0010, cache_hits=83434, cache_misses=7566, cache_hit_rate=0.9169, cache_cache_size=7566
2025-10-02 23:10:00,983 - INFO - Motif batch_loss_dict=0.000000, Triad loss=0.000000, Edge loss=0.127789
2025-10-02 23:10:01,598 - INFO - Motif batch_loss_dict=0.000000, Triad loss=0.000000, Edge loss=0.133790
2025-10-02 23:10:02,178 - INFO - Motif batch_loss_dict=0.000000, Triad loss=0.000000, Edge loss=0.131666
2025-10-02 23:10:02,731 - INFO - Motif batch_loss_dict=0.000000, Triad loss=0.000000, Edge loss=0.141192
2025-10-02 23:10:03,263 - INFO - Motif batch_loss_dict=0.000000, Triad loss=0.000000, Edge loss=0.124688
2025-10-02 23:10:03,824 - INFO - Motif batch_loss_dict=0.000000, Triad loss=0.000000, Edge loss=0.114026
2025-10-02 23:10:04,372 - INFO - Motif batch_loss_dict=0.000000, Triad loss=0.000000, Edge loss=0.143478
2025-10-02 23:10:04,739 - INFO - Epoch 13: epoch=13, loss=0.1309, edge_loss=0.1309, motif_loss=0.0000, triad_loss=0.0000, alpha=0.0000, beta=0.0000, train_time=3.9189, epoch_time=3.9189, lr=0.0010, cache_hits=90434, cache_misses=7566, cache_hit_rate=0.9228, cache_cache_size=7566
2025-10-02 23:10:04,904 - INFO - Motif batch_loss_dict=0.000000, Triad loss=0.000000, Edge loss=0.117810
2025-10-02 23:10:05,437 - INFO - Motif batch_loss_dict=0.000000, Triad loss=0.000000, Edge loss=0.128678
2025-10-02 23:10:06,104 - INFO - Motif batch_loss_dict=0.000000, Triad loss=0.000000, Edge loss=0.126965
2025-10-02 23:10:06,631 - INFO - Motif batch_loss_dict=0.000000, Triad loss=0.000000, Edge loss=0.134937
2025-10-02 23:10:07,189 - INFO - Motif batch_loss_dict=0.000000, Triad loss=0.000000, Edge loss=0.120397
2025-10-02 23:10:07,761 - INFO - Motif batch_loss_dict=0.000000, Triad loss=0.000000, Edge loss=0.160465
2025-10-02 23:10:08,325 - INFO - Motif batch_loss_dict=0.000000, Triad loss=0.000000, Edge loss=0.130720
2025-10-02 23:10:08,717 - INFO - Epoch 14: epoch=14, loss=0.1314, edge_loss=0.1314, motif_loss=0.0000, triad_loss=0.0000, alpha=0.0000, beta=0.0000, train_time=3.9782, epoch_time=3.9782, lr=0.0010, cache_hits=97434, cache_misses=7566, cache_hit_rate=0.9279, cache_cache_size=7566
2025-10-02 23:10:09,041 - INFO - dot_pos_mu=6.938±4.364, dot_neg_mu=-0.404±1.771
2025-10-02 23:10:12,290 - INFO - Epoch 15: epoch=15, accuracy=0.8822, f1_micro=0.9346, f1_macro=0.6686, f1_weighted=0.8822, auc=0.8748, eval_time=3.5725
2025-10-02 23:10:12,469 - INFO - Motif batch_loss_dict=0.000000, Triad loss=0.000000, Edge loss=0.149405
2025-10-02 23:10:13,028 - INFO - Motif batch_loss_dict=0.000000, Triad loss=0.000000, Edge loss=0.139527
2025-10-02 23:10:13,609 - INFO - Motif batch_loss_dict=0.000000, Triad loss=0.000000, Edge loss=0.127316
2025-10-02 23:10:14,157 - INFO - Motif batch_loss_dict=0.000000, Triad loss=0.000000, Edge loss=0.123268
2025-10-02 23:10:14,705 - INFO - Motif batch_loss_dict=0.000000, Triad loss=0.000000, Edge loss=0.121861
2025-10-02 23:10:15,240 - INFO - Motif batch_loss_dict=0.000000, Triad loss=0.000000, Edge loss=0.128129
2025-10-02 23:10:15,820 - INFO - Motif batch_loss_dict=0.000000, Triad loss=0.000000, Edge loss=0.111940
2025-10-02 23:10:16,210 - INFO - Epoch 15: epoch=15, loss=0.1288, edge_loss=0.1288, motif_loss=0.0000, triad_loss=0.0000, alpha=0.0000, beta=0.0000, train_time=3.9207, epoch_time=7.4932, lr=0.0010, cache_hits=104434, cache_misses=7566, cache_hit_rate=0.9324, cache_cache_size=7566
2025-10-02 23:10:16,367 - INFO - Motif batch_loss_dict=0.000000, Triad loss=0.000000, Edge loss=0.138738
2025-10-02 23:10:16,917 - INFO - Motif batch_loss_dict=0.000000, Triad loss=0.000000, Edge loss=0.108760
2025-10-02 23:10:17,529 - INFO - Motif batch_loss_dict=0.000000, Triad loss=0.000000, Edge loss=0.119566
2025-10-02 23:10:18,077 - INFO - Motif batch_loss_dict=0.000000, Triad loss=0.000000, Edge loss=0.117635
2025-10-02 23:10:18,625 - INFO - Motif batch_loss_dict=0.000000, Triad loss=0.000000, Edge loss=0.158523
2025-10-02 23:10:19,251 - INFO - Motif batch_loss_dict=0.000000, Triad loss=0.000000, Edge loss=0.132480
2025-10-02 23:10:19,863 - INFO - Motif batch_loss_dict=0.000000, Triad loss=0.000000, Edge loss=0.111447
2025-10-02 23:10:20,239 - INFO - Epoch 16: epoch=16, loss=0.1267, edge_loss=0.1267, motif_loss=0.0000, triad_loss=0.0000, alpha=0.0000, beta=0.0000, train_time=4.0288, epoch_time=4.0288, lr=0.0010, cache_hits=111434, cache_misses=7566, cache_hit_rate=0.9364, cache_cache_size=7566
2025-10-02 23:10:20,416 - INFO - Motif batch_loss_dict=0.000000, Triad loss=0.000000, Edge loss=0.117761
2025-10-02 23:10:20,978 - INFO - Motif batch_loss_dict=0.000000, Triad loss=0.000000, Edge loss=0.099197
2025-10-02 23:10:21,495 - INFO - Motif batch_loss_dict=0.000000, Triad loss=0.000000, Edge loss=0.119983
2025-10-02 23:10:22,060 - INFO - Motif batch_loss_dict=0.000000, Triad loss=0.000000, Edge loss=0.114468
2025-10-02 23:10:22,624 - INFO - Motif batch_loss_dict=0.000000, Triad loss=0.000000, Edge loss=0.179372
2025-10-02 23:10:23,207 - INFO - Motif batch_loss_dict=0.000000, Triad loss=0.000000, Edge loss=0.128999
2025-10-02 23:10:23,785 - INFO - Motif batch_loss_dict=0.000000, Triad loss=0.000000, Edge loss=0.142190
2025-10-02 23:10:24,167 - INFO - Epoch 17: epoch=17, loss=0.1289, edge_loss=0.1289, motif_loss=0.0000, triad_loss=0.0000, alpha=0.0000, beta=0.0000, train_time=3.9283, epoch_time=3.9283, lr=0.0010, cache_hits=118434, cache_misses=7566, cache_hit_rate=0.9400, cache_cache_size=7566
2025-10-02 23:10:24,333 - INFO - Motif batch_loss_dict=0.000000, Triad loss=0.000000, Edge loss=0.136181
2025-10-02 23:10:24,913 - INFO - Motif batch_loss_dict=0.000000, Triad loss=0.000000, Edge loss=0.118287
2025-10-02 23:10:25,467 - INFO - Motif batch_loss_dict=0.000000, Triad loss=0.000000, Edge loss=0.139449
2025-10-02 23:10:26,043 - INFO - Motif batch_loss_dict=0.000000, Triad loss=0.000000, Edge loss=0.147670
2025-10-02 23:10:26,732 - INFO - Motif batch_loss_dict=0.000000, Triad loss=0.000000, Edge loss=0.084248
2025-10-02 23:10:27,233 - INFO - Motif batch_loss_dict=0.000000, Triad loss=0.000000, Edge loss=0.150300
2025-10-02 23:10:27,766 - INFO - Motif batch_loss_dict=0.000000, Triad loss=0.000000, Edge loss=0.110301
2025-10-02 23:10:28,154 - INFO - Epoch 18: epoch=18, loss=0.1266, edge_loss=0.1266, motif_loss=0.0000, triad_loss=0.0000, alpha=0.0000, beta=0.0000, train_time=3.9864, epoch_time=3.9864, lr=0.0010, cache_hits=125434, cache_misses=7566, cache_hit_rate=0.9431, cache_cache_size=7566
2025-10-02 23:10:28,318 - INFO - Motif batch_loss_dict=0.000000, Triad loss=0.000000, Edge loss=0.106859
2025-10-02 23:10:28,849 - INFO - Motif batch_loss_dict=0.000000, Triad loss=0.000000, Edge loss=0.147230
2025-10-02 23:10:29,397 - INFO - Motif batch_loss_dict=0.000000, Triad loss=0.000000, Edge loss=0.126809
2025-10-02 23:10:29,962 - INFO - Motif batch_loss_dict=0.000000, Triad loss=0.000000, Edge loss=0.095546
2025-10-02 23:10:30,574 - INFO - Motif batch_loss_dict=0.000000, Triad loss=0.000000, Edge loss=0.128613
2025-10-02 23:10:31,129 - INFO - Motif batch_loss_dict=0.000000, Triad loss=0.000000, Edge loss=0.142266
2025-10-02 23:10:31,706 - INFO - Motif batch_loss_dict=0.000000, Triad loss=0.000000, Edge loss=0.125387
2025-10-02 23:10:32,063 - INFO - Epoch 19: epoch=19, loss=0.1247, edge_loss=0.1247, motif_loss=0.0000, triad_loss=0.0000, alpha=0.0000, beta=0.0000, train_time=3.9087, epoch_time=3.9087, lr=0.0010, cache_hits=132434, cache_misses=7566, cache_hit_rate=0.9460, cache_cache_size=7566
2025-10-02 23:10:32,390 - INFO - dot_pos_mu=8.715±5.571, dot_neg_mu=-0.422±2.192
2025-10-02 23:10:35,669 - INFO - Epoch 20: epoch=20, accuracy=0.8824, f1_micro=0.9348, f1_macro=0.6664, f1_weighted=0.8824, auc=0.8709, eval_time=3.6063
2025-10-02 23:10:35,835 - INFO - Motif batch_loss_dict=0.000000, Triad loss=0.000000, Edge loss=0.114217
2025-10-02 23:10:36,383 - INFO - Motif batch_loss_dict=0.000000, Triad loss=0.000000, Edge loss=0.111174
2025-10-02 23:10:36,926 - INFO - Motif batch_loss_dict=0.000000, Triad loss=0.000000, Edge loss=0.133861
2025-10-02 23:10:37,460 - INFO - Motif batch_loss_dict=0.000000, Triad loss=0.000000, Edge loss=0.143789
2025-10-02 23:10:38,007 - INFO - Motif batch_loss_dict=0.000000, Triad loss=0.000000, Edge loss=0.108278
2025-10-02 23:10:38,587 - INFO - Motif batch_loss_dict=0.000000, Triad loss=0.000000, Edge loss=0.118531
2025-10-02 23:10:39,183 - INFO - Motif batch_loss_dict=0.000000, Triad loss=0.000000, Edge loss=0.149018
2025-10-02 23:10:39,574 - INFO - Epoch 20: epoch=20, loss=0.1256, edge_loss=0.1256, motif_loss=0.0000, triad_loss=0.0000, alpha=0.0000, beta=0.0000, train_time=3.9054, epoch_time=7.5117, lr=0.0010, cache_hits=139434, cache_misses=7566, cache_hit_rate=0.9485, cache_cache_size=7566
2025-10-02 23:10:39,840 - INFO - Motif batch_loss_dict=0.000000, Triad loss=0.000000, Edge loss=0.127943
2025-10-02 23:10:40,349 - INFO - Motif batch_loss_dict=0.000000, Triad loss=0.000000, Edge loss=0.129354
2025-10-02 23:10:40,898 - INFO - Motif batch_loss_dict=0.000000, Triad loss=0.000000, Edge loss=0.104282
2025-10-02 23:10:41,465 - INFO - Motif batch_loss_dict=0.000000, Triad loss=0.000000, Edge loss=0.136474
2025-10-02 23:10:42,020 - INFO - Motif batch_loss_dict=0.000000, Triad loss=0.000000, Edge loss=0.105976
2025-10-02 23:10:42,563 - INFO - Motif batch_loss_dict=0.000000, Triad loss=0.000000, Edge loss=0.125925
2025-10-02 23:10:43,155 - INFO - Motif batch_loss_dict=0.000000, Triad loss=0.000000, Edge loss=0.128289
2025-10-02 23:10:43,538 - INFO - Epoch 21: epoch=21, loss=0.1226, edge_loss=0.1226, motif_loss=0.0000, triad_loss=0.0000, alpha=0.0000, beta=0.0000, train_time=3.9642, epoch_time=3.9642, lr=0.0010, cache_hits=146434, cache_misses=7566, cache_hit_rate=0.9509, cache_cache_size=7566
2025-10-02 23:10:43,538 - INFO - ================================================================================
2025-10-02 23:10:43,538 - INFO - Training completed!
2025-10-02 23:10:43,538 - INFO - Best AUC: 0.8790 at epoch 10
2025-10-02 23:10:43,538 - INFO - Total training time: 106.34s
2025-10-02 23:10:43,538 - INFO - Cache statistics: {'hits': 146434, 'misses': 7566, 'hit_rate': 0.9508701298701299, 'cache_size': 7566}
2025-10-02 23:10:45,000 - INFO - Metrics plot saved to ./logs/sdgnn-attention\metrics.png
2025-10-02 23:10:45,000 - INFO - ================================================================================
