2025-10-02 11:22:58,130 - INFO - ================================================================================
2025-10-02 11:22:58,130 - INFO - SDGNN with Motif-based Higher-order Learning (Enhanced)
2025-10-02 11:22:58,130 - INFO - ================================================================================
2025-10-02 11:22:58,130 - INFO - NUM_NODE: 3783
2025-10-02 11:22:58,130 - INFO - WEIGHT_DECAY: 0.001
2025-10-02 11:22:58,130 - INFO - NODE_FEAT_SIZE: 20
2025-10-02 11:22:58,130 - INFO - EMBEDDING_SIZE: 20
2025-10-02 11:22:58,130 - INFO - LEARNING_RATE: 0.001
2025-10-02 11:22:58,130 - INFO - BATCH_SIZE: 500
2025-10-02 11:22:58,130 - INFO - EPOCHS: 50
2025-10-02 11:22:58,130 - INFO - DROPOUT: 0.0
2025-10-02 11:22:58,130 - INFO - AGGREGATOR: attention
2025-10-02 11:22:58,130 - INFO - ALPHA: 0.01
2025-10-02 11:22:58,130 - INFO - BETA: 0.01
2025-10-02 11:22:58,130 - INFO - DEVICE: cpu
2025-10-02 11:22:58,130 - INFO - ================================================================================
2025-10-02 11:22:58,130 - INFO - Starting training for dataset: bitcoin_alpha, fold: 1
2025-10-02 11:22:58,130 - INFO - Configuration: {'devices': 'cpu', 'seed': 13, 'epochs': 50, 'lr': 0.001, 'weight_decay': 0.001, 'dataset': 'bitcoin_alpha', 'dim': 20, 'fea_dim': 20, 'batch_size': 500, 'dropout': 0.0, 'k': '1', 'agg': 'attention', 'alpha': 0.01, 'beta': 0.01, 'max_pos_per_u': 50, 'max_neg_per_u': 50, 'eval_every': 5, 'patience': 15, 'warmup_epochs': 5, 'use_cache': True, 'lr_schedule': True, 'grad_clip': 5.0, 'triad_samples': 1000, 'triad_prob': 0.8, 'motif_scale': 1.0, 'motif_loss_type': 'logistic'}
2025-10-02 11:22:58,166 - INFO - Data loaded in 0.04s
2025-10-02 11:22:58,166 - INFO - Building motif structures...
2025-10-02 11:22:58,575 - INFO - Sampled 101500 triads
2025-10-02 11:22:59,844 - INFO - [motif:out_in_pos] nnz=9179, mean=0.973225
2025-10-02 11:22:59,844 - INFO - [motif:out_in_neg] nnz=846, mean=0.986251
2025-10-02 11:22:59,844 - INFO - [motif:out_in_pos] shape=(3786, 3786), nnz=9179, density=0.000640, range=(1.408427829757165e-07, 11.439601133494048)
2025-10-02 11:22:59,844 - INFO - [motif:out_in_neg] shape=(3786, 3786), nnz=846, density=0.000059, range=(8.331116810581753e-07, 6.417015232377665)
2025-10-02 11:22:59,844 - INFO - [motif:co_out] shape=(3786, 3786), nnz=0, density=0.000000, range=(0.0, 0.0)
2025-10-02 11:22:59,844 - INFO - [motif:co_in] shape=(3786, 3786), nnz=0, density=0.000000, range=(0.0, 0.0)
2025-10-02 11:22:59,844 - INFO - Triads indexed for 3154 unique nodes
2025-10-02 11:22:59,844 - INFO - Motif structures built in 1.68s
2025-10-02 11:23:00,785 - INFO - Total initialization time: 2.66s
2025-10-02 11:23:00,785 - INFO - Starting training...
2025-10-02 11:23:01,045 - INFO - motif_energy_pos=0.011711, motif_energy_neg=4.453933
2025-10-02 11:23:01,061 - INFO - dot_pos_mu=4.445±0.167, dot_neg_mu=4.440±0.169
2025-10-02 11:23:04,393 - INFO - Epoch 0: epoch=0, accuracy=0.5909, f1_micro=0.7314, f1_macro=0.4368, f1_weighted=0.5909, auc=0.6017, eval_time=3.6076
2025-10-02 11:23:04,703 - INFO - Motif batch_loss_dict=0.000000, Triad loss=0.000000, Edge loss=0.355190
2025-10-02 11:23:05,192 - INFO - Motif batch_loss_dict=0.000000, Triad loss=0.000000, Edge loss=0.362386
2025-10-02 11:23:05,690 - INFO - Motif batch_loss_dict=0.000000, Triad loss=0.000000, Edge loss=0.384742
2025-10-02 11:23:06,221 - INFO - Motif batch_loss_dict=0.000000, Triad loss=0.000000, Edge loss=0.357379
2025-10-02 11:23:06,684 - INFO - Motif batch_loss_dict=0.000000, Triad loss=0.000000, Edge loss=0.361117
2025-10-02 11:23:07,144 - INFO - Motif batch_loss_dict=0.000000, Triad loss=0.000000, Edge loss=0.327284
2025-10-02 11:23:07,609 - INFO - Motif batch_loss_dict=0.000000, Triad loss=0.000000, Edge loss=0.358001
2025-10-02 11:23:07,950 - INFO - Epoch 0: epoch=0, loss=0.3580, edge_loss=0.3580, motif_loss=0.0000, triad_loss=0.0000, alpha=0.0000, beta=0.0000, train_time=3.5395, epoch_time=7.1651, lr=0.0010, cache_hits=0, cache_misses=7000, cache_hit_rate=0.0000, cache_cache_size=7000
2025-10-02 11:23:08,199 - INFO - Motif batch_loss_dict=0.000226, Triad loss=0.002382, Edge loss=0.311046
2025-10-02 11:23:09,036 - INFO - Motif batch_loss_dict=0.000214, Triad loss=0.003216, Edge loss=0.275733
2025-10-02 11:23:09,894 - INFO - Motif batch_loss_dict=0.000242, Triad loss=0.004226, Edge loss=0.327197
2025-10-02 11:23:10,773 - INFO - Motif batch_loss_dict=0.000264, Triad loss=0.004261, Edge loss=0.386010
2025-10-02 11:23:11,647 - INFO - Motif batch_loss_dict=0.000259, Triad loss=0.003847, Edge loss=0.348257
2025-10-02 11:23:12,653 - INFO - Motif batch_loss_dict=0.000234, Triad loss=0.003152, Edge loss=0.342435
2025-10-02 11:23:13,520 - INFO - Motif batch_loss_dict=0.000207, Triad loss=0.002406, Edge loss=0.261072
2025-10-02 11:23:14,070 - INFO - Epoch 1: epoch=1, loss=0.3253, edge_loss=0.3217, motif_loss=0.0002, triad_loss=0.0034, alpha=0.0010, beta=0.0010, train_time=6.1185, epoch_time=6.1185, lr=0.0010, cache_hits=6476, cache_misses=7524, cache_hit_rate=0.4626, cache_cache_size=7524
2025-10-02 11:23:14,328 - INFO - Motif batch_loss_dict=0.000745, Triad loss=0.007619, Edge loss=0.281477
2025-10-02 11:23:15,158 - INFO - Motif batch_loss_dict=0.000720, Triad loss=0.006845, Edge loss=0.266481
2025-10-02 11:23:15,992 - INFO - Motif batch_loss_dict=0.000816, Triad loss=0.006223, Edge loss=0.338308
2025-10-02 11:23:16,877 - INFO - Motif batch_loss_dict=0.000740, Triad loss=0.006209, Edge loss=0.271788
2025-10-02 11:23:17,722 - INFO - Motif batch_loss_dict=0.000752, Triad loss=0.006496, Edge loss=0.380409
2025-10-02 11:23:18,558 - INFO - Motif batch_loss_dict=0.000796, Triad loss=0.006550, Edge loss=0.293353
2025-10-02 11:23:19,545 - INFO - Motif batch_loss_dict=0.000773, Triad loss=0.007101, Edge loss=0.282883
2025-10-02 11:23:20,136 - INFO - Epoch 2: epoch=2, loss=0.3096, edge_loss=0.3021, motif_loss=0.0008, triad_loss=0.0067, alpha=0.0035, beta=0.0035, train_time=6.0657, epoch_time=6.0657, lr=0.0010, cache_hits=13434, cache_misses=7566, cache_hit_rate=0.6397, cache_cache_size=7566
2025-10-02 11:23:20,404 - INFO - Motif batch_loss_dict=0.001424, Triad loss=0.014578, Edge loss=0.272123
2025-10-02 11:23:21,257 - INFO - Motif batch_loss_dict=0.001392, Triad loss=0.016353, Edge loss=0.260213
2025-10-02 11:23:22,115 - INFO - Motif batch_loss_dict=0.001432, Triad loss=0.017944, Edge loss=0.315515
2025-10-02 11:23:22,974 - INFO - Motif batch_loss_dict=0.001423, Triad loss=0.019057, Edge loss=0.290500
2025-10-02 11:23:23,824 - INFO - Motif batch_loss_dict=0.001559, Triad loss=0.017966, Edge loss=0.317769
2025-10-02 11:23:24,684 - INFO - Motif batch_loss_dict=0.001334, Triad loss=0.016726, Edge loss=0.274007
2025-10-02 11:23:25,577 - INFO - Motif batch_loss_dict=0.001202, Triad loss=0.015517, Edge loss=0.258858
2025-10-02 11:23:26,176 - INFO - Epoch 3: epoch=3, loss=0.3024, edge_loss=0.2841, motif_loss=0.0014, triad_loss=0.0169, alpha=0.0065, beta=0.0065, train_time=6.0380, epoch_time=6.0380, lr=0.0010, cache_hits=20434, cache_misses=7566, cache_hit_rate=0.7298, cache_cache_size=7566
2025-10-02 11:23:26,594 - INFO - Motif batch_loss_dict=0.001677, Triad loss=0.020148, Edge loss=0.251759
2025-10-02 11:23:27,400 - INFO - Motif batch_loss_dict=0.001990, Triad loss=0.017682, Edge loss=0.287924
2025-10-02 11:23:28,259 - INFO - Motif batch_loss_dict=0.001776, Triad loss=0.019215, Edge loss=0.271709
2025-10-02 11:23:29,124 - INFO - Motif batch_loss_dict=0.001775, Triad loss=0.017921, Edge loss=0.260532
2025-10-02 11:23:30,001 - INFO - Motif batch_loss_dict=0.001743, Triad loss=0.018060, Edge loss=0.288326
2025-10-02 11:23:30,889 - INFO - Motif batch_loss_dict=0.001758, Triad loss=0.018007, Edge loss=0.268975
2025-10-02 11:23:31,744 - INFO - Motif batch_loss_dict=0.001649, Triad loss=0.019603, Edge loss=0.237841
2025-10-02 11:23:32,342 - INFO - Epoch 4: epoch=4, loss=0.2872, edge_loss=0.2667, motif_loss=0.0018, triad_loss=0.0187, alpha=0.0090, beta=0.0090, train_time=6.1664, epoch_time=6.1664, lr=0.0010, cache_hits=27434, cache_misses=7566, cache_hit_rate=0.7838, cache_cache_size=7566
2025-10-02 11:23:32,606 - INFO - motif_energy_pos=0.105170, motif_energy_neg=1.567064
2025-10-02 11:23:32,631 - INFO - dot_pos_mu=2.442±0.659, dot_neg_mu=1.361±0.359
2025-10-02 11:23:35,749 - INFO - Epoch 5: epoch=5, accuracy=0.8427, f1_micro=0.9108, f1_macro=0.6242, f1_weighted=0.8427, auc=0.8612, eval_time=3.4075
2025-10-02 11:23:36,181 - INFO - Motif batch_loss_dict=0.001764, Triad loss=0.023137, Edge loss=0.256993
2025-10-02 11:23:37,039 - INFO - Motif batch_loss_dict=0.001787, Triad loss=0.024244, Edge loss=0.245293
2025-10-02 11:23:37,890 - INFO - Motif batch_loss_dict=0.001966, Triad loss=0.022867, Edge loss=0.264289
2025-10-02 11:23:38,750 - INFO - Motif batch_loss_dict=0.001965, Triad loss=0.025555, Edge loss=0.261616
2025-10-02 11:23:39,662 - INFO - Motif batch_loss_dict=0.001591, Triad loss=0.029886, Edge loss=0.200745
2025-10-02 11:23:40,502 - INFO - Motif batch_loss_dict=0.001709, Triad loss=0.028031, Edge loss=0.224718
2025-10-02 11:23:41,419 - INFO - Motif batch_loss_dict=0.001613, Triad loss=0.024997, Edge loss=0.197678
2025-10-02 11:23:41,997 - INFO - Epoch 5: epoch=5, loss=0.2632, edge_loss=0.2359, motif_loss=0.0018, triad_loss=0.0255, alpha=0.0100, beta=0.0100, train_time=6.2476, epoch_time=9.6551, lr=0.0010, cache_hits=34434, cache_misses=7566, cache_hit_rate=0.8199, cache_cache_size=7566
2025-10-02 11:23:42,278 - INFO - Motif batch_loss_dict=0.001461, Triad loss=0.022851, Edge loss=0.183040
2025-10-02 11:23:43,286 - INFO - Motif batch_loss_dict=0.001797, Triad loss=0.022772, Edge loss=0.232942
2025-10-02 11:23:44,289 - INFO - Motif batch_loss_dict=0.001655, Triad loss=0.029294, Edge loss=0.237036
2025-10-02 11:23:45,151 - INFO - Motif batch_loss_dict=0.001587, Triad loss=0.028907, Edge loss=0.242513
2025-10-02 11:23:46,051 - INFO - Motif batch_loss_dict=0.001597, Triad loss=0.029135, Edge loss=0.212927
2025-10-02 11:23:46,939 - INFO - Motif batch_loss_dict=0.001448, Triad loss=0.031333, Edge loss=0.196311
2025-10-02 11:23:47,814 - INFO - Motif batch_loss_dict=0.001432, Triad loss=0.031083, Edge loss=0.179087
2025-10-02 11:23:48,416 - INFO - Epoch 6: epoch=6, loss=0.2415, edge_loss=0.2120, motif_loss=0.0016, triad_loss=0.0279, alpha=0.0100, beta=0.0100, train_time=6.4186, epoch_time=6.4186, lr=0.0010, cache_hits=41434, cache_misses=7566, cache_hit_rate=0.8456, cache_cache_size=7566
2025-10-02 11:23:48,707 - INFO - Motif batch_loss_dict=0.001413, Triad loss=0.030712, Edge loss=0.196474
2025-10-02 11:23:49,789 - INFO - Motif batch_loss_dict=0.001478, Triad loss=0.026447, Edge loss=0.221638
2025-10-02 11:23:50,672 - INFO - Motif batch_loss_dict=0.001439, Triad loss=0.033786, Edge loss=0.195296
2025-10-02 11:23:51,563 - INFO - Motif batch_loss_dict=0.001328, Triad loss=0.032110, Edge loss=0.181433
2025-10-02 11:23:52,439 - INFO - Motif batch_loss_dict=0.001329, Triad loss=0.034077, Edge loss=0.173703
2025-10-02 11:23:53,353 - INFO - Motif batch_loss_dict=0.001388, Triad loss=0.033227, Edge loss=0.174542
2025-10-02 11:23:54,255 - INFO - Motif batch_loss_dict=0.001347, Triad loss=0.041245, Edge loss=0.175289
2025-10-02 11:23:54,912 - INFO - Epoch 7: epoch=7, loss=0.2228, edge_loss=0.1883, motif_loss=0.0014, triad_loss=0.0331, alpha=0.0100, beta=0.0100, train_time=6.4967, epoch_time=6.4967, lr=0.0010, cache_hits=48434, cache_misses=7566, cache_hit_rate=0.8649, cache_cache_size=7566
2025-10-02 11:23:55,200 - INFO - Motif batch_loss_dict=0.001329, Triad loss=0.035016, Edge loss=0.172418
2025-10-02 11:23:56,139 - INFO - Motif batch_loss_dict=0.001230, Triad loss=0.029773, Edge loss=0.151977
2025-10-02 11:23:57,190 - INFO - Motif batch_loss_dict=0.001199, Triad loss=0.030526, Edge loss=0.175246
2025-10-02 11:23:58,065 - INFO - Motif batch_loss_dict=0.001163, Triad loss=0.035832, Edge loss=0.168831
2025-10-02 11:23:58,944 - INFO - Motif batch_loss_dict=0.001224, Triad loss=0.034690, Edge loss=0.183265
2025-10-02 11:23:59,889 - INFO - Motif batch_loss_dict=0.001225, Triad loss=0.037140, Edge loss=0.164797
2025-10-02 11:24:00,811 - INFO - Motif batch_loss_dict=0.001219, Triad loss=0.031200, Edge loss=0.185156
2025-10-02 11:24:01,439 - INFO - Epoch 8: epoch=8, loss=0.2064, edge_loss=0.1717, motif_loss=0.0012, triad_loss=0.0335, alpha=0.0100, beta=0.0100, train_time=6.5270, epoch_time=6.5270, lr=0.0010, cache_hits=55434, cache_misses=7566, cache_hit_rate=0.8799, cache_cache_size=7566
2025-10-02 11:24:01,765 - INFO - Motif batch_loss_dict=0.001269, Triad loss=0.029158, Edge loss=0.184647
2025-10-02 11:24:02,714 - INFO - Motif batch_loss_dict=0.001176, Triad loss=0.031788, Edge loss=0.153627
2025-10-02 11:24:03,605 - INFO - Motif batch_loss_dict=0.001081, Triad loss=0.028466, Edge loss=0.178072
2025-10-02 11:24:04,622 - INFO - Motif batch_loss_dict=0.001164, Triad loss=0.030672, Edge loss=0.147135
2025-10-02 11:24:05,595 - INFO - Motif batch_loss_dict=0.001096, Triad loss=0.033216, Edge loss=0.155113
2025-10-02 11:24:06,495 - INFO - Motif batch_loss_dict=0.001108, Triad loss=0.034986, Edge loss=0.167053
2025-10-02 11:24:07,392 - INFO - Motif batch_loss_dict=0.001292, Triad loss=0.033093, Edge loss=0.216415
2025-10-02 11:24:07,971 - INFO - Epoch 9: epoch=9, loss=0.2045, edge_loss=0.1717, motif_loss=0.0012, triad_loss=0.0316, alpha=0.0100, beta=0.0100, train_time=6.5320, epoch_time=6.5320, lr=0.0010, cache_hits=62434, cache_misses=7566, cache_hit_rate=0.8919, cache_cache_size=7566
2025-10-02 11:24:08,231 - INFO - motif_energy_pos=0.094786, motif_energy_neg=0.869256
2025-10-02 11:24:08,250 - INFO - dot_pos_mu=3.474±1.627, dot_neg_mu=0.143±1.225
2025-10-02 11:24:11,414 - INFO - Epoch 10: epoch=10, accuracy=0.8731, f1_micro=0.9292, f1_macro=0.6588, f1_weighted=0.8731, auc=0.8678, eval_time=3.4428
2025-10-02 11:24:11,703 - INFO - Motif batch_loss_dict=0.001029, Triad loss=0.035876, Edge loss=0.141088
2025-10-02 11:24:12,557 - INFO - Motif batch_loss_dict=0.001081, Triad loss=0.028431, Edge loss=0.169772
2025-10-02 11:24:13,374 - INFO - Motif batch_loss_dict=0.001203, Triad loss=0.025019, Edge loss=0.197374
2025-10-02 11:24:14,245 - INFO - Motif batch_loss_dict=0.001101, Triad loss=0.028330, Edge loss=0.159345
2025-10-02 11:24:15,238 - INFO - Motif batch_loss_dict=0.001174, Triad loss=0.029885, Edge loss=0.163229
2025-10-02 11:24:16,107 - INFO - Motif batch_loss_dict=0.001153, Triad loss=0.033402, Edge loss=0.188456
2025-10-02 11:24:16,929 - INFO - Motif batch_loss_dict=0.000929, Triad loss=0.037447, Edge loss=0.135262
2025-10-02 11:24:17,498 - INFO - Epoch 10: epoch=10, loss=0.1972, edge_loss=0.1649, motif_loss=0.0011, triad_loss=0.0312, alpha=0.0100, beta=0.0100, train_time=6.0784, epoch_time=9.5263, lr=0.0010, cache_hits=69434, cache_misses=7566, cache_hit_rate=0.9017, cache_cache_size=7566
2025-10-02 11:24:17,761 - INFO - Motif batch_loss_dict=0.001024, Triad loss=0.033057, Edge loss=0.147668
2025-10-02 11:24:18,564 - INFO - Motif batch_loss_dict=0.001058, Triad loss=0.028494, Edge loss=0.140436
2025-10-02 11:24:19,373 - INFO - Motif batch_loss_dict=0.001060, Triad loss=0.032370, Edge loss=0.176414
2025-10-02 11:24:20,241 - INFO - Motif batch_loss_dict=0.001103, Triad loss=0.032184, Edge loss=0.151686
2025-10-02 11:24:21,087 - INFO - Motif batch_loss_dict=0.001087, Triad loss=0.029657, Edge loss=0.148635
2025-10-02 11:24:22,090 - INFO - Motif batch_loss_dict=0.001105, Triad loss=0.030483, Edge loss=0.164804
2025-10-02 11:24:22,996 - INFO - Motif batch_loss_dict=0.001128, Triad loss=0.027741, Edge loss=0.169633
2025-10-02 11:24:23,701 - INFO - Epoch 11: epoch=11, loss=0.1887, edge_loss=0.1570, motif_loss=0.0011, triad_loss=0.0306, alpha=0.0100, beta=0.0100, train_time=6.2035, epoch_time=6.2035, lr=0.0010, cache_hits=76434, cache_misses=7566, cache_hit_rate=0.9099, cache_cache_size=7566
2025-10-02 11:24:23,993 - INFO - Motif batch_loss_dict=0.001058, Triad loss=0.032542, Edge loss=0.173567
2025-10-02 11:24:24,879 - INFO - Motif batch_loss_dict=0.001033, Triad loss=0.032521, Edge loss=0.147442
2025-10-02 11:24:25,783 - INFO - Motif batch_loss_dict=0.000974, Triad loss=0.032847, Edge loss=0.137042
2025-10-02 11:24:26,682 - INFO - Motif batch_loss_dict=0.001091, Triad loss=0.029189, Edge loss=0.150937
2025-10-02 11:24:27,582 - INFO - Motif batch_loss_dict=0.001056, Triad loss=0.033656, Edge loss=0.142254
2025-10-02 11:24:28,631 - INFO - Motif batch_loss_dict=0.001124, Triad loss=0.027535, Edge loss=0.166577
2025-10-02 11:24:29,472 - INFO - Motif batch_loss_dict=0.001162, Triad loss=0.031346, Edge loss=0.179865
2025-10-02 11:24:30,112 - INFO - Epoch 12: epoch=12, loss=0.1893, edge_loss=0.1568, motif_loss=0.0011, triad_loss=0.0314, alpha=0.0100, beta=0.0100, train_time=6.4106, epoch_time=6.4106, lr=0.0010, cache_hits=83434, cache_misses=7566, cache_hit_rate=0.9169, cache_cache_size=7566
2025-10-02 11:24:30,434 - INFO - Motif batch_loss_dict=0.001104, Triad loss=0.027670, Edge loss=0.156091
2025-10-02 11:24:31,430 - INFO - Motif batch_loss_dict=0.001039, Triad loss=0.031509, Edge loss=0.160604
2025-10-02 11:24:32,403 - INFO - Motif batch_loss_dict=0.001045, Triad loss=0.030818, Edge loss=0.155876
2025-10-02 11:24:33,303 - INFO - Motif batch_loss_dict=0.000984, Triad loss=0.034467, Edge loss=0.165748
2025-10-02 11:24:34,173 - INFO - Motif batch_loss_dict=0.000985, Triad loss=0.034123, Edge loss=0.146953
2025-10-02 11:24:35,339 - INFO - Motif batch_loss_dict=0.000990, Triad loss=0.030570, Edge loss=0.140480
2025-10-02 11:24:36,273 - INFO - Motif batch_loss_dict=0.001041, Triad loss=0.030597, Edge loss=0.166262
2025-10-02 11:24:36,903 - INFO - Epoch 13: epoch=13, loss=0.1884, edge_loss=0.1560, motif_loss=0.0010, triad_loss=0.0314, alpha=0.0100, beta=0.0100, train_time=6.7907, epoch_time=6.7907, lr=0.0010, cache_hits=90434, cache_misses=7566, cache_hit_rate=0.9228, cache_cache_size=7566
2025-10-02 11:24:37,223 - INFO - Motif batch_loss_dict=0.000960, Triad loss=0.032697, Edge loss=0.144066
2025-10-02 11:24:38,156 - INFO - Motif batch_loss_dict=0.001042, Triad loss=0.030072, Edge loss=0.156476
2025-10-02 11:24:39,076 - INFO - Motif batch_loss_dict=0.001029, Triad loss=0.036362, Edge loss=0.148852
2025-10-02 11:24:40,033 - INFO - Motif batch_loss_dict=0.000994, Triad loss=0.032040, Edge loss=0.158789
2025-10-02 11:24:40,922 - INFO - Motif batch_loss_dict=0.001057, Triad loss=0.027682, Edge loss=0.145871
2025-10-02 11:24:41,869 - INFO - Motif batch_loss_dict=0.001071, Triad loss=0.034672, Edge loss=0.181876
2025-10-02 11:24:43,099 - INFO - Motif batch_loss_dict=0.001131, Triad loss=0.031682, Edge loss=0.158171
2025-10-02 11:24:43,733 - INFO - Epoch 14: epoch=14, loss=0.1895, edge_loss=0.1563, motif_loss=0.0010, triad_loss=0.0322, alpha=0.0100, beta=0.0100, train_time=6.8309, epoch_time=6.8309, lr=0.0010, cache_hits=97434, cache_misses=7566, cache_hit_rate=0.9279, cache_cache_size=7566
2025-10-02 11:24:44,014 - INFO - motif_energy_pos=0.097686, motif_energy_neg=0.790633
2025-10-02 11:24:44,040 - INFO - dot_pos_mu=3.450±1.677, dot_neg_mu=-0.119±1.389
2025-10-02 11:24:47,013 - INFO - Epoch 15: epoch=15, accuracy=0.8820, f1_micro=0.9344, f1_macro=0.6720, f1_weighted=0.8820, auc=0.8736, eval_time=3.2799
2025-10-02 11:24:47,347 - INFO - Motif batch_loss_dict=0.001090, Triad loss=0.026509, Edge loss=0.179567
2025-10-02 11:24:48,291 - INFO - Motif batch_loss_dict=0.001071, Triad loss=0.027910, Edge loss=0.166836
2025-10-02 11:24:49,232 - INFO - Motif batch_loss_dict=0.001039, Triad loss=0.031793, Edge loss=0.155477
2025-10-02 11:24:50,162 - INFO - Motif batch_loss_dict=0.000890, Triad loss=0.032137, Edge loss=0.148529
2025-10-02 11:24:51,114 - INFO - Motif batch_loss_dict=0.000998, Triad loss=0.031940, Edge loss=0.147723
2025-10-02 11:24:52,043 - INFO - Motif batch_loss_dict=0.000961, Triad loss=0.033293, Edge loss=0.155312
2025-10-02 11:24:53,009 - INFO - Motif batch_loss_dict=0.001012, Triad loss=0.031251, Edge loss=0.139072
2025-10-02 11:24:53,654 - INFO - Epoch 15: epoch=15, loss=0.1878, edge_loss=0.1561, motif_loss=0.0010, triad_loss=0.0307, alpha=0.0100, beta=0.0100, train_time=6.6247, epoch_time=9.9210, lr=0.0010, cache_hits=104434, cache_misses=7566, cache_hit_rate=0.9324, cache_cache_size=7566
2025-10-02 11:24:54,103 - INFO - Motif batch_loss_dict=0.000914, Triad loss=0.032614, Edge loss=0.163628
2025-10-02 11:24:55,022 - INFO - Motif batch_loss_dict=0.001064, Triad loss=0.031413, Edge loss=0.134958
2025-10-02 11:24:56,024 - INFO - Motif batch_loss_dict=0.001055, Triad loss=0.033146, Edge loss=0.145694
2025-10-02 11:24:57,005 - INFO - Motif batch_loss_dict=0.001014, Triad loss=0.029348, Edge loss=0.148074
2025-10-02 11:24:57,938 - INFO - Motif batch_loss_dict=0.001168, Triad loss=0.029224, Edge loss=0.187558
2025-10-02 11:24:58,986 - INFO - Motif batch_loss_dict=0.001017, Triad loss=0.032179, Edge loss=0.155739
2025-10-02 11:24:59,918 - INFO - Motif batch_loss_dict=0.000911, Triad loss=0.034407, Edge loss=0.137676
2025-10-02 11:25:00,545 - INFO - Epoch 16: epoch=16, loss=0.1861, edge_loss=0.1533, motif_loss=0.0010, triad_loss=0.0318, alpha=0.0100, beta=0.0100, train_time=6.8906, epoch_time=6.8906, lr=0.0010, cache_hits=111434, cache_misses=7566, cache_hit_rate=0.9364, cache_cache_size=7566
2025-10-02 11:25:01,019 - INFO - Motif batch_loss_dict=0.000998, Triad loss=0.030665, Edge loss=0.150189
2025-10-02 11:25:01,943 - INFO - Motif batch_loss_dict=0.001064, Triad loss=0.037129, Edge loss=0.125761
2025-10-02 11:25:02,891 - INFO - Motif batch_loss_dict=0.001020, Triad loss=0.032808, Edge loss=0.142506
2025-10-02 11:25:03,832 - INFO - Motif batch_loss_dict=0.001007, Triad loss=0.033620, Edge loss=0.140172
2025-10-02 11:25:04,795 - INFO - Motif batch_loss_dict=0.001087, Triad loss=0.023863, Edge loss=0.211763
2025-10-02 11:25:05,837 - INFO - Motif batch_loss_dict=0.001035, Triad loss=0.028026, Edge loss=0.155189
2025-10-02 11:25:07,014 - INFO - Motif batch_loss_dict=0.000954, Triad loss=0.029127, Edge loss=0.167553
2025-10-02 11:25:07,687 - INFO - Epoch 17: epoch=17, loss=0.1879, edge_loss=0.1562, motif_loss=0.0010, triad_loss=0.0307, alpha=0.0100, beta=0.0100, train_time=7.1420, epoch_time=7.1420, lr=0.0010, cache_hits=118434, cache_misses=7566, cache_hit_rate=0.9400, cache_cache_size=7566
2025-10-02 11:25:08,051 - INFO - Motif batch_loss_dict=0.001057, Triad loss=0.032722, Edge loss=0.164549
2025-10-02 11:25:09,146 - INFO - Motif batch_loss_dict=0.001015, Triad loss=0.035269, Edge loss=0.141054
2025-10-02 11:25:10,094 - INFO - Motif batch_loss_dict=0.001018, Triad loss=0.033913, Edge loss=0.162590
2025-10-02 11:25:11,047 - INFO - Motif batch_loss_dict=0.001014, Triad loss=0.030380, Edge loss=0.179738
2025-10-02 11:25:12,001 - INFO - Motif batch_loss_dict=0.000735, Triad loss=0.030294, Edge loss=0.109253
2025-10-02 11:25:12,989 - INFO - Motif batch_loss_dict=0.001082, Triad loss=0.028793, Edge loss=0.179250
2025-10-02 11:25:13,946 - INFO - Motif batch_loss_dict=0.000981, Triad loss=0.033326, Edge loss=0.132272
2025-10-02 11:25:14,580 - INFO - Epoch 18: epoch=18, loss=0.1858, edge_loss=0.1527, motif_loss=0.0010, triad_loss=0.0321, alpha=0.0100, beta=0.0100, train_time=6.8919, epoch_time=6.8919, lr=0.0010, cache_hits=125434, cache_misses=7566, cache_hit_rate=0.9431, cache_cache_size=7566
2025-10-02 11:25:14,892 - INFO - Motif batch_loss_dict=0.000918, Triad loss=0.032955, Edge loss=0.131790
2025-10-02 11:25:15,820 - INFO - Motif batch_loss_dict=0.001055, Triad loss=0.026961, Edge loss=0.174323
2025-10-02 11:25:16,928 - INFO - Motif batch_loss_dict=0.001028, Triad loss=0.031509, Edge loss=0.155670
2025-10-02 11:25:17,917 - INFO - Motif batch_loss_dict=0.000968, Triad loss=0.033589, Edge loss=0.120133
2025-10-02 11:25:19,162 - INFO - Motif batch_loss_dict=0.000964, Triad loss=0.030178, Edge loss=0.155342
2025-10-02 11:25:20,111 - INFO - Motif batch_loss_dict=0.001043, Triad loss=0.030149, Edge loss=0.169328
2025-10-02 11:25:21,212 - INFO - Motif batch_loss_dict=0.001042, Triad loss=0.032127, Edge loss=0.148274
2025-10-02 11:25:21,819 - INFO - Epoch 19: epoch=19, loss=0.1828, edge_loss=0.1507, motif_loss=0.0010, triad_loss=0.0311, alpha=0.0100, beta=0.0100, train_time=7.2385, epoch_time=7.2385, lr=0.0010, cache_hits=132434, cache_misses=7566, cache_hit_rate=0.9460, cache_cache_size=7566
2025-10-02 11:25:22,102 - INFO - motif_energy_pos=0.081828, motif_energy_neg=0.818660
2025-10-02 11:25:22,129 - INFO - dot_pos_mu=3.816±1.880, dot_neg_mu=-0.169±1.586
2025-10-02 11:25:25,127 - INFO - Epoch 20: epoch=20, accuracy=0.8801, f1_micro=0.9332, f1_macro=0.6731, f1_weighted=0.8801, auc=0.8723, eval_time=3.3087
2025-10-02 11:25:25,441 - INFO - Motif batch_loss_dict=0.000910, Triad loss=0.034099, Edge loss=0.138273
2025-10-02 11:25:26,407 - INFO - Motif batch_loss_dict=0.000899, Triad loss=0.033919, Edge loss=0.137865
2025-10-02 11:25:27,521 - INFO - Motif batch_loss_dict=0.001070, Triad loss=0.031404, Edge loss=0.155659
2025-10-02 11:25:28,471 - INFO - Motif batch_loss_dict=0.000989, Triad loss=0.031764, Edge loss=0.171030
2025-10-02 11:25:29,383 - INFO - Motif batch_loss_dict=0.001025, Triad loss=0.026568, Edge loss=0.140723
2025-10-02 11:25:30,340 - INFO - Motif batch_loss_dict=0.001054, Triad loss=0.033352, Edge loss=0.142807
2025-10-02 11:25:31,310 - INFO - Motif batch_loss_dict=0.001049, Triad loss=0.033011, Edge loss=0.172172
2025-10-02 11:25:31,908 - INFO - Epoch 20: epoch=20, loss=0.1842, edge_loss=0.1512, motif_loss=0.0010, triad_loss=0.0320, alpha=0.0100, beta=0.0100, train_time=6.7812, epoch_time=10.0898, lr=0.0010, cache_hits=139434, cache_misses=7566, cache_hit_rate=0.9485, cache_cache_size=7566
2025-10-02 11:25:32,201 - INFO - Motif batch_loss_dict=0.000976, Triad loss=0.035579, Edge loss=0.155365
2025-10-02 11:25:33,152 - INFO - Motif batch_loss_dict=0.001034, Triad loss=0.030323, Edge loss=0.154675
2025-10-02 11:25:34,098 - INFO - Motif batch_loss_dict=0.000963, Triad loss=0.030414, Edge loss=0.138116
2025-10-02 11:25:35,202 - INFO - Motif batch_loss_dict=0.000996, Triad loss=0.030220, Edge loss=0.164808
2025-10-02 11:25:36,113 - INFO - Motif batch_loss_dict=0.000936, Triad loss=0.033558, Edge loss=0.128576
2025-10-02 11:25:37,051 - INFO - Motif batch_loss_dict=0.001029, Triad loss=0.032310, Edge loss=0.153760
2025-10-02 11:25:38,106 - INFO - Motif batch_loss_dict=0.001032, Triad loss=0.034394, Edge loss=0.152417
2025-10-02 11:25:38,741 - INFO - Epoch 21: epoch=21, loss=0.1831, edge_loss=0.1497, motif_loss=0.0010, triad_loss=0.0324, alpha=0.0100, beta=0.0100, train_time=6.8327, epoch_time=6.8327, lr=0.0010, cache_hits=146434, cache_misses=7566, cache_hit_rate=0.9509, cache_cache_size=7566
2025-10-02 11:25:39,085 - INFO - Motif batch_loss_dict=0.000964, Triad loss=0.029919, Edge loss=0.168045
2025-10-02 11:25:40,047 - INFO - Motif batch_loss_dict=0.001047, Triad loss=0.030486, Edge loss=0.148746
2025-10-02 11:25:41,003 - INFO - Motif batch_loss_dict=0.000992, Triad loss=0.032940, Edge loss=0.170143
2025-10-02 11:25:41,936 - INFO - Motif batch_loss_dict=0.000914, Triad loss=0.029755, Edge loss=0.144156
2025-10-02 11:25:43,057 - INFO - Motif batch_loss_dict=0.000906, Triad loss=0.032627, Edge loss=0.132304
2025-10-02 11:25:44,029 - INFO - Motif batch_loss_dict=0.001006, Triad loss=0.029677, Edge loss=0.154689
2025-10-02 11:25:44,954 - INFO - Motif batch_loss_dict=0.000998, Triad loss=0.033980, Edge loss=0.130219
2025-10-02 11:25:45,566 - INFO - Epoch 22: epoch=22, loss=0.1821, edge_loss=0.1498, motif_loss=0.0010, triad_loss=0.0313, alpha=0.0100, beta=0.0100, train_time=6.8238, epoch_time=6.8238, lr=0.0010, cache_hits=153434, cache_misses=7566, cache_hit_rate=0.9530, cache_cache_size=7566
2025-10-02 11:25:45,899 - INFO - Motif batch_loss_dict=0.001041, Triad loss=0.032221, Edge loss=0.143214
2025-10-02 11:25:46,988 - INFO - Motif batch_loss_dict=0.001001, Triad loss=0.027728, Edge loss=0.171235
2025-10-02 11:25:47,917 - INFO - Motif batch_loss_dict=0.000859, Triad loss=0.032212, Edge loss=0.133040
2025-10-02 11:25:48,893 - INFO - Motif batch_loss_dict=0.001033, Triad loss=0.027242, Edge loss=0.158795
2025-10-02 11:25:49,714 - WARNING - Training interrupted by user
