2025-10-06 10:40:38,817 - INFO - ================================================================================
2025-10-06 10:40:38,828 - INFO - SDGNN with Motif-based Higher-order Learning (Enhanced)
2025-10-06 10:40:38,828 - INFO - ================================================================================
2025-10-06 10:40:38,828 - INFO - NUM_NODE: 3783
2025-10-06 10:40:38,828 - INFO - WEIGHT_DECAY: 0.001
2025-10-06 10:40:38,828 - INFO - NODE_FEAT_SIZE: 20
2025-10-06 10:40:38,828 - INFO - EMBEDDING_SIZE: 20
2025-10-06 10:40:38,828 - INFO - LEARNING_RATE: 0.001
2025-10-06 10:40:38,828 - INFO - BATCH_SIZE: 500
2025-10-06 10:40:38,828 - INFO - EPOCHS: 30
2025-10-06 10:40:38,828 - INFO - DROPOUT: 0.0
2025-10-06 10:40:38,828 - INFO - AGGREGATOR: attention
2025-10-06 10:40:38,828 - INFO - ALPHA: 0.02
2025-10-06 10:40:38,828 - INFO - BETA: 0.02
2025-10-06 10:40:38,828 - INFO - DEVICE: cpu
2025-10-06 10:40:38,828 - INFO - ================================================================================
2025-10-06 10:40:38,828 - INFO - Starting training for dataset: bitcoin_alpha, fold: 1
2025-10-06 10:40:38,828 - INFO - Configuration: {'devices': 'cpu', 'seed': 13, 'epochs': 30, 'lr': 0.001, 'weight_decay': 0.001, 'dataset': 'bitcoin_alpha', 'dim': 20, 'fea_dim': 20, 'batch_size': 500, 'dropout': 0.0, 'k': '0', 'agg': 'attention', 'alpha': 0.02, 'beta': 0.02, 'max_pos_per_u': 50, 'max_neg_per_u': 50, 'eval_every': 5, 'patience': 20, 'warmup_epochs': 10, 'use_cache': True, 'lr_schedule': False, 'grad_clip': 5.0, 'triad_samples': 500, 'triad_prob': 0.6, 'motif_scale': 1.0, 'motif_loss_type': 'l2', 'motif_gamma': 0.2, 'use_motif_channels': True}
2025-10-06 10:40:38,858 - INFO - Data loaded in 0.03s
2025-10-06 10:40:38,859 - INFO - Building motif structures...
2025-10-06 10:40:39,003 - INFO - Sampled 26601 triads
2025-10-06 10:40:39,857 - INFO - [motif:out_in_pos] nnz=5155, mean=0.988846
2025-10-06 10:40:39,859 - INFO - [motif:out_in_neg] nnz=454, mean=0.986079
2025-10-06 10:40:39,860 - INFO - [motif:co_out] nnz=38406, mean=0.917270
2025-10-06 10:40:39,862 - INFO - [motif:co_in] nnz=42270, mean=0.920956
2025-10-06 10:40:39,862 - INFO - [motif:out_in_pos] shape=(3786, 3786), nnz=5155, density=0.000360, range=(3.36766933529071e-07, 8.767296848057596)
2025-10-06 10:40:39,862 - INFO - [motif:out_in_neg] shape=(3786, 3786), nnz=454, density=0.000032, range=(1.2105319141697437e-06, 6.065624112467059)
2025-10-06 10:40:39,862 - INFO - [motif:co_out] shape=(3786, 3786), nnz=38406, density=0.002679, range=(0.00949551145222233, 11.376564757448685)
2025-10-06 10:40:39,864 - INFO - [motif:co_in] shape=(3786, 3786), nnz=42270, density=0.002949, range=(0.00825434982491503, 11.268538269436528)
2025-10-06 10:40:39,864 - INFO - Triads indexed for 2475 unique nodes
2025-10-06 10:40:39,864 - INFO - Motif structures built in 1.01s
2025-10-06 10:40:39,881 - INFO - Motif channels added with gamma=0.2 (total channels=8)
2025-10-06 10:40:40,914 - INFO - Total initialization time: 2.09s
2025-10-06 10:40:40,914 - INFO - Starting training...
2025-10-06 10:40:42,002 - INFO - motif_energy_pos=0.105114, motif_energy_neg=2.303885
2025-10-06 10:40:42,038 - INFO - dot_pos_mu=2.203±0.049, dot_neg_mu=2.202±0.055
2025-10-06 10:40:45,455 - INFO - Epoch 0: epoch=0, accuracy=0.5684, f1_micro=0.7136, f1_macro=0.4192, f1_weighted=0.5684, auc=0.5782, eval_time=4.5410
2025-10-06 10:40:45,862 - INFO - Motif batch_loss_dict=0.000000, Triad loss=0.000000, Edge loss=0.275839
2025-10-06 10:40:47,221 - INFO - Motif batch_loss_dict=0.000000, Triad loss=0.000000, Edge loss=0.418118
2025-10-06 10:40:48,503 - INFO - Motif batch_loss_dict=0.000000, Triad loss=0.000000, Edge loss=0.420470
2025-10-06 10:40:49,811 - INFO - Motif batch_loss_dict=0.000000, Triad loss=0.000000, Edge loss=0.313621
2025-10-06 10:40:51,158 - INFO - Motif batch_loss_dict=0.000000, Triad loss=0.000000, Edge loss=0.338615
2025-10-06 10:40:52,448 - INFO - Motif batch_loss_dict=0.000000, Triad loss=0.000000, Edge loss=0.322616
2025-10-06 10:40:53,740 - INFO - Motif batch_loss_dict=0.000000, Triad loss=0.000000, Edge loss=0.359799
2025-10-06 10:40:54,629 - INFO - Epoch 0: epoch=0, loss=0.3499, edge_loss=0.3499, motif_loss=0.0000, triad_loss=0.0000, alpha=0.0000, beta=0.0000, train_time=9.1675, epoch_time=13.7154, lr=0.0010, cache_hits=0, cache_misses=7000, cache_hit_rate=0.0000, cache_cache_size=7000
2025-10-06 10:40:55,237 - INFO - Motif batch_loss_dict=0.000052, Triad loss=0.000585, Edge loss=0.315690
2025-10-06 10:40:57,127 - INFO - Motif batch_loss_dict=0.000042, Triad loss=0.000677, Edge loss=0.279820
2025-10-06 10:40:59,441 - INFO - Motif batch_loss_dict=0.000040, Triad loss=0.000806, Edge loss=0.331640
2025-10-06 10:41:01,269 - INFO - Motif batch_loss_dict=0.000040, Triad loss=0.000695, Edge loss=0.375272
2025-10-06 10:41:03,289 - INFO - Motif batch_loss_dict=0.000048, Triad loss=0.000598, Edge loss=0.338200
2025-10-06 10:41:05,049 - INFO - Motif batch_loss_dict=0.000062, Triad loss=0.000544, Edge loss=0.340351
2025-10-06 10:41:06,909 - INFO - Motif batch_loss_dict=0.000067, Triad loss=0.000429, Edge loss=0.285360
2025-10-06 10:41:08,471 - INFO -   Note: Motif loss is 0.00005014 (very small, may show as 0.0000)
2025-10-06 10:41:08,472 - INFO - Epoch 1: epoch=1, loss=0.3244, edge_loss=0.3238, motif_loss=0.0001, triad_loss=0.0006, alpha=0.0005, beta=0.0005, train_time=13.8421, epoch_time=13.8421, lr=0.0010, cache_hits=6476, cache_misses=7524, cache_hit_rate=0.4626, cache_cache_size=7524
2025-10-06 10:41:09,110 - INFO - Motif batch_loss_dict=0.000275, Triad loss=0.001754, Edge loss=0.317574
2025-10-06 10:41:10,893 - INFO - Motif batch_loss_dict=0.000275, Triad loss=0.001783, Edge loss=0.366079
2025-10-06 10:41:12,851 - INFO - Motif batch_loss_dict=0.000257, Triad loss=0.001735, Edge loss=0.285677
2025-10-06 10:41:14,772 - INFO - Motif batch_loss_dict=0.000231, Triad loss=0.002073, Edge loss=0.279347
2025-10-06 10:41:16,754 - INFO - Motif batch_loss_dict=0.000207, Triad loss=0.002295, Edge loss=0.309515
2025-10-06 10:41:18,733 - INFO - Motif batch_loss_dict=0.000172, Triad loss=0.002276, Edge loss=0.301064
2025-10-06 10:41:20,678 - INFO - Motif batch_loss_dict=0.000170, Triad loss=0.002974, Edge loss=0.412784
2025-10-06 10:41:22,029 - INFO - Epoch 2: epoch=2, loss=0.3269, edge_loss=0.3246, motif_loss=0.0002, triad_loss=0.0021, alpha=0.0019, beta=0.0019, train_time=13.5568, epoch_time=13.5568, lr=0.0010, cache_hits=13436, cache_misses=7564, cache_hit_rate=0.6398, cache_cache_size=7564
2025-10-06 10:41:22,816 - INFO - Motif batch_loss_dict=0.000372, Triad loss=0.005683, Edge loss=0.330349
2025-10-06 10:41:24,930 - INFO - Motif batch_loss_dict=0.000389, Triad loss=0.005346, Edge loss=0.328809
2025-10-06 10:41:26,976 - INFO - Motif batch_loss_dict=0.000416, Triad loss=0.004915, Edge loss=0.315710
2025-10-06 10:41:28,946 - INFO - Motif batch_loss_dict=0.000452, Triad loss=0.004142, Edge loss=0.244497
2025-10-06 10:41:31,232 - INFO - Motif batch_loss_dict=0.000523, Triad loss=0.004285, Edge loss=0.286912
2025-10-06 10:41:33,254 - INFO - Motif batch_loss_dict=0.000521, Triad loss=0.004415, Edge loss=0.345522
2025-10-06 10:41:35,184 - INFO - Motif batch_loss_dict=0.000501, Triad loss=0.004085, Edge loss=0.322160
2025-10-06 10:41:36,492 - INFO - Epoch 3: epoch=3, loss=0.3157, edge_loss=0.3106, motif_loss=0.0005, triad_loss=0.0047, alpha=0.0041, beta=0.0041, train_time=14.4630, epoch_time=14.4630, lr=0.0010, cache_hits=20434, cache_misses=7566, cache_hit_rate=0.7298, cache_cache_size=7566
2025-10-06 10:41:37,180 - INFO - Motif batch_loss_dict=0.000853, Triad loss=0.007394, Edge loss=0.271860
2025-10-06 10:41:39,153 - INFO - Motif batch_loss_dict=0.000804, Triad loss=0.008426, Edge loss=0.292579
2025-10-06 10:41:41,252 - INFO - Motif batch_loss_dict=0.000734, Triad loss=0.008143, Edge loss=0.331520
2025-10-06 10:41:43,580 - INFO - Motif batch_loss_dict=0.000659, Triad loss=0.007866, Edge loss=0.252899
2025-10-06 10:41:45,737 - INFO - Motif batch_loss_dict=0.000648, Triad loss=0.008411, Edge loss=0.301873
2025-10-06 10:41:47,694 - INFO - Motif batch_loss_dict=0.000655, Triad loss=0.008262, Edge loss=0.280440
2025-10-06 10:41:49,693 - INFO - Motif batch_loss_dict=0.000639, Triad loss=0.008148, Edge loss=0.295472
2025-10-06 10:41:51,094 - INFO - Epoch 4: epoch=4, loss=0.2983, edge_loss=0.2895, motif_loss=0.0007, triad_loss=0.0081, alpha=0.0069, beta=0.0069, train_time=14.6025, epoch_time=14.6025, lr=0.0010, cache_hits=27434, cache_misses=7566, cache_hit_rate=0.7838, cache_cache_size=7566
2025-10-06 10:41:52,268 - INFO - motif_energy_pos=0.086429, motif_energy_neg=1.987049
2025-10-06 10:41:52,277 - INFO - dot_pos_mu=2.489±0.415, dot_neg_mu=1.825±0.297
2025-10-06 10:41:55,311 - INFO - Epoch 5: epoch=5, accuracy=0.8295, f1_micro=0.9024, f1_macro=0.6134, f1_weighted=0.8295, auc=0.8481, eval_time=4.2167
2025-10-06 10:41:56,081 - INFO - Motif batch_loss_dict=0.000985, Triad loss=0.012013, Edge loss=0.321044
2025-10-06 10:41:58,605 - INFO - Motif batch_loss_dict=0.001053, Triad loss=0.012077, Edge loss=0.278178
2025-10-06 10:42:00,904 - INFO - Motif batch_loss_dict=0.001166, Triad loss=0.010527, Edge loss=0.238830
2025-10-06 10:42:02,841 - INFO - Motif batch_loss_dict=0.001170, Triad loss=0.010058, Edge loss=0.266790
2025-10-06 10:42:04,789 - INFO - Motif batch_loss_dict=0.001103, Triad loss=0.010540, Edge loss=0.221704
2025-10-06 10:42:06,810 - INFO - Motif batch_loss_dict=0.000995, Triad loss=0.011283, Edge loss=0.213413
2025-10-06 10:42:08,721 - INFO - Motif batch_loss_dict=0.000793, Triad loss=0.013153, Edge loss=0.264465
2025-10-06 10:42:09,982 - INFO - Epoch 5: epoch=5, loss=0.2702, edge_loss=0.2578, motif_loss=0.0010, triad_loss=0.0114, alpha=0.0100, beta=0.0100, train_time=14.6579, epoch_time=18.8879, lr=0.0010, cache_hits=34434, cache_misses=7566, cache_hit_rate=0.8199, cache_cache_size=7566
2025-10-06 10:42:10,674 - INFO - Motif batch_loss_dict=0.001005, Triad loss=0.017896, Edge loss=0.221774
2025-10-06 10:42:12,619 - INFO - Motif batch_loss_dict=0.000988, Triad loss=0.019231, Edge loss=0.177590
2025-10-06 10:42:14,533 - INFO - Motif batch_loss_dict=0.001102, Triad loss=0.018165, Edge loss=0.272708
2025-10-06 10:42:16,617 - INFO - Motif batch_loss_dict=0.001270, Triad loss=0.016495, Edge loss=0.212689
2025-10-06 10:42:18,601 - INFO - Motif batch_loss_dict=0.001430, Triad loss=0.015745, Edge loss=0.217492
2025-10-06 10:42:20,526 - INFO - Motif batch_loss_dict=0.001512, Triad loss=0.013688, Edge loss=0.247466
2025-10-06 10:42:22,453 - INFO - Motif batch_loss_dict=0.001489, Triad loss=0.015024, Edge loss=0.201692
2025-10-06 10:42:23,786 - INFO - Epoch 6: epoch=6, loss=0.2395, edge_loss=0.2216, motif_loss=0.0013, triad_loss=0.0166, alpha=0.0131, beta=0.0131, train_time=13.8040, epoch_time=13.8040, lr=0.0010, cache_hits=41434, cache_misses=7566, cache_hit_rate=0.8456, cache_cache_size=7566
2025-10-06 10:42:24,481 - INFO - Motif batch_loss_dict=0.001529, Triad loss=0.020860, Edge loss=0.193310
2025-10-06 10:42:26,589 - INFO - Motif batch_loss_dict=0.001356, Triad loss=0.024105, Edge loss=0.191070
2025-10-06 10:42:28,598 - INFO - Motif batch_loss_dict=0.001203, Triad loss=0.027457, Edge loss=0.180436
2025-10-06 10:42:30,633 - INFO - Motif batch_loss_dict=0.001247, Triad loss=0.026819, Edge loss=0.193896
2025-10-06 10:42:32,642 - INFO - Motif batch_loss_dict=0.001447, Triad loss=0.024845, Edge loss=0.202277
2025-10-06 10:42:34,585 - INFO - Motif batch_loss_dict=0.001620, Triad loss=0.026188, Edge loss=0.216808
2025-10-06 10:42:36,694 - INFO - Motif batch_loss_dict=0.002010, Triad loss=0.021245, Edge loss=0.193466
2025-10-06 10:42:38,003 - INFO - Epoch 7: epoch=7, loss=0.2219, edge_loss=0.1959, motif_loss=0.0015, triad_loss=0.0245, alpha=0.0159, beta=0.0159, train_time=14.2158, epoch_time=14.2158, lr=0.0010, cache_hits=48434, cache_misses=7566, cache_hit_rate=0.8649, cache_cache_size=7566
2025-10-06 10:42:38,716 - INFO - Motif batch_loss_dict=0.002492, Triad loss=0.024845, Edge loss=0.203408
2025-10-06 10:42:40,763 - INFO - Motif batch_loss_dict=0.002004, Triad loss=0.027586, Edge loss=0.190512
2025-10-06 10:42:42,768 - INFO - Motif batch_loss_dict=0.001829, Triad loss=0.031307, Edge loss=0.186633
2025-10-06 10:42:44,795 - INFO - Motif batch_loss_dict=0.001540, Triad loss=0.033379, Edge loss=0.150623
2025-10-06 10:42:46,930 - INFO - Motif batch_loss_dict=0.001660, Triad loss=0.033365, Edge loss=0.170090
2025-10-06 10:42:48,935 - INFO - Motif batch_loss_dict=0.001659, Triad loss=0.027813, Edge loss=0.170144
2025-10-06 10:42:50,952 - INFO - Motif batch_loss_dict=0.002058, Triad loss=0.023960, Edge loss=0.150094
2025-10-06 10:42:52,246 - INFO - Epoch 8: epoch=8, loss=0.2053, edge_loss=0.1745, motif_loss=0.0019, triad_loss=0.0289, alpha=0.0181, beta=0.0181, train_time=14.2422, epoch_time=14.2422, lr=0.0010, cache_hits=55434, cache_misses=7566, cache_hit_rate=0.8799, cache_cache_size=7566
2025-10-06 10:42:52,929 - INFO - Motif batch_loss_dict=0.002732, Triad loss=0.024354, Edge loss=0.166198
2025-10-06 10:42:54,962 - INFO - Motif batch_loss_dict=0.002392, Triad loss=0.024497, Edge loss=0.184624
2025-10-06 10:42:57,057 - INFO - Motif batch_loss_dict=0.002150, Triad loss=0.028137, Edge loss=0.157412
2025-10-06 10:42:59,196 - INFO - Motif batch_loss_dict=0.001823, Triad loss=0.030016, Edge loss=0.152788
2025-10-06 10:43:01,132 - INFO - Motif batch_loss_dict=0.001709, Triad loss=0.032300, Edge loss=0.149588
2025-10-06 10:43:03,107 - INFO - Motif batch_loss_dict=0.001940, Triad loss=0.030625, Edge loss=0.141179
2025-10-06 10:43:05,102 - INFO - Motif batch_loss_dict=0.002529, Triad loss=0.024016, Edge loss=0.219776
2025-10-06 10:43:06,428 - INFO - Epoch 9: epoch=9, loss=0.1973, edge_loss=0.1674, motif_loss=0.0022, triad_loss=0.0277, alpha=0.0195, beta=0.0195, train_time=14.1806, epoch_time=14.1806, lr=0.0010, cache_hits=62434, cache_misses=7566, cache_hit_rate=0.8919, cache_cache_size=7566
2025-10-06 10:43:07,607 - INFO - motif_energy_pos=0.096014, motif_energy_neg=0.794688
2025-10-06 10:43:07,626 - INFO - dot_pos_mu=3.846±2.116, dot_neg_mu=0.095±1.233
2025-10-06 10:43:10,667 - INFO - Epoch 10: epoch=10, accuracy=0.8698, f1_micro=0.9273, f1_macro=0.6505, f1_weighted=0.8698, auc=0.8621, eval_time=4.2398
2025-10-06 10:43:11,496 - INFO - Motif batch_loss_dict=0.002796, Triad loss=0.022050, Edge loss=0.197518
2025-10-06 10:43:13,410 - INFO - Motif batch_loss_dict=0.002658, Triad loss=0.021445, Edge loss=0.143698
2025-10-06 10:43:15,315 - INFO - Motif batch_loss_dict=0.002664, Triad loss=0.023346, Edge loss=0.174929
2025-10-06 10:43:17,253 - INFO - Motif batch_loss_dict=0.002052, Triad loss=0.026202, Edge loss=0.137376
2025-10-06 10:43:19,635 - INFO - Motif batch_loss_dict=0.002177, Triad loss=0.028043, Edge loss=0.130536
2025-10-06 10:43:21,581 - INFO - Motif batch_loss_dict=0.002120, Triad loss=0.032234, Edge loss=0.183067
2025-10-06 10:43:23,521 - INFO - Motif batch_loss_dict=0.002149, Triad loss=0.026570, Edge loss=0.170326
2025-10-06 10:43:24,801 - INFO - Epoch 10: epoch=10, loss=0.1906, edge_loss=0.1625, motif_loss=0.0024, triad_loss=0.0257, alpha=0.0200, beta=0.0200, train_time=14.1263, epoch_time=18.3731, lr=0.0010, cache_hits=69434, cache_misses=7566, cache_hit_rate=0.9017, cache_cache_size=7566
2025-10-06 10:43:25,413 - INFO - Motif batch_loss_dict=0.002447, Triad loss=0.024202, Edge loss=0.131688
2025-10-06 10:43:27,268 - INFO - Motif batch_loss_dict=0.002839, Triad loss=0.024136, Edge loss=0.171058
2025-10-06 10:43:29,212 - INFO - Motif batch_loss_dict=0.002962, Triad loss=0.022979, Edge loss=0.181306
2025-10-06 10:43:31,203 - INFO - Motif batch_loss_dict=0.002514, Triad loss=0.023217, Edge loss=0.169828
2025-10-06 10:43:33,120 - INFO - Motif batch_loss_dict=0.002167, Triad loss=0.027896, Edge loss=0.115173
2025-10-06 10:43:34,987 - INFO - Motif batch_loss_dict=0.002343, Triad loss=0.029165, Edge loss=0.169701
2025-10-06 10:43:37,065 - INFO - Motif batch_loss_dict=0.002318, Triad loss=0.030156, Edge loss=0.154883
2025-10-06 10:43:38,329 - INFO - Epoch 11: epoch=11, loss=0.1847, edge_loss=0.1562, motif_loss=0.0025, triad_loss=0.0260, alpha=0.0200, beta=0.0200, train_time=13.5280, epoch_time=13.5280, lr=0.0010, cache_hits=76434, cache_misses=7566, cache_hit_rate=0.9099, cache_cache_size=7566
2025-10-06 10:43:39,105 - INFO - Motif batch_loss_dict=0.002685, Triad loss=0.026068, Edge loss=0.154371
2025-10-06 10:43:41,218 - INFO - Motif batch_loss_dict=0.002743, Triad loss=0.023197, Edge loss=0.154626
2025-10-06 10:43:43,174 - INFO - Motif batch_loss_dict=0.002799, Triad loss=0.023539, Edge loss=0.184229
2025-10-06 10:43:45,175 - INFO - Motif batch_loss_dict=0.002814, Triad loss=0.024811, Edge loss=0.139651
2025-10-06 10:43:47,073 - INFO - Motif batch_loss_dict=0.002561, Triad loss=0.025854, Edge loss=0.139251
2025-10-06 10:43:49,095 - INFO - Motif batch_loss_dict=0.002493, Triad loss=0.031724, Edge loss=0.120783
2025-10-06 10:43:51,044 - INFO - Motif batch_loss_dict=0.001993, Triad loss=0.032137, Edge loss=0.162044
2025-10-06 10:43:52,296 - INFO - Epoch 12: epoch=12, loss=0.1801, edge_loss=0.1507, motif_loss=0.0026, triad_loss=0.0268, alpha=0.0200, beta=0.0200, train_time=13.9654, epoch_time=13.9654, lr=0.0010, cache_hits=83434, cache_misses=7566, cache_hit_rate=0.9169, cache_cache_size=7566
2025-10-06 10:43:52,972 - INFO - Motif batch_loss_dict=0.002165, Triad loss=0.032699, Edge loss=0.148091
2025-10-06 10:43:54,933 - INFO - Motif batch_loss_dict=0.002680, Triad loss=0.025947, Edge loss=0.148534
2025-10-06 10:43:56,983 - INFO - Motif batch_loss_dict=0.002865, Triad loss=0.023075, Edge loss=0.171220
2025-10-06 10:43:59,697 - INFO - Motif batch_loss_dict=0.002949, Triad loss=0.023425, Edge loss=0.160658
2025-10-06 10:44:01,596 - INFO - Motif batch_loss_dict=0.002430, Triad loss=0.027061, Edge loss=0.131689
2025-10-06 10:44:03,523 - INFO - Motif batch_loss_dict=0.002364, Triad loss=0.027743, Edge loss=0.168626
2025-10-06 10:44:05,472 - INFO - Motif batch_loss_dict=0.002474, Triad loss=0.029111, Edge loss=0.138314
2025-10-06 10:44:06,769 - INFO - Epoch 13: epoch=13, loss=0.1820, edge_loss=0.1524, motif_loss=0.0026, triad_loss=0.0270, alpha=0.0200, beta=0.0200, train_time=14.4722, epoch_time=14.4722, lr=0.0010, cache_hits=90434, cache_misses=7566, cache_hit_rate=0.9228, cache_cache_size=7566
2025-10-06 10:44:07,441 - INFO - Motif batch_loss_dict=0.002872, Triad loss=0.026676, Edge loss=0.134597
2025-10-06 10:44:09,484 - INFO - Motif batch_loss_dict=0.002954, Triad loss=0.023095, Edge loss=0.157883
2025-10-06 10:44:11,424 - INFO - Motif batch_loss_dict=0.002863, Triad loss=0.024899, Edge loss=0.158091
2025-10-06 10:44:13,375 - INFO - Motif batch_loss_dict=0.002557, Triad loss=0.026972, Edge loss=0.153971
2025-10-06 10:44:15,284 - INFO - Motif batch_loss_dict=0.002036, Triad loss=0.027533, Edge loss=0.128238
2025-10-06 10:44:17,195 - INFO - Motif batch_loss_dict=0.002096, Triad loss=0.029748, Edge loss=0.146615
2025-10-06 10:44:19,331 - INFO - Motif batch_loss_dict=0.002437, Triad loss=0.029543, Edge loss=0.152509
2025-10-06 10:44:20,722 - INFO - Epoch 14: epoch=14, loss=0.1769, edge_loss=0.1474, motif_loss=0.0025, triad_loss=0.0269, alpha=0.0200, beta=0.0200, train_time=13.9532, epoch_time=13.9532, lr=0.0010, cache_hits=97434, cache_misses=7566, cache_hit_rate=0.9279, cache_cache_size=7566
2025-10-06 10:44:21,909 - INFO - motif_energy_pos=0.064981, motif_energy_neg=0.819713
2025-10-06 10:44:21,942 - INFO - dot_pos_mu=4.910±2.668, dot_neg_mu=-0.077±1.720
2025-10-06 10:44:25,145 - INFO - Epoch 15: epoch=15, accuracy=0.8760, f1_micro=0.9309, f1_macro=0.6618, f1_weighted=0.8760, auc=0.8648, eval_time=4.4211
2025-10-06 10:44:25,778 - INFO - Motif batch_loss_dict=0.002476, Triad loss=0.027467, Edge loss=0.138075
2025-10-06 10:44:27,674 - INFO - Motif batch_loss_dict=0.002617, Triad loss=0.025098, Edge loss=0.165405
2025-10-06 10:44:29,614 - INFO - Motif batch_loss_dict=0.003043, Triad loss=0.022468, Edge loss=0.160722
2025-10-06 10:44:31,547 - INFO - Motif batch_loss_dict=0.002855, Triad loss=0.024433, Edge loss=0.164484
2025-10-06 10:44:33,690 - INFO - Motif batch_loss_dict=0.002532, Triad loss=0.027240, Edge loss=0.135063
2025-10-06 10:44:35,579 - INFO - Motif batch_loss_dict=0.002308, Triad loss=0.029569, Edge loss=0.133798
2025-10-06 10:44:37,455 - INFO - Motif batch_loss_dict=0.001846, Triad loss=0.031572, Edge loss=0.142817
2025-10-06 10:44:38,737 - INFO - Epoch 15: epoch=15, loss=0.1780, edge_loss=0.1486, motif_loss=0.0025, triad_loss=0.0268, alpha=0.0200, beta=0.0200, train_time=13.5832, epoch_time=18.0143, lr=0.0010, cache_hits=104434, cache_misses=7566, cache_hit_rate=0.9324, cache_cache_size=7566
2025-10-06 10:44:39,420 - INFO - Motif batch_loss_dict=0.001995, Triad loss=0.029060, Edge loss=0.117960
2025-10-06 10:44:41,361 - INFO - Motif batch_loss_dict=0.002629, Triad loss=0.026942, Edge loss=0.137294
2025-10-06 10:44:43,391 - INFO - Motif batch_loss_dict=0.002957, Triad loss=0.023595, Edge loss=0.155457
2025-10-06 10:44:45,318 - INFO - Motif batch_loss_dict=0.002401, Triad loss=0.023720, Edge loss=0.172012
2025-10-06 10:44:47,230 - INFO - Motif batch_loss_dict=0.002361, Triad loss=0.024586, Edge loss=0.141706
2025-10-06 10:44:49,143 - INFO - Motif batch_loss_dict=0.002429, Triad loss=0.027634, Edge loss=0.155293
2025-10-06 10:44:51,058 - INFO - Motif batch_loss_dict=0.002136, Triad loss=0.030805, Edge loss=0.151494
2025-10-06 10:44:52,290 - INFO - Epoch 16: epoch=16, loss=0.1764, edge_loss=0.1473, motif_loss=0.0024, triad_loss=0.0266, alpha=0.0200, beta=0.0200, train_time=13.5537, epoch_time=13.5537, lr=0.0010, cache_hits=111434, cache_misses=7566, cache_hit_rate=0.9364, cache_cache_size=7566
2025-10-06 10:44:53,074 - INFO - Motif batch_loss_dict=0.002184, Triad loss=0.028578, Edge loss=0.150713
2025-10-06 10:44:55,002 - INFO - Motif batch_loss_dict=0.002562, Triad loss=0.024880, Edge loss=0.134134
2025-10-06 10:44:56,969 - INFO - Motif batch_loss_dict=0.002990, Triad loss=0.022075, Edge loss=0.158817
2025-10-06 10:44:59,409 - INFO - Motif batch_loss_dict=0.002816, Triad loss=0.024935, Edge loss=0.172303
2025-10-06 10:45:01,394 - INFO - Motif batch_loss_dict=0.002047, Triad loss=0.029153, Edge loss=0.119419
2025-10-06 10:45:03,398 - INFO - Motif batch_loss_dict=0.002164, Triad loss=0.030141, Edge loss=0.164195
2025-10-06 10:45:05,342 - INFO - Motif batch_loss_dict=0.002300, Triad loss=0.028845, Edge loss=0.135067
2025-10-06 10:45:06,557 - INFO - Epoch 17: epoch=17, loss=0.1772, edge_loss=0.1478, motif_loss=0.0024, triad_loss=0.0269, alpha=0.0200, beta=0.0200, train_time=14.2646, epoch_time=14.2646, lr=0.0010, cache_hits=118434, cache_misses=7566, cache_hit_rate=0.9400, cache_cache_size=7566
2025-10-06 10:45:07,243 - INFO - Motif batch_loss_dict=0.002791, Triad loss=0.024663, Edge loss=0.176571
2025-10-06 10:45:09,138 - INFO - Motif batch_loss_dict=0.002626, Triad loss=0.023530, Edge loss=0.124477
2025-10-06 10:45:11,062 - INFO - Motif batch_loss_dict=0.002534, Triad loss=0.025654, Edge loss=0.148329
2025-10-06 10:45:12,909 - INFO - Motif batch_loss_dict=0.002268, Triad loss=0.030061, Edge loss=0.127234
2025-10-06 10:45:14,893 - INFO - Motif batch_loss_dict=0.002236, Triad loss=0.029799, Edge loss=0.159874
2025-10-06 10:45:16,822 - INFO - Motif batch_loss_dict=0.002215, Triad loss=0.027707, Edge loss=0.106188
2025-10-06 10:45:18,767 - INFO - Motif batch_loss_dict=0.002867, Triad loss=0.025648, Edge loss=0.149323
2025-10-06 10:45:20,042 - INFO - Epoch 18: epoch=18, loss=0.1709, edge_loss=0.1417, motif_loss=0.0025, triad_loss=0.0267, alpha=0.0200, beta=0.0200, train_time=13.4857, epoch_time=13.4857, lr=0.0010, cache_hits=125434, cache_misses=7566, cache_hit_rate=0.9431, cache_cache_size=7566
2025-10-06 10:45:20,726 - INFO - Motif batch_loss_dict=0.002683, Triad loss=0.026000, Edge loss=0.145091
2025-10-06 10:45:22,760 - INFO - Motif batch_loss_dict=0.002303, Triad loss=0.027442, Edge loss=0.128803
2025-10-06 10:45:24,637 - INFO - Motif batch_loss_dict=0.002206, Triad loss=0.029683, Edge loss=0.139887
2025-10-06 10:45:26,577 - INFO - Motif batch_loss_dict=0.002326, Triad loss=0.027979, Edge loss=0.134806
2025-10-06 10:45:28,629 - INFO - Motif batch_loss_dict=0.002533, Triad loss=0.026068, Edge loss=0.133120
2025-10-06 10:45:30,542 - INFO - Motif batch_loss_dict=0.002579, Triad loss=0.024350, Edge loss=0.159303
2025-10-06 10:45:32,731 - INFO - Motif batch_loss_dict=0.002529, Triad loss=0.026148, Edge loss=0.162874
2025-10-06 10:45:34,066 - INFO - Epoch 19: epoch=19, loss=0.1727, edge_loss=0.1434, motif_loss=0.0025, triad_loss=0.0268, alpha=0.0200, beta=0.0200, train_time=14.0212, epoch_time=14.0212, lr=0.0010, cache_hits=132434, cache_misses=7566, cache_hit_rate=0.9460, cache_cache_size=7566
2025-10-06 10:45:35,268 - INFO - motif_energy_pos=0.067968, motif_energy_neg=0.756686
2025-10-06 10:45:35,299 - INFO - dot_pos_mu=5.272±3.180, dot_neg_mu=-0.280±1.818
2025-10-06 10:45:38,284 - INFO - Epoch 20: epoch=20, accuracy=0.8783, f1_micro=0.9324, f1_macro=0.6616, f1_weighted=0.8783, auc=0.8621, eval_time=4.2181
2025-10-06 10:45:38,925 - INFO - Motif batch_loss_dict=0.002387, Triad loss=0.028117, Edge loss=0.150226
2025-10-06 10:45:40,766 - INFO - Motif batch_loss_dict=0.002363, Triad loss=0.028754, Edge loss=0.132566
2025-10-06 10:45:42,690 - INFO - Motif batch_loss_dict=0.002456, Triad loss=0.027701, Edge loss=0.126064
2025-10-06 10:45:44,640 - INFO - Motif batch_loss_dict=0.002405, Triad loss=0.026080, Edge loss=0.172932
2025-10-06 10:45:46,549 - INFO - Motif batch_loss_dict=0.002601, Triad loss=0.027491, Edge loss=0.135365
2025-10-06 10:45:48,580 - INFO - Motif batch_loss_dict=0.002930, Triad loss=0.025766, Edge loss=0.140440
2025-10-06 10:45:50,488 - INFO - Motif batch_loss_dict=0.002387, Triad loss=0.028303, Edge loss=0.131242
2025-10-06 10:45:51,793 - INFO - Epoch 20: epoch=20, loss=0.1712, edge_loss=0.1413, motif_loss=0.0025, triad_loss=0.0275, alpha=0.0200, beta=0.0200, train_time=13.5090, epoch_time=17.7271, lr=0.0010, cache_hits=139434, cache_misses=7566, cache_hit_rate=0.9485, cache_cache_size=7566
2025-10-06 10:45:52,440 - INFO - Motif batch_loss_dict=0.002611, Triad loss=0.029759, Edge loss=0.120512
2025-10-06 10:45:54,377 - INFO - Motif batch_loss_dict=0.002345, Triad loss=0.029242, Edge loss=0.125421
2025-10-06 10:45:56,420 - INFO - Motif batch_loss_dict=0.002073, Triad loss=0.029458, Edge loss=0.129185
2025-10-06 10:45:58,949 - INFO - Motif batch_loss_dict=0.002532, Triad loss=0.026470, Edge loss=0.154526
2025-10-06 10:46:01,022 - INFO - Motif batch_loss_dict=0.002600, Triad loss=0.024746, Edge loss=0.138470
2025-10-06 10:46:02,925 - INFO - Motif batch_loss_dict=0.002639, Triad loss=0.023519, Edge loss=0.148854
2025-10-06 10:46:04,862 - INFO - Motif batch_loss_dict=0.002253, Triad loss=0.027641, Edge loss=0.144038
2025-10-06 10:46:06,119 - INFO - Epoch 21: epoch=21, loss=0.1670, edge_loss=0.1373, motif_loss=0.0024, triad_loss=0.0273, alpha=0.0200, beta=0.0200, train_time=14.3264, epoch_time=14.3264, lr=0.0010, cache_hits=146434, cache_misses=7566, cache_hit_rate=0.9509, cache_cache_size=7566
2025-10-06 10:46:06,878 - INFO - Motif batch_loss_dict=0.002300, Triad loss=0.028591, Edge loss=0.135274
2025-10-06 10:46:08,800 - INFO - Motif batch_loss_dict=0.002450, Triad loss=0.026878, Edge loss=0.162972
2025-10-06 10:46:10,721 - INFO - Motif batch_loss_dict=0.002302, Triad loss=0.026707, Edge loss=0.113452
2025-10-06 10:46:12,675 - INFO - Motif batch_loss_dict=0.002392, Triad loss=0.028670, Edge loss=0.120085
2025-10-06 10:46:14,598 - INFO - Motif batch_loss_dict=0.002548, Triad loss=0.029857, Edge loss=0.118354
2025-10-06 10:46:16,628 - INFO - Motif batch_loss_dict=0.002675, Triad loss=0.026357, Edge loss=0.159632
2025-10-06 10:46:18,556 - INFO - Motif batch_loss_dict=0.002346, Triad loss=0.026338, Edge loss=0.134398
2025-10-06 10:46:19,771 - INFO - Epoch 22: epoch=22, loss=0.1649, edge_loss=0.1349, motif_loss=0.0024, triad_loss=0.0276, alpha=0.0200, beta=0.0200, train_time=13.6520, epoch_time=13.6520, lr=0.0010, cache_hits=153434, cache_misses=7566, cache_hit_rate=0.9530, cache_cache_size=7566
2025-10-06 10:46:20,424 - INFO - Motif batch_loss_dict=0.002870, Triad loss=0.024021, Edge loss=0.127112
2025-10-06 10:46:22,285 - INFO - Motif batch_loss_dict=0.002773, Triad loss=0.026268, Edge loss=0.144256
2025-10-06 10:46:24,207 - INFO - Motif batch_loss_dict=0.002414, Triad loss=0.028409, Edge loss=0.149456
2025-10-06 10:46:26,264 - INFO - Motif batch_loss_dict=0.002379, Triad loss=0.028167, Edge loss=0.107918
2025-10-06 10:46:28,205 - INFO - Motif batch_loss_dict=0.002428, Triad loss=0.025386, Edge loss=0.154882
2025-10-06 10:46:30,128 - INFO - Motif batch_loss_dict=0.002596, Triad loss=0.025749, Edge loss=0.159262
2025-10-06 10:46:32,065 - INFO - Motif batch_loss_dict=0.002495, Triad loss=0.026609, Edge loss=0.140626
2025-10-06 10:46:33,339 - INFO - Epoch 23: epoch=23, loss=0.1694, edge_loss=0.1405, motif_loss=0.0026, triad_loss=0.0264, alpha=0.0200, beta=0.0200, train_time=13.5683, epoch_time=13.5683, lr=0.0010, cache_hits=160434, cache_misses=7566, cache_hit_rate=0.9550, cache_cache_size=7566
2025-10-06 10:46:34,112 - INFO - Motif batch_loss_dict=0.002186, Triad loss=0.028209, Edge loss=0.121143
2025-10-06 10:46:36,003 - INFO - Motif batch_loss_dict=0.001994, Triad loss=0.029024, Edge loss=0.140707
2025-10-06 10:46:37,928 - INFO - Motif batch_loss_dict=0.002085, Triad loss=0.028861, Edge loss=0.150673
2025-10-06 10:46:39,851 - INFO - Motif batch_loss_dict=0.002880, Triad loss=0.024376, Edge loss=0.150791
2025-10-06 10:46:41,882 - INFO - Motif batch_loss_dict=0.002925, Triad loss=0.025258, Edge loss=0.118528
2025-10-06 10:46:43,925 - INFO - Motif batch_loss_dict=0.002571, Triad loss=0.026742, Edge loss=0.134449
2025-10-06 10:46:45,871 - INFO - Motif batch_loss_dict=0.002160, Triad loss=0.030669, Edge loss=0.132168
2025-10-06 10:46:47,097 - INFO - Epoch 24: epoch=24, loss=0.1655, edge_loss=0.1355, motif_loss=0.0024, triad_loss=0.0276, alpha=0.0200, beta=0.0200, train_time=13.7580, epoch_time=13.7580, lr=0.0010, cache_hits=167434, cache_misses=7566, cache_hit_rate=0.9568, cache_cache_size=7566
2025-10-06 10:46:48,237 - INFO - motif_energy_pos=0.053586, motif_energy_neg=0.790564
2025-10-06 10:46:48,276 - INFO - dot_pos_mu=6.023±3.759, dot_neg_mu=-0.332±2.113
2025-10-06 10:46:49,511 - INFO - Epoch 25: epoch=25, accuracy=0.8778, f1_micro=0.9322, f1_macro=0.6599, f1_weighted=0.8778, auc=0.8599, eval_time=2.4125
2025-10-06 10:46:50,172 - INFO - Motif batch_loss_dict=0.002099, Triad loss=0.031730, Edge loss=0.116522
2025-10-06 10:46:52,112 - INFO - Motif batch_loss_dict=0.002311, Triad loss=0.027460, Edge loss=0.129864
2025-10-06 10:46:54,003 - INFO - Motif batch_loss_dict=0.002667, Triad loss=0.024415, Edge loss=0.146591
2025-10-06 10:46:56,023 - INFO - Motif batch_loss_dict=0.002416, Triad loss=0.023967, Edge loss=0.158907
2025-10-06 10:46:58,643 - INFO - Motif batch_loss_dict=0.002591, Triad loss=0.027703, Edge loss=0.146753
2025-10-06 10:47:00,645 - INFO - Motif batch_loss_dict=0.002196, Triad loss=0.029107, Edge loss=0.118867
2025-10-06 10:47:02,534 - INFO - Motif batch_loss_dict=0.002421, Triad loss=0.028756, Edge loss=0.121974
2025-10-06 10:47:03,876 - INFO - Epoch 25: epoch=25, loss=0.1642, edge_loss=0.1342, motif_loss=0.0024, triad_loss=0.0276, alpha=0.0200, beta=0.0200, train_time=14.3644, epoch_time=16.7779, lr=0.0010, cache_hits=174434, cache_misses=7566, cache_hit_rate=0.9584, cache_cache_size=7566
2025-10-06 10:47:04,518 - INFO - Motif batch_loss_dict=0.002559, Triad loss=0.024328, Edge loss=0.152985
2025-10-06 10:47:06,471 - INFO - Motif batch_loss_dict=0.002721, Triad loss=0.025176, Edge loss=0.125121
2025-10-06 10:47:08,361 - INFO - Motif batch_loss_dict=0.002789, Triad loss=0.026786, Edge loss=0.141514
2025-10-06 10:47:10,252 - INFO - Motif batch_loss_dict=0.002708, Triad loss=0.027319, Edge loss=0.141185
2025-10-06 10:47:12,159 - INFO - Motif batch_loss_dict=0.002331, Triad loss=0.030591, Edge loss=0.107441
2025-10-06 10:47:14,064 - INFO - Motif batch_loss_dict=0.002372, Triad loss=0.028051, Edge loss=0.107387
2025-10-06 10:47:16,109 - INFO - Motif batch_loss_dict=0.002584, Triad loss=0.025177, Edge loss=0.153740
2025-10-06 10:47:17,364 - INFO - Epoch 26: epoch=26, loss=0.1621, edge_loss=0.1328, motif_loss=0.0026, triad_loss=0.0268, alpha=0.0200, beta=0.0200, train_time=13.4880, epoch_time=13.4880, lr=0.0010, cache_hits=181434, cache_misses=7566, cache_hit_rate=0.9600, cache_cache_size=7566
2025-10-06 10:47:18,003 - INFO - Motif batch_loss_dict=0.002436, Triad loss=0.027064, Edge loss=0.100261
2025-10-06 10:47:19,911 - INFO - Motif batch_loss_dict=0.002711, Triad loss=0.027920, Edge loss=0.125190
2025-10-06 10:47:21,846 - INFO - Motif batch_loss_dict=0.002407, Triad loss=0.026589, Edge loss=0.158975
2025-10-06 10:47:23,767 - INFO - Motif batch_loss_dict=0.002507, Triad loss=0.026621, Edge loss=0.146895
2025-10-06 10:47:25,971 - INFO - Motif batch_loss_dict=0.002614, Triad loss=0.026534, Edge loss=0.134920
2025-10-06 10:47:27,880 - INFO - Motif batch_loss_dict=0.002239, Triad loss=0.026539, Edge loss=0.109148
2025-10-06 10:47:29,716 - INFO - Motif batch_loss_dict=0.002353, Triad loss=0.028870, Edge loss=0.141940
2025-10-06 10:47:30,925 - INFO - Epoch 27: epoch=27, loss=0.1607, edge_loss=0.1310, motif_loss=0.0025, triad_loss=0.0272, alpha=0.0200, beta=0.0200, train_time=13.5602, epoch_time=13.5602, lr=0.0010, cache_hits=188434, cache_misses=7566, cache_hit_rate=0.9614, cache_cache_size=7566
2025-10-06 10:47:31,560 - INFO - Motif batch_loss_dict=0.002126, Triad loss=0.031725, Edge loss=0.116148
2025-10-06 10:47:33,471 - INFO - Motif batch_loss_dict=0.002304, Triad loss=0.028872, Edge loss=0.155199
2025-10-06 10:47:35,517 - INFO - Motif batch_loss_dict=0.002719, Triad loss=0.026439, Edge loss=0.148126
2025-10-06 10:47:37,463 - INFO - Motif batch_loss_dict=0.002844, Triad loss=0.024847, Edge loss=0.148497
2025-10-06 10:47:39,503 - INFO - Motif batch_loss_dict=0.002095, Triad loss=0.029309, Edge loss=0.108264
2025-10-06 10:47:41,346 - INFO - Motif batch_loss_dict=0.001994, Triad loss=0.034688, Edge loss=0.138477
2025-10-06 10:47:43,268 - INFO - Motif batch_loss_dict=0.002236, Triad loss=0.033072, Edge loss=0.087684
2025-10-06 10:47:44,455 - INFO - Epoch 28: epoch=28, loss=0.1611, edge_loss=0.1289, motif_loss=0.0023, triad_loss=0.0299, alpha=0.0200, beta=0.0200, train_time=13.5305, epoch_time=13.5305, lr=0.0010, cache_hits=195434, cache_misses=7566, cache_hit_rate=0.9627, cache_cache_size=7566
2025-10-06 10:47:45,174 - INFO - Motif batch_loss_dict=0.002740, Triad loss=0.023624, Edge loss=0.119434
2025-10-06 10:47:47,100 - INFO - Motif batch_loss_dict=0.002463, Triad loss=0.025284, Edge loss=0.130146
2025-10-06 10:47:49,002 - INFO - Motif batch_loss_dict=0.002311, Triad loss=0.029858, Edge loss=0.121926
2025-10-06 10:47:50,976 - INFO - Motif batch_loss_dict=0.002206, Triad loss=0.030339, Edge loss=0.141025
2025-10-06 10:47:53,027 - INFO - Motif batch_loss_dict=0.002367, Triad loss=0.026831, Edge loss=0.121409
2025-10-06 10:47:54,988 - INFO - Motif batch_loss_dict=0.002389, Triad loss=0.024214, Edge loss=0.171343
2025-10-06 10:47:56,986 - INFO - Motif batch_loss_dict=0.002738, Triad loss=0.027116, Edge loss=0.113809
2025-10-06 10:47:58,574 - INFO - Epoch 29: epoch=29, loss=0.1605, edge_loss=0.1313, motif_loss=0.0025, triad_loss=0.0268, alpha=0.0200, beta=0.0200, train_time=14.1190, epoch_time=14.1190, lr=0.0010, cache_hits=202434, cache_misses=7566, cache_hit_rate=0.9640, cache_cache_size=7566
2025-10-06 10:47:59,909 - INFO - motif_energy_pos=0.066425, motif_energy_neg=0.636258
2025-10-06 10:47:59,936 - INFO - dot_pos_mu=5.645±3.791, dot_neg_mu=-0.841±2.343
2025-10-06 10:48:01,175 - INFO - Epoch 30: epoch=30, accuracy=0.8807, f1_micro=0.9338, f1_macro=0.6673, f1_weighted=0.8807, auc=0.8606, eval_time=2.6007
2025-10-06 10:48:01,847 - INFO - Motif batch_loss_dict=0.002765, Triad loss=0.029389, Edge loss=0.114782
2025-10-06 10:48:03,924 - INFO - Motif batch_loss_dict=0.002343, Triad loss=0.030314, Edge loss=0.140798
2025-10-06 10:48:05,831 - INFO - Motif batch_loss_dict=0.002640, Triad loss=0.029782, Edge loss=0.105798
2025-10-06 10:48:07,904 - INFO - Motif batch_loss_dict=0.002661, Triad loss=0.027024, Edge loss=0.137570
2025-10-06 10:48:09,832 - INFO - Motif batch_loss_dict=0.002608, Triad loss=0.024820, Edge loss=0.115865
2025-10-06 10:48:11,737 - INFO - Motif batch_loss_dict=0.002467, Triad loss=0.028519, Edge loss=0.105375
2025-10-06 10:48:13,879 - INFO - Motif batch_loss_dict=0.002459, Triad loss=0.030907, Edge loss=0.153912
2025-10-06 10:48:15,300 - INFO - Epoch 30: epoch=30, loss=0.1561, edge_loss=0.1249, motif_loss=0.0026, triad_loss=0.0287, alpha=0.0200, beta=0.0200, train_time=14.1252, epoch_time=16.7259, lr=0.0010, cache_hits=209434, cache_misses=7566, cache_hit_rate=0.9651, cache_cache_size=7566
2025-10-06 10:48:16,144 - INFO - Motif batch_loss_dict=0.002146, Triad loss=0.029453, Edge loss=0.129734
2025-10-06 10:48:18,131 - INFO - Motif batch_loss_dict=0.002782, Triad loss=0.026704, Edge loss=0.117454
2025-10-06 10:48:20,066 - INFO - Motif batch_loss_dict=0.002952, Triad loss=0.024872, Edge loss=0.108673
2025-10-06 10:48:22,086 - INFO - Motif batch_loss_dict=0.002591, Triad loss=0.028475, Edge loss=0.123909
2025-10-06 10:48:23,971 - INFO - Motif batch_loss_dict=0.002217, Triad loss=0.030982, Edge loss=0.137559
2025-10-06 10:48:26,142 - INFO - Motif batch_loss_dict=0.002225, Triad loss=0.031053, Edge loss=0.122997
2025-10-06 10:48:28,082 - INFO - Motif batch_loss_dict=0.002625, Triad loss=0.026541, Edge loss=0.138157
2025-10-06 10:48:29,345 - INFO - Epoch 31: epoch=31, loss=0.1563, edge_loss=0.1255, motif_loss=0.0025, triad_loss=0.0283, alpha=0.0200, beta=0.0200, train_time=14.0450, epoch_time=14.0450, lr=0.0010, cache_hits=216434, cache_misses=7566, cache_hit_rate=0.9662, cache_cache_size=7566
2025-10-06 10:48:29,345 - INFO - ================================================================================
2025-10-06 10:48:29,346 - INFO - Training completed!
2025-10-06 10:48:29,346 - INFO - Best AUC: 0.8648 at epoch 15
2025-10-06 10:48:29,346 - INFO - Total training time: 470.52s
2025-10-06 10:48:29,346 - INFO - Cache statistics: {'hits': 216434, 'misses': 7566, 'hit_rate': 0.9662232142857143, 'cache_size': 7566}
2025-10-06 10:48:30,944 - INFO - Metrics plot saved to ./logs/sdgnn-attention\metrics.png
2025-10-06 10:48:30,944 - INFO - ================================================================================
