2025-10-02 11:12:07,206 - INFO - ================================================================================
2025-10-02 11:12:07,206 - INFO - SDGNN with Motif-based Higher-order Learning (Enhanced)
2025-10-02 11:12:07,206 - INFO - ================================================================================
2025-10-02 11:12:07,206 - INFO - NUM_NODE: 3783
2025-10-02 11:12:07,206 - INFO - WEIGHT_DECAY: 0.001
2025-10-02 11:12:07,206 - INFO - NODE_FEAT_SIZE: 20
2025-10-02 11:12:07,206 - INFO - EMBEDDING_SIZE: 20
2025-10-02 11:12:07,206 - INFO - LEARNING_RATE: 0.001
2025-10-02 11:12:07,206 - INFO - BATCH_SIZE: 500
2025-10-02 11:12:07,206 - INFO - EPOCHS: 50
2025-10-02 11:12:07,206 - INFO - DROPOUT: 0.0
2025-10-02 11:12:07,206 - INFO - AGGREGATOR: attention
2025-10-02 11:12:07,206 - INFO - ALPHA: 0.01
2025-10-02 11:12:07,206 - INFO - BETA: 0.01
2025-10-02 11:12:07,206 - INFO - DEVICE: cpu
2025-10-02 11:12:07,206 - INFO - ================================================================================
2025-10-02 11:12:07,206 - INFO - Starting training for dataset: bitcoin_alpha, fold: 1
2025-10-02 11:12:07,206 - INFO - Configuration: {'devices': 'cpu', 'seed': 13, 'epochs': 50, 'lr': 0.001, 'weight_decay': 0.001, 'dataset': 'bitcoin_alpha', 'dim': 20, 'fea_dim': 20, 'batch_size': 500, 'dropout': 0.0, 'k': '1', 'agg': 'attention', 'alpha': 0.01, 'beta': 0.01, 'max_pos_per_u': 50, 'max_neg_per_u': 50, 'eval_every': 5, 'patience': 15, 'warmup_epochs': 5, 'use_cache': True, 'lr_schedule': True, 'grad_clip': 5.0, 'triad_samples': 1000, 'triad_prob': 0.8, 'motif_scale': 1.0, 'motif_loss_type': 'logistic'}
2025-10-02 11:12:07,239 - INFO - Data loaded in 0.03s
2025-10-02 11:12:07,239 - INFO - Building motif structures...
2025-10-02 11:12:07,669 - INFO - Sampled 101500 triads
2025-10-02 11:12:08,906 - INFO - [motif:out_in_pos] nnz=9179, mean=0.973225
2025-10-02 11:12:08,906 - INFO - [motif:out_in_neg] nnz=846, mean=0.986251
2025-10-02 11:12:08,906 - INFO - [motif:out_in_pos] shape=(3786, 3786), nnz=9179, density=0.000640, range=(1.408427829757165e-07, 11.439601133494048)
2025-10-02 11:12:08,906 - INFO - [motif:out_in_neg] shape=(3786, 3786), nnz=846, density=0.000059, range=(8.331116810581753e-07, 6.417015232377665)
2025-10-02 11:12:08,906 - INFO - [motif:co_out] shape=(3786, 3786), nnz=0, density=0.000000, range=(0.0, 0.0)
2025-10-02 11:12:08,906 - INFO - [motif:co_in] shape=(3786, 3786), nnz=0, density=0.000000, range=(0.0, 0.0)
2025-10-02 11:12:08,906 - INFO - Triads indexed for 3154 unique nodes
2025-10-02 11:12:08,906 - INFO - Motif structures built in 1.67s
2025-10-02 11:12:09,868 - INFO - Total initialization time: 2.66s
2025-10-02 11:12:09,868 - INFO - Starting training...
2025-10-02 11:12:10,125 - INFO - motif_energy_pos=0.011711, motif_energy_neg=4.453933
2025-10-02 11:12:10,143 - INFO - dot_pos_mu=4.445±0.167, dot_neg_mu=4.440±0.169
2025-10-02 11:12:13,621 - INFO - Epoch 0: epoch=0, accuracy=0.5909, f1_micro=0.7314, f1_macro=0.4368, f1_weighted=0.5909, auc=0.6017, eval_time=3.7527
2025-10-02 11:12:17,240 - INFO - Epoch 0: epoch=0, loss=0.3580, edge_loss=0.3580, motif_loss=0.0000, triad_loss=0.0000, alpha=0.0000, beta=0.0000, train_time=3.6103, epoch_time=7.3715, lr=0.0010, cache_hits=0, cache_misses=7000, cache_hit_rate=0.0000, cache_cache_size=7000
2025-10-02 11:12:23,636 - INFO - Epoch 1: epoch=1, loss=0.3253, edge_loss=0.3217, motif_loss=0.0002, triad_loss=0.0034, alpha=0.0010, beta=0.0010, train_time=6.3818, epoch_time=6.3818, lr=0.0010, cache_hits=6476, cache_misses=7524, cache_hit_rate=0.4626, cache_cache_size=7524
2025-10-02 11:12:29,994 - INFO - Epoch 2: epoch=2, loss=0.3096, edge_loss=0.3021, motif_loss=0.0008, triad_loss=0.0067, alpha=0.0035, beta=0.0035, train_time=6.3571, epoch_time=6.3571, lr=0.0010, cache_hits=13434, cache_misses=7566, cache_hit_rate=0.6397, cache_cache_size=7566
2025-10-02 11:12:36,018 - INFO - Epoch 3: epoch=3, loss=0.3024, edge_loss=0.2841, motif_loss=0.0014, triad_loss=0.0169, alpha=0.0065, beta=0.0065, train_time=6.0231, epoch_time=6.0231, lr=0.0010, cache_hits=20434, cache_misses=7566, cache_hit_rate=0.7298, cache_cache_size=7566
2025-10-02 11:12:41,982 - INFO - Epoch 4: epoch=4, loss=0.2872, edge_loss=0.2667, motif_loss=0.0018, triad_loss=0.0187, alpha=0.0090, beta=0.0090, train_time=5.9643, epoch_time=5.9643, lr=0.0010, cache_hits=27434, cache_misses=7566, cache_hit_rate=0.7838, cache_cache_size=7566
2025-10-02 11:12:42,230 - INFO - motif_energy_pos=0.105170, motif_energy_neg=1.567064
2025-10-02 11:12:42,262 - INFO - dot_pos_mu=2.442±0.659, dot_neg_mu=1.361±0.359
2025-10-02 11:12:45,173 - INFO - Epoch 5: epoch=5, accuracy=0.8427, f1_micro=0.9108, f1_macro=0.6242, f1_weighted=0.8427, auc=0.8612, eval_time=3.1909
2025-10-02 11:12:51,199 - INFO - Epoch 5: epoch=5, loss=0.2632, edge_loss=0.2359, motif_loss=0.0018, triad_loss=0.0255, alpha=0.0100, beta=0.0100, train_time=6.0260, epoch_time=9.2168, lr=0.0010, cache_hits=34434, cache_misses=7566, cache_hit_rate=0.8199, cache_cache_size=7566
2025-10-02 11:12:57,287 - INFO - Epoch 6: epoch=6, loss=0.2415, edge_loss=0.2120, motif_loss=0.0016, triad_loss=0.0279, alpha=0.0100, beta=0.0100, train_time=6.0878, epoch_time=6.0878, lr=0.0010, cache_hits=41434, cache_misses=7566, cache_hit_rate=0.8456, cache_cache_size=7566
2025-10-02 11:13:03,360 - INFO - Epoch 7: epoch=7, loss=0.2228, edge_loss=0.1883, motif_loss=0.0014, triad_loss=0.0331, alpha=0.0100, beta=0.0100, train_time=6.0733, epoch_time=6.0733, lr=0.0010, cache_hits=48434, cache_misses=7566, cache_hit_rate=0.8649, cache_cache_size=7566
2025-10-02 11:13:09,588 - INFO - Epoch 8: epoch=8, loss=0.2064, edge_loss=0.1717, motif_loss=0.0012, triad_loss=0.0335, alpha=0.0100, beta=0.0100, train_time=6.2282, epoch_time=6.2282, lr=0.0010, cache_hits=55434, cache_misses=7566, cache_hit_rate=0.8799, cache_cache_size=7566
2025-10-02 11:13:15,725 - INFO - Epoch 9: epoch=9, loss=0.2045, edge_loss=0.1717, motif_loss=0.0012, triad_loss=0.0316, alpha=0.0100, beta=0.0100, train_time=6.1369, epoch_time=6.1369, lr=0.0010, cache_hits=62434, cache_misses=7566, cache_hit_rate=0.8919, cache_cache_size=7566
2025-10-02 11:13:16,009 - INFO - motif_energy_pos=0.094786, motif_energy_neg=0.869256
2025-10-02 11:13:16,024 - INFO - dot_pos_mu=3.474±1.627, dot_neg_mu=0.143±1.225
2025-10-02 11:13:18,989 - INFO - Epoch 10: epoch=10, accuracy=0.8731, f1_micro=0.9292, f1_macro=0.6588, f1_weighted=0.8731, auc=0.8678, eval_time=3.2643
2025-10-02 11:13:25,214 - INFO - Epoch 10: epoch=10, loss=0.1972, edge_loss=0.1649, motif_loss=0.0011, triad_loss=0.0312, alpha=0.0100, beta=0.0100, train_time=6.2098, epoch_time=9.4892, lr=0.0010, cache_hits=69434, cache_misses=7566, cache_hit_rate=0.9017, cache_cache_size=7566
2025-10-02 11:13:31,403 - INFO - Epoch 11: epoch=11, loss=0.1887, edge_loss=0.1570, motif_loss=0.0011, triad_loss=0.0306, alpha=0.0100, beta=0.0100, train_time=6.1885, epoch_time=6.1885, lr=0.0010, cache_hits=76434, cache_misses=7566, cache_hit_rate=0.9099, cache_cache_size=7566
2025-10-02 11:13:37,629 - INFO - Epoch 12: epoch=12, loss=0.1893, edge_loss=0.1568, motif_loss=0.0011, triad_loss=0.0314, alpha=0.0100, beta=0.0100, train_time=6.2264, epoch_time=6.2264, lr=0.0010, cache_hits=83434, cache_misses=7566, cache_hit_rate=0.9169, cache_cache_size=7566
2025-10-02 11:13:44,012 - INFO - Epoch 13: epoch=13, loss=0.1884, edge_loss=0.1560, motif_loss=0.0010, triad_loss=0.0314, alpha=0.0100, beta=0.0100, train_time=6.3827, epoch_time=6.3827, lr=0.0010, cache_hits=90434, cache_misses=7566, cache_hit_rate=0.9228, cache_cache_size=7566
2025-10-02 11:13:50,223 - INFO - Epoch 14: epoch=14, loss=0.1895, edge_loss=0.1563, motif_loss=0.0010, triad_loss=0.0322, alpha=0.0100, beta=0.0100, train_time=6.2099, epoch_time=6.2099, lr=0.0010, cache_hits=97434, cache_misses=7566, cache_hit_rate=0.9279, cache_cache_size=7566
2025-10-02 11:13:50,521 - INFO - motif_energy_pos=0.097686, motif_energy_neg=0.790633
2025-10-02 11:13:50,541 - INFO - dot_pos_mu=3.450±1.677, dot_neg_mu=-0.119±1.389
2025-10-02 11:13:53,562 - INFO - Epoch 15: epoch=15, accuracy=0.8822, f1_micro=0.9346, f1_macro=0.6722, f1_weighted=0.8822, auc=0.8736, eval_time=3.3395
2025-10-02 11:14:00,291 - INFO - Epoch 15: epoch=15, loss=0.1878, edge_loss=0.1561, motif_loss=0.0010, triad_loss=0.0307, alpha=0.0100, beta=0.0100, train_time=6.7149, epoch_time=10.0688, lr=0.0010, cache_hits=104434, cache_misses=7566, cache_hit_rate=0.9324, cache_cache_size=7566
2025-10-02 11:14:06,774 - INFO - Epoch 16: epoch=16, loss=0.1861, edge_loss=0.1533, motif_loss=0.0010, triad_loss=0.0318, alpha=0.0100, beta=0.0100, train_time=6.4830, epoch_time=6.4830, lr=0.0010, cache_hits=111434, cache_misses=7566, cache_hit_rate=0.9364, cache_cache_size=7566
2025-10-02 11:14:13,857 - INFO - Epoch 17: epoch=17, loss=0.1879, edge_loss=0.1562, motif_loss=0.0010, triad_loss=0.0307, alpha=0.0100, beta=0.0100, train_time=7.0816, epoch_time=7.0816, lr=0.0010, cache_hits=118434, cache_misses=7566, cache_hit_rate=0.9400, cache_cache_size=7566
2025-10-02 11:14:20,424 - INFO - Epoch 18: epoch=18, loss=0.1858, edge_loss=0.1527, motif_loss=0.0010, triad_loss=0.0321, alpha=0.0100, beta=0.0100, train_time=6.5673, epoch_time=6.5673, lr=0.0010, cache_hits=125434, cache_misses=7566, cache_hit_rate=0.9431, cache_cache_size=7566
2025-10-02 11:14:26,855 - INFO - Epoch 19: epoch=19, loss=0.1828, edge_loss=0.1507, motif_loss=0.0010, triad_loss=0.0311, alpha=0.0100, beta=0.0100, train_time=6.4307, epoch_time=6.4307, lr=0.0010, cache_hits=132434, cache_misses=7566, cache_hit_rate=0.9460, cache_cache_size=7566
2025-10-02 11:14:27,128 - INFO - motif_energy_pos=0.081828, motif_energy_neg=0.818660
2025-10-02 11:14:27,148 - INFO - dot_pos_mu=3.816±1.880, dot_neg_mu=-0.169±1.586
2025-10-02 11:14:30,159 - INFO - Epoch 20: epoch=20, accuracy=0.8803, f1_micro=0.9334, f1_macro=0.6734, f1_weighted=0.8803, auc=0.8723, eval_time=3.3046
2025-10-02 11:14:36,354 - INFO - Epoch 20: epoch=20, loss=0.1842, edge_loss=0.1512, motif_loss=0.0010, triad_loss=0.0320, alpha=0.0100, beta=0.0100, train_time=6.1948, epoch_time=9.4994, lr=0.0010, cache_hits=139434, cache_misses=7566, cache_hit_rate=0.9485, cache_cache_size=7566
2025-10-02 11:14:42,644 - INFO - Epoch 21: epoch=21, loss=0.1831, edge_loss=0.1497, motif_loss=0.0010, triad_loss=0.0324, alpha=0.0100, beta=0.0100, train_time=6.2893, epoch_time=6.2893, lr=0.0010, cache_hits=146434, cache_misses=7566, cache_hit_rate=0.9509, cache_cache_size=7566
2025-10-02 11:14:48,972 - INFO - Epoch 22: epoch=22, loss=0.1821, edge_loss=0.1498, motif_loss=0.0010, triad_loss=0.0313, alpha=0.0100, beta=0.0100, train_time=6.3286, epoch_time=6.3286, lr=0.0010, cache_hits=153434, cache_misses=7566, cache_hit_rate=0.9530, cache_cache_size=7566
2025-10-02 11:14:55,219 - INFO - Epoch 23: epoch=23, loss=0.1803, edge_loss=0.1472, motif_loss=0.0010, triad_loss=0.0321, alpha=0.0100, beta=0.0100, train_time=6.2450, epoch_time=6.2450, lr=0.0010, cache_hits=160434, cache_misses=7566, cache_hit_rate=0.9550, cache_cache_size=7566
2025-10-02 11:15:01,554 - INFO - Epoch 24: epoch=24, loss=0.1803, edge_loss=0.1466, motif_loss=0.0009, triad_loss=0.0328, alpha=0.0100, beta=0.0100, train_time=6.3351, epoch_time=6.3351, lr=0.0010, cache_hits=167434, cache_misses=7566, cache_hit_rate=0.9568, cache_cache_size=7566
2025-10-02 11:15:01,788 - INFO - motif_energy_pos=0.113636, motif_energy_neg=0.658052
2025-10-02 11:15:01,810 - INFO - dot_pos_mu=3.311±1.836, dot_neg_mu=-0.591±1.676
2025-10-02 11:15:04,946 - INFO - Epoch 25: epoch=25, accuracy=0.8780, f1_micro=0.9321, f1_macro=0.6675, f1_weighted=0.8780, auc=0.8705, eval_time=3.3906
2025-10-02 11:15:11,360 - INFO - Epoch 25: epoch=25, loss=0.1768, edge_loss=0.1430, motif_loss=0.0009, triad_loss=0.0329, alpha=0.0100, beta=0.0100, train_time=6.4135, epoch_time=9.8042, lr=0.0010, cache_hits=174434, cache_misses=7566, cache_hit_rate=0.9584, cache_cache_size=7566
2025-10-02 11:15:17,785 - INFO - Epoch 26: epoch=26, loss=0.1729, edge_loss=0.1395, motif_loss=0.0009, triad_loss=0.0326, alpha=0.0100, beta=0.0100, train_time=6.4253, epoch_time=6.4253, lr=0.0010, cache_hits=181434, cache_misses=7566, cache_hit_rate=0.9600, cache_cache_size=7566
2025-10-02 11:15:23,302 - WARNING - Training interrupted by user
