2025-10-01 22:14:45,055 - INFO - ================================================================================
2025-10-01 22:14:45,055 - INFO - SDGNN with Motif-based Higher-order Learning (Enhanced)
2025-10-01 22:14:45,055 - INFO - ================================================================================
2025-10-01 22:14:45,055 - INFO - NUM_NODE: 3783
2025-10-01 22:14:45,055 - INFO - WEIGHT_DECAY: 0.001
2025-10-01 22:14:45,055 - INFO - NODE_FEAT_SIZE: 20
2025-10-01 22:14:45,055 - INFO - EMBEDDING_SIZE: 20
2025-10-01 22:14:45,055 - INFO - LEARNING_RATE: 0.001
2025-10-01 22:14:45,055 - INFO - BATCH_SIZE: 500
2025-10-01 22:14:45,055 - INFO - EPOCHS: 1
2025-10-01 22:14:45,055 - INFO - DROPOUT: 0.0
2025-10-01 22:14:45,055 - INFO - AGGREGATOR: attention
2025-10-01 22:14:45,055 - INFO - ALPHA: 1.0
2025-10-01 22:14:45,055 - INFO - BETA: 1.0
2025-10-01 22:14:45,055 - INFO - DEVICE: cpu
2025-10-01 22:14:45,055 - INFO - ================================================================================
2025-10-01 22:14:45,055 - INFO - Starting training for dataset: bitcoin_alpha, fold: 1
2025-10-01 22:14:45,055 - INFO - Configuration: {'devices': 'cpu', 'seed': 13, 'epochs': 1, 'lr': 0.001, 'weight_decay': 0.001, 'dataset': 'bitcoin_alpha', 'dim': 20, 'fea_dim': 20, 'batch_size': 500, 'dropout': 0.0, 'k': '1', 'agg': 'attention', 'alpha': 1.0, 'beta': 1.0, 'max_pos_per_u': 50, 'max_neg_per_u': 50, 'eval_every': 5, 'patience': 15, 'warmup_epochs': 10, 'use_cache': True, 'lr_schedule': True, 'grad_clip': 5.0, 'triad_samples': 500, 'triad_prob': 0.01, 'motif_scale': 1.0, 'motif_loss_type': 'l2'}
2025-10-01 22:14:45,084 - INFO - Data loaded in 0.03s
2025-10-01 22:14:45,084 - INFO - Building motif structures...
2025-10-01 22:14:45,180 - INFO - Sampled 391 triads
2025-10-01 22:14:45,184 - ERROR - Training failed with error: build_signed_directional_motif_matrices() takes 2 positional arguments but 3 were given
2025-10-01 22:14:45,184 - ERROR - Traceback (most recent call last):
  File "C:\Users\Makan\Documents\code\SDMAE\sdgnn.py", line 1220, in main
    run(dataset=dataset, k=K)
  File "C:\Users\Makan\Documents\code\SDMAE\sdgnn.py", line 904, in run
    motif_dict = build_signed_directional_motif_matrices(G, triads, num_nodes)
                 ^^^^^^^^^^^^^^^^^^^^^^^^^^^^^^^^^^^^^^^^^^^^^^^^^^^^^^^^^^^^^
TypeError: build_signed_directional_motif_matrices() takes 2 positional arguments but 3 were given

