2025-10-01 20:59:51,093 - INFO - ================================================================================
2025-10-01 20:59:51,093 - INFO - SDGNN with Motif-based Higher-order Learning (Enhanced)
2025-10-01 20:59:51,093 - INFO - ================================================================================
2025-10-01 20:59:51,093 - INFO - NUM_NODE: 3783
2025-10-01 20:59:51,093 - INFO - WEIGHT_DECAY: 0.001
2025-10-01 20:59:51,094 - INFO - NODE_FEAT_SIZE: 20
2025-10-01 20:59:51,094 - INFO - EMBEDDING_SIZE: 20
2025-10-01 20:59:51,094 - INFO - LEARNING_RATE: 0.001
2025-10-01 20:59:51,094 - INFO - BATCH_SIZE: 500
2025-10-01 20:59:51,094 - INFO - EPOCHS: 100
2025-10-01 20:59:51,094 - INFO - DROPOUT: 0.0
2025-10-01 20:59:51,094 - INFO - AGGREGATOR: attention
2025-10-01 20:59:51,094 - INFO - ALPHA: 1.0
2025-10-01 20:59:51,094 - INFO - BETA: 1.0
2025-10-01 20:59:51,094 - INFO - DEVICE: cpu
2025-10-01 20:59:51,094 - INFO - ================================================================================
2025-10-01 20:59:51,095 - INFO - Starting training for dataset: bitcoin_alpha, fold: 1
2025-10-01 20:59:51,095 - INFO - Configuration: {'devices': 'cpu', 'seed': 13, 'epochs': 100, 'lr': 0.001, 'weight_decay': 0.001, 'dataset': 'bitcoin_alpha', 'dim': 20, 'fea_dim': 20, 'batch_size': 500, 'dropout': 0.0, 'k': '1', 'agg': 'attention', 'alpha': 1.0, 'beta': 1.0, 'max_pos_per_u': 50, 'max_neg_per_u': 50, 'eval_every': 5, 'patience': 15, 'warmup_epochs': 10, 'use_cache': True, 'lr_schedule': True, 'grad_clip': 5.0, 'triad_samples': 500, 'triad_prob': 0.01, 'motif_scale': 1.0, 'motif_loss_type': 'l2'}
2025-10-01 20:59:51,122 - INFO - Data loaded in 0.03s
2025-10-01 20:59:51,123 - INFO - Building motif structures...
2025-10-01 20:59:51,214 - INFO - Sampled 391 triads
2025-10-01 20:59:51,237 - INFO - [motif:out_in_pos] nnz=299, mean=0.824553
2025-10-01 20:59:51,240 - INFO - [motif:out_in_neg] nnz=19, mean=0.972449
2025-10-01 20:59:51,240 - INFO - [motif:out_in_pos] shape=(3786, 3786), nnz=299, density=0.000021, range=(6.034305623303032e-06, 4.732075594628242)
2025-10-01 20:59:51,240 - INFO - [motif:out_in_neg] shape=(3786, 3786), nnz=19, density=0.000001, range=(0.0016422439485129388, 4.390995685424677)
2025-10-01 20:59:51,240 - INFO - [motif:co_out] shape=(3786, 3786), nnz=0, density=0.000000, range=(0.0, 0.0)
2025-10-01 20:59:51,240 - INFO - [motif:co_in] shape=(3786, 3786), nnz=0, density=0.000000, range=(0.0, 0.0)
2025-10-01 20:59:51,240 - INFO - Triads indexed for 2 unique nodes
2025-10-01 20:59:51,240 - INFO - Motif structures built in 0.12s
2025-10-01 20:59:52,299 - INFO - Total initialization time: 1.20s
2025-10-01 20:59:52,299 - INFO - Starting training...
2025-10-01 20:59:52,589 - INFO - motif_energy_pos=0.011487, motif_energy_neg=4.529628
2025-10-01 20:59:52,615 - INFO - dot_pos_mu=4.445±0.167, dot_neg_mu=4.440±0.169
2025-10-01 20:59:56,026 - INFO - Epoch 0: epoch=0, accuracy=0.5909, f1_micro=0.7314, f1_macro=0.4368, f1_weighted=0.5909, auc=0.6017, eval_time=3.7264
2025-10-01 20:59:59,298 - INFO - Epoch 0: epoch=0, loss=0.3580, edge_loss=0.3580, motif_loss=0.0000, triad_loss=0.0000, alpha=0.0000, beta=0.0000, train_time=3.2681, epoch_time=6.9985, lr=0.0010, cache_hits=0, cache_misses=7000, cache_hit_rate=0.0000, cache_cache_size=7000
2025-10-01 21:00:02,674 - INFO - Epoch 1: epoch=1, loss=0.3499, edge_loss=0.3177, motif_loss=0.0322, triad_loss=0.0000, alpha=0.0245, beta=0.0245, train_time=3.3759, epoch_time=3.3759, lr=0.0010, cache_hits=6476, cache_misses=7524, cache_hit_rate=0.4626, cache_cache_size=7524
2025-10-01 21:00:05,908 - INFO - Epoch 2: epoch=2, loss=0.3883, edge_loss=0.3069, motif_loss=0.0814, triad_loss=0.0000, alpha=0.0955, beta=0.0955, train_time=3.2341, epoch_time=3.2341, lr=0.0010, cache_hits=13434, cache_misses=7566, cache_hit_rate=0.6397, cache_cache_size=7566
2025-10-01 21:00:09,259 - INFO - Epoch 3: epoch=3, loss=0.4354, edge_loss=0.2854, motif_loss=0.1500, triad_loss=0.0000, alpha=0.2061, beta=0.2061, train_time=3.3516, epoch_time=3.3516, lr=0.0010, cache_hits=20434, cache_misses=7566, cache_hit_rate=0.7298, cache_cache_size=7566
2025-10-01 21:00:12,533 - INFO - Epoch 4: epoch=4, loss=0.4785, edge_loss=0.2649, motif_loss=0.2137, triad_loss=0.0000, alpha=0.3455, beta=0.3455, train_time=3.2737, epoch_time=3.2737, lr=0.0010, cache_hits=27434, cache_misses=7566, cache_hit_rate=0.7838, cache_cache_size=7566
2025-10-01 21:00:12,769 - INFO - motif_energy_pos=0.141210, motif_energy_neg=0.952675
2025-10-01 21:00:12,802 - INFO - dot_pos_mu=2.602±0.874, dot_neg_mu=1.170±0.526
2025-10-01 21:00:15,738 - INFO - Epoch 5: epoch=5, accuracy=0.8406, f1_micro=0.9093, f1_macro=0.6271, f1_weighted=0.8406, auc=0.8653, eval_time=3.2047
2025-10-01 21:00:19,112 - INFO - Epoch 5: epoch=5, loss=0.4553, edge_loss=0.2187, motif_loss=0.2367, triad_loss=0.0000, alpha=0.5000, beta=0.5000, train_time=3.3740, epoch_time=6.5788, lr=0.0010, cache_hits=34434, cache_misses=7566, cache_hit_rate=0.8199, cache_cache_size=7566
2025-10-01 21:00:22,370 - INFO - Epoch 6: epoch=6, loss=0.4381, edge_loss=0.1999, motif_loss=0.2382, triad_loss=0.0000, alpha=0.6545, beta=0.6545, train_time=3.2576, epoch_time=3.2576, lr=0.0010, cache_hits=41434, cache_misses=7566, cache_hit_rate=0.8456, cache_cache_size=7566
2025-10-01 21:00:25,785 - INFO - Epoch 7: epoch=7, loss=0.3777, edge_loss=0.1808, motif_loss=0.1969, triad_loss=0.0000, alpha=0.7939, beta=0.7939, train_time=3.4147, epoch_time=3.4147, lr=0.0010, cache_hits=48434, cache_misses=7566, cache_hit_rate=0.8649, cache_cache_size=7566
2025-10-01 21:00:29,129 - INFO - Epoch 8: epoch=8, loss=0.2812, edge_loss=0.1787, motif_loss=0.1025, triad_loss=0.0000, alpha=0.9045, beta=0.9045, train_time=3.3438, epoch_time=3.3438, lr=0.0010, cache_hits=55434, cache_misses=7566, cache_hit_rate=0.8799, cache_cache_size=7566
2025-10-01 21:00:32,590 - INFO - Epoch 9: epoch=9, loss=0.2267, edge_loss=0.1938, motif_loss=0.0329, triad_loss=0.0000, alpha=0.9755, beta=0.9755, train_time=3.4609, epoch_time=3.4609, lr=0.0010, cache_hits=62434, cache_misses=7566, cache_hit_rate=0.8919, cache_cache_size=7566
2025-10-01 21:00:32,878 - INFO - motif_energy_pos=0.046189, motif_energy_neg=0.293566
2025-10-01 21:00:32,904 - INFO - dot_pos_mu=6.106±4.029, dot_neg_mu=-0.581±2.698
2025-10-01 21:00:35,940 - INFO - Epoch 10: epoch=10, accuracy=0.8634, f1_micro=0.9232, f1_macro=0.6513, f1_weighted=0.8634, auc=0.8743, eval_time=3.3503
2025-10-01 21:00:39,737 - INFO - Epoch 10: epoch=10, loss=0.1861, edge_loss=0.1813, motif_loss=0.0048, triad_loss=0.0000, alpha=1.0000, beta=1.0000, train_time=3.7806, epoch_time=7.1467, lr=0.0010, cache_hits=69434, cache_misses=7566, cache_hit_rate=0.9017, cache_cache_size=7566
2025-10-01 21:00:43,208 - INFO - Epoch 11: epoch=11, loss=0.1711, edge_loss=0.1650, motif_loss=0.0060, triad_loss=0.0000, alpha=1.0000, beta=1.0000, train_time=3.4706, epoch_time=3.4706, lr=0.0010, cache_hits=76434, cache_misses=7566, cache_hit_rate=0.9099, cache_cache_size=7566
2025-10-01 21:00:46,497 - INFO - Epoch 12: epoch=12, loss=0.1668, edge_loss=0.1625, motif_loss=0.0043, triad_loss=0.0000, alpha=1.0000, beta=1.0000, train_time=3.2887, epoch_time=3.2887, lr=0.0010, cache_hits=83434, cache_misses=7566, cache_hit_rate=0.9169, cache_cache_size=7566
2025-10-01 21:00:49,830 - INFO - Epoch 13: epoch=13, loss=0.1612, edge_loss=0.1551, motif_loss=0.0061, triad_loss=0.0000, alpha=1.0000, beta=1.0000, train_time=3.3338, epoch_time=3.3338, lr=0.0010, cache_hits=90434, cache_misses=7566, cache_hit_rate=0.9228, cache_cache_size=7566
2025-10-01 21:00:53,150 - INFO - Epoch 14: epoch=14, loss=0.1561, edge_loss=0.1512, motif_loss=0.0050, triad_loss=0.0000, alpha=1.0000, beta=1.0000, train_time=3.3199, epoch_time=3.3199, lr=0.0010, cache_hits=97434, cache_misses=7566, cache_hit_rate=0.9279, cache_cache_size=7566
2025-10-01 21:00:53,415 - INFO - motif_energy_pos=0.023647, motif_energy_neg=0.301258
2025-10-01 21:00:53,438 - INFO - dot_pos_mu=5.720±3.343, dot_neg_mu=-0.601±2.632
2025-10-01 21:00:56,457 - INFO - Epoch 15: epoch=15, accuracy=0.8673, f1_micro=0.9258, f1_macro=0.6482, f1_weighted=0.8673, auc=0.8697, eval_time=3.3054
2025-10-01 21:00:58,975 - WARNING - Training interrupted by user
